[2022-09-24T20:04:57.466+0300] {processor.py:156} INFO - Started process (PID=3622) to work on /home/rex/.local/lib/python3.8/site-packages/airflow/example_dags/plugins/workday.py
[2022-09-24T20:04:57.468+0300] {processor.py:758} INFO - Processing file /home/rex/.local/lib/python3.8/site-packages/airflow/example_dags/plugins/workday.py for tasks to queue
[2022-09-24T20:04:57.469+0300] {logging_mixin.py:117} INFO - [2022-09-24T20:04:57.469+0300] {dagbag.py:525} INFO - Filling up the DagBag from /home/rex/.local/lib/python3.8/site-packages/airflow/example_dags/plugins/workday.py
[2022-09-24T20:04:57.472+0300] {processor.py:770} WARNING - No viable dags retrieved from /home/rex/.local/lib/python3.8/site-packages/airflow/example_dags/plugins/workday.py
[2022-09-24T20:04:57.498+0300] {processor.py:178} INFO - Processing /home/rex/.local/lib/python3.8/site-packages/airflow/example_dags/plugins/workday.py took 0.034 seconds
[2022-09-24T20:05:57.758+0300] {processor.py:156} INFO - Started process (PID=3681) to work on /home/rex/.local/lib/python3.8/site-packages/airflow/example_dags/plugins/workday.py
[2022-09-24T20:05:57.762+0300] {processor.py:758} INFO - Processing file /home/rex/.local/lib/python3.8/site-packages/airflow/example_dags/plugins/workday.py for tasks to queue
[2022-09-24T20:05:57.769+0300] {logging_mixin.py:117} INFO - [2022-09-24T20:05:57.769+0300] {dagbag.py:525} INFO - Filling up the DagBag from /home/rex/.local/lib/python3.8/site-packages/airflow/example_dags/plugins/workday.py
[2022-09-24T20:05:57.774+0300] {processor.py:770} WARNING - No viable dags retrieved from /home/rex/.local/lib/python3.8/site-packages/airflow/example_dags/plugins/workday.py
[2022-09-24T20:05:57.839+0300] {processor.py:178} INFO - Processing /home/rex/.local/lib/python3.8/site-packages/airflow/example_dags/plugins/workday.py took 0.085 seconds
[2022-09-24T21:04:24.830+0300] {processor.py:156} INFO - Started process (PID=4140) to work on /home/rex/.local/lib/python3.8/site-packages/airflow/example_dags/plugins/workday.py
[2022-09-24T21:04:24.848+0300] {processor.py:758} INFO - Processing file /home/rex/.local/lib/python3.8/site-packages/airflow/example_dags/plugins/workday.py for tasks to queue
[2022-09-24T21:04:24.850+0300] {logging_mixin.py:117} INFO - [2022-09-24T21:04:24.850+0300] {dagbag.py:525} INFO - Filling up the DagBag from /home/rex/.local/lib/python3.8/site-packages/airflow/example_dags/plugins/workday.py
[2022-09-24T21:04:24.855+0300] {processor.py:770} WARNING - No viable dags retrieved from /home/rex/.local/lib/python3.8/site-packages/airflow/example_dags/plugins/workday.py
[2022-09-24T21:04:24.889+0300] {processor.py:178} INFO - Processing /home/rex/.local/lib/python3.8/site-packages/airflow/example_dags/plugins/workday.py took 0.064 seconds
[2022-09-24T21:06:12.752+0300] {processor.py:156} INFO - Started process (PID=4214) to work on /home/rex/.local/lib/python3.8/site-packages/airflow/example_dags/plugins/workday.py
[2022-09-24T21:06:12.770+0300] {processor.py:758} INFO - Processing file /home/rex/.local/lib/python3.8/site-packages/airflow/example_dags/plugins/workday.py for tasks to queue
[2022-09-24T21:06:12.771+0300] {logging_mixin.py:117} INFO - [2022-09-24T21:06:12.771+0300] {dagbag.py:525} INFO - Filling up the DagBag from /home/rex/.local/lib/python3.8/site-packages/airflow/example_dags/plugins/workday.py
[2022-09-24T21:06:12.774+0300] {processor.py:770} WARNING - No viable dags retrieved from /home/rex/.local/lib/python3.8/site-packages/airflow/example_dags/plugins/workday.py
[2022-09-24T21:06:12.798+0300] {processor.py:178} INFO - Processing /home/rex/.local/lib/python3.8/site-packages/airflow/example_dags/plugins/workday.py took 0.051 seconds
