[2022-09-24T20:04:28.038+0300] {processor.py:156} INFO - Started process (PID=3586) to work on /home/rex/.local/lib/python3.8/site-packages/airflow/example_dags/example_latest_only.py
[2022-09-24T20:04:28.039+0300] {processor.py:758} INFO - Processing file /home/rex/.local/lib/python3.8/site-packages/airflow/example_dags/example_latest_only.py for tasks to queue
[2022-09-24T20:04:28.041+0300] {logging_mixin.py:117} INFO - [2022-09-24T20:04:28.040+0300] {dagbag.py:525} INFO - Filling up the DagBag from /home/rex/.local/lib/python3.8/site-packages/airflow/example_dags/example_latest_only.py
[2022-09-24T20:04:28.102+0300] {processor.py:768} INFO - DAG(s) dict_keys(['latest_only']) retrieved from /home/rex/.local/lib/python3.8/site-packages/airflow/example_dags/example_latest_only.py
[2022-09-24T20:04:28.152+0300] {logging_mixin.py:117} INFO - [2022-09-24T20:04:28.152+0300] {dag.py:2573} INFO - Sync 1 DAGs
[2022-09-24T20:04:28.185+0300] {logging_mixin.py:117} INFO - [2022-09-24T20:04:28.185+0300] {dag.py:3324} INFO - Setting next_dagrun for latest_only to 2022-09-24T13:04:28.185084+00:00, run_after=2022-09-24T17:04:28.185084+00:00
[2022-09-24T20:04:28.447+0300] {processor.py:178} INFO - Processing /home/rex/.local/lib/python3.8/site-packages/airflow/example_dags/example_latest_only.py took 0.413 seconds
[2022-09-24T20:05:31.417+0300] {processor.py:156} INFO - Started process (PID=3647) to work on /home/rex/.local/lib/python3.8/site-packages/airflow/example_dags/example_latest_only.py
[2022-09-24T20:05:31.418+0300] {processor.py:758} INFO - Processing file /home/rex/.local/lib/python3.8/site-packages/airflow/example_dags/example_latest_only.py for tasks to queue
[2022-09-24T20:05:31.419+0300] {logging_mixin.py:117} INFO - [2022-09-24T20:05:31.419+0300] {dagbag.py:525} INFO - Filling up the DagBag from /home/rex/.local/lib/python3.8/site-packages/airflow/example_dags/example_latest_only.py
[2022-09-24T20:05:31.434+0300] {processor.py:768} INFO - DAG(s) dict_keys(['latest_only']) retrieved from /home/rex/.local/lib/python3.8/site-packages/airflow/example_dags/example_latest_only.py
[2022-09-24T20:05:31.489+0300] {logging_mixin.py:117} INFO - [2022-09-24T20:05:31.489+0300] {dag.py:2573} INFO - Sync 1 DAGs
[2022-09-24T20:05:31.535+0300] {logging_mixin.py:117} INFO - [2022-09-24T20:05:31.535+0300] {dag.py:3324} INFO - Setting next_dagrun for latest_only to 2022-09-24T13:05:31.534652+00:00, run_after=2022-09-24T17:05:31.534652+00:00
[2022-09-24T20:05:31.732+0300] {processor.py:178} INFO - Processing /home/rex/.local/lib/python3.8/site-packages/airflow/example_dags/example_latest_only.py took 0.320 seconds
[2022-09-24T21:03:47.404+0300] {processor.py:156} INFO - Started process (PID=4098) to work on /home/rex/.local/lib/python3.8/site-packages/airflow/example_dags/example_latest_only.py
[2022-09-24T21:03:47.428+0300] {processor.py:758} INFO - Processing file /home/rex/.local/lib/python3.8/site-packages/airflow/example_dags/example_latest_only.py for tasks to queue
[2022-09-24T21:03:47.429+0300] {logging_mixin.py:117} INFO - [2022-09-24T21:03:47.429+0300] {dagbag.py:525} INFO - Filling up the DagBag from /home/rex/.local/lib/python3.8/site-packages/airflow/example_dags/example_latest_only.py
[2022-09-24T21:03:47.468+0300] {processor.py:768} INFO - DAG(s) dict_keys(['latest_only']) retrieved from /home/rex/.local/lib/python3.8/site-packages/airflow/example_dags/example_latest_only.py
[2022-09-24T21:03:47.524+0300] {logging_mixin.py:117} INFO - [2022-09-24T21:03:47.523+0300] {dag.py:2573} INFO - Sync 1 DAGs
[2022-09-24T21:03:47.572+0300] {logging_mixin.py:117} INFO - [2022-09-24T21:03:47.571+0300] {dag.py:3324} INFO - Setting next_dagrun for latest_only to 2022-09-24T14:03:47.571409+00:00, run_after=2022-09-24T18:03:47.571409+00:00
[2022-09-24T21:03:47.895+0300] {processor.py:178} INFO - Processing /home/rex/.local/lib/python3.8/site-packages/airflow/example_dags/example_latest_only.py took 0.496 seconds
[2022-09-24T21:05:24.023+0300] {processor.py:156} INFO - Started process (PID=4182) to work on /home/rex/.local/lib/python3.8/site-packages/airflow/example_dags/example_latest_only.py
[2022-09-24T21:05:24.052+0300] {processor.py:758} INFO - Processing file /home/rex/.local/lib/python3.8/site-packages/airflow/example_dags/example_latest_only.py for tasks to queue
[2022-09-24T21:05:24.053+0300] {logging_mixin.py:117} INFO - [2022-09-24T21:05:24.053+0300] {dagbag.py:525} INFO - Filling up the DagBag from /home/rex/.local/lib/python3.8/site-packages/airflow/example_dags/example_latest_only.py
[2022-09-24T21:05:24.074+0300] {processor.py:768} INFO - DAG(s) dict_keys(['latest_only']) retrieved from /home/rex/.local/lib/python3.8/site-packages/airflow/example_dags/example_latest_only.py
[2022-09-24T21:05:24.130+0300] {logging_mixin.py:117} INFO - [2022-09-24T21:05:24.129+0300] {dag.py:2573} INFO - Sync 1 DAGs
[2022-09-24T21:05:24.165+0300] {logging_mixin.py:117} INFO - [2022-09-24T21:05:24.165+0300] {dag.py:3324} INFO - Setting next_dagrun for latest_only to 2022-09-24T14:05:24.164885+00:00, run_after=2022-09-24T18:05:24.164885+00:00
[2022-09-24T21:05:24.357+0300] {processor.py:178} INFO - Processing /home/rex/.local/lib/python3.8/site-packages/airflow/example_dags/example_latest_only.py took 0.337 seconds
[2022-09-24T21:06:42.961+0300] {processor.py:156} INFO - Started process (PID=4234) to work on /home/rex/.local/lib/python3.8/site-packages/airflow/example_dags/example_latest_only.py
[2022-09-24T21:06:42.962+0300] {processor.py:758} INFO - Processing file /home/rex/.local/lib/python3.8/site-packages/airflow/example_dags/example_latest_only.py for tasks to queue
[2022-09-24T21:06:42.964+0300] {logging_mixin.py:117} INFO - [2022-09-24T21:06:42.964+0300] {dagbag.py:525} INFO - Filling up the DagBag from /home/rex/.local/lib/python3.8/site-packages/airflow/example_dags/example_latest_only.py
[2022-09-24T21:06:42.981+0300] {processor.py:768} INFO - DAG(s) dict_keys(['latest_only']) retrieved from /home/rex/.local/lib/python3.8/site-packages/airflow/example_dags/example_latest_only.py
[2022-09-24T21:06:43.040+0300] {logging_mixin.py:117} INFO - [2022-09-24T21:06:43.040+0300] {dag.py:2573} INFO - Sync 1 DAGs
[2022-09-24T21:06:43.078+0300] {logging_mixin.py:117} INFO - [2022-09-24T21:06:43.078+0300] {dag.py:3324} INFO - Setting next_dagrun for latest_only to 2022-09-24T14:06:43.078019+00:00, run_after=2022-09-24T18:06:43.078019+00:00
[2022-09-24T21:06:43.383+0300] {processor.py:178} INFO - Processing /home/rex/.local/lib/python3.8/site-packages/airflow/example_dags/example_latest_only.py took 0.425 seconds
[2022-09-24T21:27:09.088+0300] {processor.py:156} INFO - Started process (PID=4442) to work on /home/rex/.local/lib/python3.8/site-packages/airflow/example_dags/example_latest_only.py
[2022-09-24T21:27:09.108+0300] {processor.py:758} INFO - Processing file /home/rex/.local/lib/python3.8/site-packages/airflow/example_dags/example_latest_only.py for tasks to queue
[2022-09-24T21:27:09.110+0300] {logging_mixin.py:117} INFO - [2022-09-24T21:27:09.109+0300] {dagbag.py:525} INFO - Filling up the DagBag from /home/rex/.local/lib/python3.8/site-packages/airflow/example_dags/example_latest_only.py
[2022-09-24T21:27:09.142+0300] {processor.py:768} INFO - DAG(s) dict_keys(['latest_only']) retrieved from /home/rex/.local/lib/python3.8/site-packages/airflow/example_dags/example_latest_only.py
[2022-09-24T21:27:09.212+0300] {logging_mixin.py:117} INFO - [2022-09-24T21:27:09.212+0300] {dag.py:2573} INFO - Sync 1 DAGs
[2022-09-24T21:27:09.249+0300] {logging_mixin.py:117} INFO - [2022-09-24T21:27:09.248+0300] {dag.py:3324} INFO - Setting next_dagrun for latest_only to 2022-09-24T14:27:09.248627+00:00, run_after=2022-09-24T18:27:09.248627+00:00
[2022-09-24T21:27:09.497+0300] {processor.py:178} INFO - Processing /home/rex/.local/lib/python3.8/site-packages/airflow/example_dags/example_latest_only.py took 0.414 seconds
