[2022-09-24T20:04:42.988+0300] {processor.py:156} INFO - Started process (PID=3595) to work on /home/rex/.local/lib/python3.8/site-packages/airflow/example_dags/example_task_group_decorator.py
[2022-09-24T20:04:42.990+0300] {processor.py:758} INFO - Processing file /home/rex/.local/lib/python3.8/site-packages/airflow/example_dags/example_task_group_decorator.py for tasks to queue
[2022-09-24T20:04:42.991+0300] {logging_mixin.py:117} INFO - [2022-09-24T20:04:42.991+0300] {dagbag.py:525} INFO - Filling up the DagBag from /home/rex/.local/lib/python3.8/site-packages/airflow/example_dags/example_task_group_decorator.py
[2022-09-24T20:04:43.026+0300] {processor.py:768} INFO - DAG(s) dict_keys(['example_task_group_decorator']) retrieved from /home/rex/.local/lib/python3.8/site-packages/airflow/example_dags/example_task_group_decorator.py
[2022-09-24T20:04:43.078+0300] {logging_mixin.py:117} INFO - [2022-09-24T20:04:43.078+0300] {dag.py:2573} INFO - Sync 1 DAGs
[2022-09-24T20:04:43.111+0300] {logging_mixin.py:117} INFO - [2022-09-24T20:04:43.111+0300] {dag.py:3324} INFO - Setting next_dagrun for example_task_group_decorator to 2022-09-23T17:04:43.111199+00:00, run_after=2022-09-24T17:04:43.111199+00:00
[2022-09-24T20:04:43.373+0300] {processor.py:178} INFO - Processing /home/rex/.local/lib/python3.8/site-packages/airflow/example_dags/example_task_group_decorator.py took 0.387 seconds
[2022-09-24T20:05:43.162+0300] {processor.py:156} INFO - Started process (PID=3655) to work on /home/rex/.local/lib/python3.8/site-packages/airflow/example_dags/example_task_group_decorator.py
[2022-09-24T20:05:43.164+0300] {processor.py:758} INFO - Processing file /home/rex/.local/lib/python3.8/site-packages/airflow/example_dags/example_task_group_decorator.py for tasks to queue
[2022-09-24T20:05:43.165+0300] {logging_mixin.py:117} INFO - [2022-09-24T20:05:43.165+0300] {dagbag.py:525} INFO - Filling up the DagBag from /home/rex/.local/lib/python3.8/site-packages/airflow/example_dags/example_task_group_decorator.py
[2022-09-24T20:05:43.220+0300] {processor.py:768} INFO - DAG(s) dict_keys(['example_task_group_decorator']) retrieved from /home/rex/.local/lib/python3.8/site-packages/airflow/example_dags/example_task_group_decorator.py
[2022-09-24T20:05:43.265+0300] {logging_mixin.py:117} INFO - [2022-09-24T20:05:43.264+0300] {dag.py:2573} INFO - Sync 1 DAGs
[2022-09-24T20:05:43.303+0300] {logging_mixin.py:117} INFO - [2022-09-24T20:05:43.303+0300] {dag.py:3324} INFO - Setting next_dagrun for example_task_group_decorator to 2022-09-23T17:05:43.302914+00:00, run_after=2022-09-24T17:05:43.302914+00:00
[2022-09-24T20:05:43.495+0300] {processor.py:178} INFO - Processing /home/rex/.local/lib/python3.8/site-packages/airflow/example_dags/example_task_group_decorator.py took 0.337 seconds
[2022-09-24T21:04:02.568+0300] {processor.py:156} INFO - Started process (PID=4107) to work on /home/rex/.local/lib/python3.8/site-packages/airflow/example_dags/example_task_group_decorator.py
[2022-09-24T21:04:02.581+0300] {processor.py:758} INFO - Processing file /home/rex/.local/lib/python3.8/site-packages/airflow/example_dags/example_task_group_decorator.py for tasks to queue
[2022-09-24T21:04:02.582+0300] {logging_mixin.py:117} INFO - [2022-09-24T21:04:02.582+0300] {dagbag.py:525} INFO - Filling up the DagBag from /home/rex/.local/lib/python3.8/site-packages/airflow/example_dags/example_task_group_decorator.py
[2022-09-24T21:04:02.646+0300] {processor.py:768} INFO - DAG(s) dict_keys(['example_task_group_decorator']) retrieved from /home/rex/.local/lib/python3.8/site-packages/airflow/example_dags/example_task_group_decorator.py
[2022-09-24T21:04:02.738+0300] {logging_mixin.py:117} INFO - [2022-09-24T21:04:02.738+0300] {dag.py:2573} INFO - Sync 1 DAGs
[2022-09-24T21:04:02.784+0300] {logging_mixin.py:117} INFO - [2022-09-24T21:04:02.784+0300] {dag.py:3324} INFO - Setting next_dagrun for example_task_group_decorator to 2022-09-23T18:04:02.783900+00:00, run_after=2022-09-24T18:04:02.783900+00:00
[2022-09-24T21:04:03.094+0300] {processor.py:178} INFO - Processing /home/rex/.local/lib/python3.8/site-packages/airflow/example_dags/example_task_group_decorator.py took 0.529 seconds
[2022-09-24T21:05:53.456+0300] {processor.py:156} INFO - Started process (PID=4202) to work on /home/rex/.local/lib/python3.8/site-packages/airflow/example_dags/example_task_group_decorator.py
[2022-09-24T21:05:53.477+0300] {processor.py:758} INFO - Processing file /home/rex/.local/lib/python3.8/site-packages/airflow/example_dags/example_task_group_decorator.py for tasks to queue
[2022-09-24T21:05:53.478+0300] {logging_mixin.py:117} INFO - [2022-09-24T21:05:53.478+0300] {dagbag.py:525} INFO - Filling up the DagBag from /home/rex/.local/lib/python3.8/site-packages/airflow/example_dags/example_task_group_decorator.py
[2022-09-24T21:05:53.519+0300] {processor.py:768} INFO - DAG(s) dict_keys(['example_task_group_decorator']) retrieved from /home/rex/.local/lib/python3.8/site-packages/airflow/example_dags/example_task_group_decorator.py
[2022-09-24T21:05:53.676+0300] {logging_mixin.py:117} INFO - [2022-09-24T21:05:53.676+0300] {dag.py:2573} INFO - Sync 1 DAGs
[2022-09-24T21:05:53.719+0300] {logging_mixin.py:117} INFO - [2022-09-24T21:05:53.719+0300] {dag.py:3324} INFO - Setting next_dagrun for example_task_group_decorator to 2022-09-23T18:05:53.719387+00:00, run_after=2022-09-24T18:05:53.719387+00:00
[2022-09-24T21:05:54.111+0300] {processor.py:178} INFO - Processing /home/rex/.local/lib/python3.8/site-packages/airflow/example_dags/example_task_group_decorator.py took 0.659 seconds
[2022-09-24T21:07:08.198+0300] {processor.py:156} INFO - Started process (PID=4251) to work on /home/rex/.local/lib/python3.8/site-packages/airflow/example_dags/example_task_group_decorator.py
[2022-09-24T21:07:08.199+0300] {processor.py:758} INFO - Processing file /home/rex/.local/lib/python3.8/site-packages/airflow/example_dags/example_task_group_decorator.py for tasks to queue
[2022-09-24T21:07:08.201+0300] {logging_mixin.py:117} INFO - [2022-09-24T21:07:08.201+0300] {dagbag.py:525} INFO - Filling up the DagBag from /home/rex/.local/lib/python3.8/site-packages/airflow/example_dags/example_task_group_decorator.py
[2022-09-24T21:07:08.255+0300] {processor.py:768} INFO - DAG(s) dict_keys(['example_task_group_decorator']) retrieved from /home/rex/.local/lib/python3.8/site-packages/airflow/example_dags/example_task_group_decorator.py
[2022-09-24T21:07:08.317+0300] {logging_mixin.py:117} INFO - [2022-09-24T21:07:08.317+0300] {dag.py:2573} INFO - Sync 1 DAGs
[2022-09-24T21:07:08.361+0300] {logging_mixin.py:117} INFO - [2022-09-24T21:07:08.361+0300] {dag.py:3324} INFO - Setting next_dagrun for example_task_group_decorator to 2022-09-23T18:07:08.361203+00:00, run_after=2022-09-24T18:07:08.361203+00:00
[2022-09-24T21:07:08.862+0300] {processor.py:178} INFO - Processing /home/rex/.local/lib/python3.8/site-packages/airflow/example_dags/example_task_group_decorator.py took 0.668 seconds
[2022-09-24T21:27:22.445+0300] {processor.py:156} INFO - Started process (PID=4451) to work on /home/rex/.local/lib/python3.8/site-packages/airflow/example_dags/example_task_group_decorator.py
[2022-09-24T21:27:22.467+0300] {processor.py:758} INFO - Processing file /home/rex/.local/lib/python3.8/site-packages/airflow/example_dags/example_task_group_decorator.py for tasks to queue
[2022-09-24T21:27:22.468+0300] {logging_mixin.py:117} INFO - [2022-09-24T21:27:22.468+0300] {dagbag.py:525} INFO - Filling up the DagBag from /home/rex/.local/lib/python3.8/site-packages/airflow/example_dags/example_task_group_decorator.py
[2022-09-24T21:27:22.502+0300] {processor.py:768} INFO - DAG(s) dict_keys(['example_task_group_decorator']) retrieved from /home/rex/.local/lib/python3.8/site-packages/airflow/example_dags/example_task_group_decorator.py
[2022-09-24T21:27:22.556+0300] {logging_mixin.py:117} INFO - [2022-09-24T21:27:22.556+0300] {dag.py:2573} INFO - Sync 1 DAGs
[2022-09-24T21:27:22.593+0300] {logging_mixin.py:117} INFO - [2022-09-24T21:27:22.593+0300] {dag.py:3324} INFO - Setting next_dagrun for example_task_group_decorator to 2022-09-23T18:27:22.593125+00:00, run_after=2022-09-24T18:27:22.593125+00:00
[2022-09-24T21:27:22.807+0300] {processor.py:178} INFO - Processing /home/rex/.local/lib/python3.8/site-packages/airflow/example_dags/example_task_group_decorator.py took 0.366 seconds
