[2022-09-24T20:04:44.831+0300] {processor.py:156} INFO - Started process (PID=3597) to work on /home/rex/.local/lib/python3.8/site-packages/airflow/example_dags/example_branch_python_dop_operator_3.py
[2022-09-24T20:04:44.833+0300] {processor.py:758} INFO - Processing file /home/rex/.local/lib/python3.8/site-packages/airflow/example_dags/example_branch_python_dop_operator_3.py for tasks to queue
[2022-09-24T20:04:44.834+0300] {logging_mixin.py:117} INFO - [2022-09-24T20:04:44.834+0300] {dagbag.py:525} INFO - Filling up the DagBag from /home/rex/.local/lib/python3.8/site-packages/airflow/example_dags/example_branch_python_dop_operator_3.py
[2022-09-24T20:04:44.867+0300] {processor.py:768} INFO - DAG(s) dict_keys(['example_branch_dop_operator_v3']) retrieved from /home/rex/.local/lib/python3.8/site-packages/airflow/example_dags/example_branch_python_dop_operator_3.py
[2022-09-24T20:04:44.923+0300] {logging_mixin.py:117} INFO - [2022-09-24T20:04:44.923+0300] {dag.py:2573} INFO - Sync 1 DAGs
[2022-09-24T20:04:44.962+0300] {logging_mixin.py:117} INFO - [2022-09-24T20:04:44.962+0300] {dag.py:3324} INFO - Setting next_dagrun for example_branch_dop_operator_v3 to 2022-09-24T17:03:00+00:00, run_after=2022-09-24T17:04:00+00:00
[2022-09-24T20:04:45.174+0300] {processor.py:178} INFO - Processing /home/rex/.local/lib/python3.8/site-packages/airflow/example_dags/example_branch_python_dop_operator_3.py took 0.347 seconds
[2022-09-24T20:05:44.691+0300] {processor.py:156} INFO - Started process (PID=3657) to work on /home/rex/.local/lib/python3.8/site-packages/airflow/example_dags/example_branch_python_dop_operator_3.py
[2022-09-24T20:05:44.693+0300] {processor.py:758} INFO - Processing file /home/rex/.local/lib/python3.8/site-packages/airflow/example_dags/example_branch_python_dop_operator_3.py for tasks to queue
[2022-09-24T20:05:44.694+0300] {logging_mixin.py:117} INFO - [2022-09-24T20:05:44.694+0300] {dagbag.py:525} INFO - Filling up the DagBag from /home/rex/.local/lib/python3.8/site-packages/airflow/example_dags/example_branch_python_dop_operator_3.py
[2022-09-24T20:05:44.726+0300] {processor.py:768} INFO - DAG(s) dict_keys(['example_branch_dop_operator_v3']) retrieved from /home/rex/.local/lib/python3.8/site-packages/airflow/example_dags/example_branch_python_dop_operator_3.py
[2022-09-24T20:05:44.778+0300] {logging_mixin.py:117} INFO - [2022-09-24T20:05:44.778+0300] {dag.py:2573} INFO - Sync 1 DAGs
[2022-09-24T20:05:44.819+0300] {logging_mixin.py:117} INFO - [2022-09-24T20:05:44.819+0300] {dag.py:3324} INFO - Setting next_dagrun for example_branch_dop_operator_v3 to 2022-09-24T17:04:00+00:00, run_after=2022-09-24T17:05:00+00:00
[2022-09-24T20:05:45.018+0300] {processor.py:178} INFO - Processing /home/rex/.local/lib/python3.8/site-packages/airflow/example_dags/example_branch_python_dop_operator_3.py took 0.330 seconds
[2022-09-24T21:04:07.294+0300] {processor.py:156} INFO - Started process (PID=4123) to work on /home/rex/.local/lib/python3.8/site-packages/airflow/example_dags/example_branch_python_dop_operator_3.py
[2022-09-24T21:04:07.311+0300] {processor.py:758} INFO - Processing file /home/rex/.local/lib/python3.8/site-packages/airflow/example_dags/example_branch_python_dop_operator_3.py for tasks to queue
[2022-09-24T21:04:07.312+0300] {logging_mixin.py:117} INFO - [2022-09-24T21:04:07.312+0300] {dagbag.py:525} INFO - Filling up the DagBag from /home/rex/.local/lib/python3.8/site-packages/airflow/example_dags/example_branch_python_dop_operator_3.py
[2022-09-24T21:04:07.351+0300] {processor.py:768} INFO - DAG(s) dict_keys(['example_branch_dop_operator_v3']) retrieved from /home/rex/.local/lib/python3.8/site-packages/airflow/example_dags/example_branch_python_dop_operator_3.py
[2022-09-24T21:04:07.399+0300] {logging_mixin.py:117} INFO - [2022-09-24T21:04:07.399+0300] {dag.py:2573} INFO - Sync 1 DAGs
[2022-09-24T21:04:07.436+0300] {logging_mixin.py:117} INFO - [2022-09-24T21:04:07.435+0300] {dag.py:3324} INFO - Setting next_dagrun for example_branch_dop_operator_v3 to 2022-09-24T18:03:00+00:00, run_after=2022-09-24T18:04:00+00:00
[2022-09-24T21:04:07.627+0300] {processor.py:178} INFO - Processing /home/rex/.local/lib/python3.8/site-packages/airflow/example_dags/example_branch_python_dop_operator_3.py took 0.336 seconds
[2022-09-24T21:05:55.156+0300] {processor.py:156} INFO - Started process (PID=4203) to work on /home/rex/.local/lib/python3.8/site-packages/airflow/example_dags/example_branch_python_dop_operator_3.py
[2022-09-24T21:05:56.828+0300] {processor.py:758} INFO - Processing file /home/rex/.local/lib/python3.8/site-packages/airflow/example_dags/example_branch_python_dop_operator_3.py for tasks to queue
[2022-09-24T21:05:56.830+0300] {logging_mixin.py:117} INFO - [2022-09-24T21:05:56.830+0300] {dagbag.py:525} INFO - Filling up the DagBag from /home/rex/.local/lib/python3.8/site-packages/airflow/example_dags/example_branch_python_dop_operator_3.py
[2022-09-24T21:05:56.858+0300] {processor.py:768} INFO - DAG(s) dict_keys(['example_branch_dop_operator_v3']) retrieved from /home/rex/.local/lib/python3.8/site-packages/airflow/example_dags/example_branch_python_dop_operator_3.py
[2022-09-24T21:05:56.951+0300] {logging_mixin.py:117} INFO - [2022-09-24T21:05:56.951+0300] {dag.py:2573} INFO - Sync 1 DAGs
[2022-09-24T21:05:57.000+0300] {logging_mixin.py:117} INFO - [2022-09-24T21:05:57.000+0300] {dag.py:3324} INFO - Setting next_dagrun for example_branch_dop_operator_v3 to 2022-09-24T18:04:00+00:00, run_after=2022-09-24T18:05:00+00:00
[2022-09-24T21:05:57.284+0300] {processor.py:178} INFO - Processing /home/rex/.local/lib/python3.8/site-packages/airflow/example_dags/example_branch_python_dop_operator_3.py took 2.133 seconds
[2022-09-24T21:07:10.253+0300] {processor.py:156} INFO - Started process (PID=4252) to work on /home/rex/.local/lib/python3.8/site-packages/airflow/example_dags/example_branch_python_dop_operator_3.py
[2022-09-24T21:07:10.255+0300] {processor.py:758} INFO - Processing file /home/rex/.local/lib/python3.8/site-packages/airflow/example_dags/example_branch_python_dop_operator_3.py for tasks to queue
[2022-09-24T21:07:10.257+0300] {logging_mixin.py:117} INFO - [2022-09-24T21:07:10.257+0300] {dagbag.py:525} INFO - Filling up the DagBag from /home/rex/.local/lib/python3.8/site-packages/airflow/example_dags/example_branch_python_dop_operator_3.py
[2022-09-24T21:07:10.297+0300] {processor.py:768} INFO - DAG(s) dict_keys(['example_branch_dop_operator_v3']) retrieved from /home/rex/.local/lib/python3.8/site-packages/airflow/example_dags/example_branch_python_dop_operator_3.py
[2022-09-24T21:07:10.350+0300] {logging_mixin.py:117} INFO - [2022-09-24T21:07:10.349+0300] {dag.py:2573} INFO - Sync 1 DAGs
[2022-09-24T21:07:10.389+0300] {logging_mixin.py:117} INFO - [2022-09-24T21:07:10.389+0300] {dag.py:3324} INFO - Setting next_dagrun for example_branch_dop_operator_v3 to 2022-09-24T18:06:00+00:00, run_after=2022-09-24T18:07:00+00:00
[2022-09-24T21:07:10.580+0300] {processor.py:178} INFO - Processing /home/rex/.local/lib/python3.8/site-packages/airflow/example_dags/example_branch_python_dop_operator_3.py took 0.330 seconds
[2022-09-24T21:27:24.153+0300] {processor.py:156} INFO - Started process (PID=4452) to work on /home/rex/.local/lib/python3.8/site-packages/airflow/example_dags/example_branch_python_dop_operator_3.py
[2022-09-24T21:27:24.182+0300] {processor.py:758} INFO - Processing file /home/rex/.local/lib/python3.8/site-packages/airflow/example_dags/example_branch_python_dop_operator_3.py for tasks to queue
[2022-09-24T21:27:24.183+0300] {logging_mixin.py:117} INFO - [2022-09-24T21:27:24.183+0300] {dagbag.py:525} INFO - Filling up the DagBag from /home/rex/.local/lib/python3.8/site-packages/airflow/example_dags/example_branch_python_dop_operator_3.py
[2022-09-24T21:27:24.227+0300] {processor.py:768} INFO - DAG(s) dict_keys(['example_branch_dop_operator_v3']) retrieved from /home/rex/.local/lib/python3.8/site-packages/airflow/example_dags/example_branch_python_dop_operator_3.py
[2022-09-24T21:27:24.567+0300] {logging_mixin.py:117} INFO - [2022-09-24T21:27:24.567+0300] {dag.py:2573} INFO - Sync 1 DAGs
[2022-09-24T21:27:24.644+0300] {logging_mixin.py:117} INFO - [2022-09-24T21:27:24.644+0300] {dag.py:3324} INFO - Setting next_dagrun for example_branch_dop_operator_v3 to 2022-09-24T18:26:00+00:00, run_after=2022-09-24T18:27:00+00:00
[2022-09-24T21:27:24.968+0300] {processor.py:178} INFO - Processing /home/rex/.local/lib/python3.8/site-packages/airflow/example_dags/example_branch_python_dop_operator_3.py took 0.818 seconds
