[2022-09-24T20:04:34.696+0300] {processor.py:156} INFO - Started process (PID=3591) to work on /home/rex/.local/lib/python3.8/site-packages/airflow/example_dags/example_nested_branch_dag.py
[2022-09-24T20:04:34.698+0300] {processor.py:758} INFO - Processing file /home/rex/.local/lib/python3.8/site-packages/airflow/example_dags/example_nested_branch_dag.py for tasks to queue
[2022-09-24T20:04:34.699+0300] {logging_mixin.py:117} INFO - [2022-09-24T20:04:34.699+0300] {dagbag.py:525} INFO - Filling up the DagBag from /home/rex/.local/lib/python3.8/site-packages/airflow/example_dags/example_nested_branch_dag.py
[2022-09-24T20:04:34.728+0300] {processor.py:768} INFO - DAG(s) dict_keys(['example_nested_branch_dag']) retrieved from /home/rex/.local/lib/python3.8/site-packages/airflow/example_dags/example_nested_branch_dag.py
[2022-09-24T20:04:34.932+0300] {logging_mixin.py:117} INFO - [2022-09-24T20:04:34.932+0300] {dag.py:2573} INFO - Sync 1 DAGs
[2022-09-24T20:04:34.967+0300] {logging_mixin.py:117} INFO - [2022-09-24T20:04:34.967+0300] {dag.py:3324} INFO - Setting next_dagrun for example_nested_branch_dag to 2022-09-23T00:00:00+00:00, run_after=2022-09-24T00:00:00+00:00
[2022-09-24T20:04:35.284+0300] {processor.py:178} INFO - Processing /home/rex/.local/lib/python3.8/site-packages/airflow/example_dags/example_nested_branch_dag.py took 0.591 seconds
[2022-09-24T20:05:37.600+0300] {processor.py:156} INFO - Started process (PID=3651) to work on /home/rex/.local/lib/python3.8/site-packages/airflow/example_dags/example_nested_branch_dag.py
[2022-09-24T20:05:37.601+0300] {processor.py:758} INFO - Processing file /home/rex/.local/lib/python3.8/site-packages/airflow/example_dags/example_nested_branch_dag.py for tasks to queue
[2022-09-24T20:05:37.603+0300] {logging_mixin.py:117} INFO - [2022-09-24T20:05:37.602+0300] {dagbag.py:525} INFO - Filling up the DagBag from /home/rex/.local/lib/python3.8/site-packages/airflow/example_dags/example_nested_branch_dag.py
[2022-09-24T20:05:37.631+0300] {processor.py:768} INFO - DAG(s) dict_keys(['example_nested_branch_dag']) retrieved from /home/rex/.local/lib/python3.8/site-packages/airflow/example_dags/example_nested_branch_dag.py
[2022-09-24T20:05:37.685+0300] {logging_mixin.py:117} INFO - [2022-09-24T20:05:37.685+0300] {dag.py:2573} INFO - Sync 1 DAGs
[2022-09-24T20:05:37.715+0300] {logging_mixin.py:117} INFO - [2022-09-24T20:05:37.715+0300] {dag.py:3324} INFO - Setting next_dagrun for example_nested_branch_dag to 2022-09-23T00:00:00+00:00, run_after=2022-09-24T00:00:00+00:00
[2022-09-24T20:05:37.913+0300] {processor.py:178} INFO - Processing /home/rex/.local/lib/python3.8/site-packages/airflow/example_dags/example_nested_branch_dag.py took 0.317 seconds
[2022-09-24T21:03:54.590+0300] {processor.py:156} INFO - Started process (PID=4102) to work on /home/rex/.local/lib/python3.8/site-packages/airflow/example_dags/example_nested_branch_dag.py
[2022-09-24T21:03:54.610+0300] {processor.py:758} INFO - Processing file /home/rex/.local/lib/python3.8/site-packages/airflow/example_dags/example_nested_branch_dag.py for tasks to queue
[2022-09-24T21:03:54.611+0300] {logging_mixin.py:117} INFO - [2022-09-24T21:03:54.611+0300] {dagbag.py:525} INFO - Filling up the DagBag from /home/rex/.local/lib/python3.8/site-packages/airflow/example_dags/example_nested_branch_dag.py
[2022-09-24T21:03:54.693+0300] {processor.py:768} INFO - DAG(s) dict_keys(['example_nested_branch_dag']) retrieved from /home/rex/.local/lib/python3.8/site-packages/airflow/example_dags/example_nested_branch_dag.py
[2022-09-24T21:03:54.806+0300] {logging_mixin.py:117} INFO - [2022-09-24T21:03:54.806+0300] {dag.py:2573} INFO - Sync 1 DAGs
[2022-09-24T21:03:54.916+0300] {logging_mixin.py:117} INFO - [2022-09-24T21:03:54.916+0300] {dag.py:3324} INFO - Setting next_dagrun for example_nested_branch_dag to 2022-09-23T00:00:00+00:00, run_after=2022-09-24T00:00:00+00:00
[2022-09-24T21:03:55.333+0300] {processor.py:178} INFO - Processing /home/rex/.local/lib/python3.8/site-packages/airflow/example_dags/example_nested_branch_dag.py took 0.747 seconds
[2022-09-24T21:05:31.368+0300] {processor.py:156} INFO - Started process (PID=4187) to work on /home/rex/.local/lib/python3.8/site-packages/airflow/example_dags/example_nested_branch_dag.py
[2022-09-24T21:05:31.383+0300] {processor.py:758} INFO - Processing file /home/rex/.local/lib/python3.8/site-packages/airflow/example_dags/example_nested_branch_dag.py for tasks to queue
[2022-09-24T21:05:31.385+0300] {logging_mixin.py:117} INFO - [2022-09-24T21:05:31.384+0300] {dagbag.py:525} INFO - Filling up the DagBag from /home/rex/.local/lib/python3.8/site-packages/airflow/example_dags/example_nested_branch_dag.py
[2022-09-24T21:05:31.464+0300] {processor.py:768} INFO - DAG(s) dict_keys(['example_nested_branch_dag']) retrieved from /home/rex/.local/lib/python3.8/site-packages/airflow/example_dags/example_nested_branch_dag.py
[2022-09-24T21:05:31.544+0300] {logging_mixin.py:117} INFO - [2022-09-24T21:05:31.544+0300] {dag.py:2573} INFO - Sync 1 DAGs
[2022-09-24T21:05:31.586+0300] {logging_mixin.py:117} INFO - [2022-09-24T21:05:31.586+0300] {dag.py:3324} INFO - Setting next_dagrun for example_nested_branch_dag to 2022-09-23T00:00:00+00:00, run_after=2022-09-24T00:00:00+00:00
[2022-09-24T21:05:31.822+0300] {processor.py:178} INFO - Processing /home/rex/.local/lib/python3.8/site-packages/airflow/example_dags/example_nested_branch_dag.py took 0.463 seconds
[2022-09-24T21:06:50.604+0300] {processor.py:156} INFO - Started process (PID=4239) to work on /home/rex/.local/lib/python3.8/site-packages/airflow/example_dags/example_nested_branch_dag.py
[2022-09-24T21:06:50.605+0300] {processor.py:758} INFO - Processing file /home/rex/.local/lib/python3.8/site-packages/airflow/example_dags/example_nested_branch_dag.py for tasks to queue
[2022-09-24T21:06:50.607+0300] {logging_mixin.py:117} INFO - [2022-09-24T21:06:50.607+0300] {dagbag.py:525} INFO - Filling up the DagBag from /home/rex/.local/lib/python3.8/site-packages/airflow/example_dags/example_nested_branch_dag.py
[2022-09-24T21:06:50.660+0300] {processor.py:768} INFO - DAG(s) dict_keys(['example_nested_branch_dag']) retrieved from /home/rex/.local/lib/python3.8/site-packages/airflow/example_dags/example_nested_branch_dag.py
[2022-09-24T21:06:50.719+0300] {logging_mixin.py:117} INFO - [2022-09-24T21:06:50.718+0300] {dag.py:2573} INFO - Sync 1 DAGs
[2022-09-24T21:06:50.778+0300] {logging_mixin.py:117} INFO - [2022-09-24T21:06:50.778+0300] {dag.py:3324} INFO - Setting next_dagrun for example_nested_branch_dag to 2022-09-23T00:00:00+00:00, run_after=2022-09-24T00:00:00+00:00
[2022-09-24T21:06:50.988+0300] {processor.py:178} INFO - Processing /home/rex/.local/lib/python3.8/site-packages/airflow/example_dags/example_nested_branch_dag.py took 0.388 seconds
[2022-09-24T21:27:16.040+0300] {processor.py:156} INFO - Started process (PID=4446) to work on /home/rex/.local/lib/python3.8/site-packages/airflow/example_dags/example_nested_branch_dag.py
[2022-09-24T21:27:16.056+0300] {processor.py:758} INFO - Processing file /home/rex/.local/lib/python3.8/site-packages/airflow/example_dags/example_nested_branch_dag.py for tasks to queue
[2022-09-24T21:27:16.058+0300] {logging_mixin.py:117} INFO - [2022-09-24T21:27:16.058+0300] {dagbag.py:525} INFO - Filling up the DagBag from /home/rex/.local/lib/python3.8/site-packages/airflow/example_dags/example_nested_branch_dag.py
[2022-09-24T21:27:16.100+0300] {processor.py:768} INFO - DAG(s) dict_keys(['example_nested_branch_dag']) retrieved from /home/rex/.local/lib/python3.8/site-packages/airflow/example_dags/example_nested_branch_dag.py
[2022-09-24T21:27:16.173+0300] {logging_mixin.py:117} INFO - [2022-09-24T21:27:16.173+0300] {dag.py:2573} INFO - Sync 1 DAGs
[2022-09-24T21:27:16.227+0300] {logging_mixin.py:117} INFO - [2022-09-24T21:27:16.226+0300] {dag.py:3324} INFO - Setting next_dagrun for example_nested_branch_dag to 2022-09-23T00:00:00+00:00, run_after=2022-09-24T00:00:00+00:00
[2022-09-24T21:27:16.425+0300] {processor.py:178} INFO - Processing /home/rex/.local/lib/python3.8/site-packages/airflow/example_dags/example_nested_branch_dag.py took 0.390 seconds
