[2022-09-24T20:04:22.498+0300] {processor.py:156} INFO - Started process (PID=3583) to work on /home/rex/.local/lib/python3.8/site-packages/airflow/example_dags/example_short_circuit_decorator.py
[2022-09-24T20:04:22.499+0300] {processor.py:758} INFO - Processing file /home/rex/.local/lib/python3.8/site-packages/airflow/example_dags/example_short_circuit_decorator.py for tasks to queue
[2022-09-24T20:04:22.500+0300] {logging_mixin.py:117} INFO - [2022-09-24T20:04:22.500+0300] {dagbag.py:525} INFO - Filling up the DagBag from /home/rex/.local/lib/python3.8/site-packages/airflow/example_dags/example_short_circuit_decorator.py
[2022-09-24T20:04:22.825+0300] {processor.py:768} INFO - DAG(s) dict_keys(['example_short_circuit_decorator']) retrieved from /home/rex/.local/lib/python3.8/site-packages/airflow/example_dags/example_short_circuit_decorator.py
[2022-09-24T20:04:23.407+0300] {logging_mixin.py:117} INFO - [2022-09-24T20:04:23.407+0300] {dag.py:2573} INFO - Sync 1 DAGs
[2022-09-24T20:04:23.480+0300] {logging_mixin.py:117} INFO - [2022-09-24T20:04:23.480+0300] {dag.py:3324} INFO - Setting next_dagrun for example_short_circuit_decorator to 2022-09-23T17:04:23.479558+00:00, run_after=2022-09-24T17:04:23.479558+00:00
[2022-09-24T20:04:23.772+0300] {processor.py:178} INFO - Processing /home/rex/.local/lib/python3.8/site-packages/airflow/example_dags/example_short_circuit_decorator.py took 1.277 seconds
[2022-09-24T20:05:24.029+0300] {processor.py:156} INFO - Started process (PID=3641) to work on /home/rex/.local/lib/python3.8/site-packages/airflow/example_dags/example_short_circuit_decorator.py
[2022-09-24T20:05:24.031+0300] {processor.py:758} INFO - Processing file /home/rex/.local/lib/python3.8/site-packages/airflow/example_dags/example_short_circuit_decorator.py for tasks to queue
[2022-09-24T20:05:24.033+0300] {logging_mixin.py:117} INFO - [2022-09-24T20:05:24.032+0300] {dagbag.py:525} INFO - Filling up the DagBag from /home/rex/.local/lib/python3.8/site-packages/airflow/example_dags/example_short_circuit_decorator.py
[2022-09-24T20:05:24.064+0300] {processor.py:768} INFO - DAG(s) dict_keys(['example_short_circuit_decorator']) retrieved from /home/rex/.local/lib/python3.8/site-packages/airflow/example_dags/example_short_circuit_decorator.py
[2022-09-24T20:05:24.113+0300] {logging_mixin.py:117} INFO - [2022-09-24T20:05:24.113+0300] {dag.py:2573} INFO - Sync 1 DAGs
[2022-09-24T20:05:24.144+0300] {logging_mixin.py:117} INFO - [2022-09-24T20:05:24.144+0300] {dag.py:3324} INFO - Setting next_dagrun for example_short_circuit_decorator to 2022-09-23T17:05:24.143794+00:00, run_after=2022-09-24T17:05:24.143794+00:00
[2022-09-24T20:05:24.339+0300] {processor.py:178} INFO - Processing /home/rex/.local/lib/python3.8/site-packages/airflow/example_dags/example_short_circuit_decorator.py took 0.315 seconds
[2022-09-24T20:07:12.976+0300] {processor.py:156} INFO - Started process (PID=3713) to work on /home/rex/.local/lib/python3.8/site-packages/airflow/example_dags/example_short_circuit_decorator.py
[2022-09-24T20:07:12.993+0300] {processor.py:758} INFO - Processing file /home/rex/.local/lib/python3.8/site-packages/airflow/example_dags/example_short_circuit_decorator.py for tasks to queue
[2022-09-24T20:07:12.996+0300] {logging_mixin.py:117} INFO - [2022-09-24T20:07:12.996+0300] {dagbag.py:525} INFO - Filling up the DagBag from /home/rex/.local/lib/python3.8/site-packages/airflow/example_dags/example_short_circuit_decorator.py
[2022-09-24T20:07:13.154+0300] {processor.py:768} INFO - DAG(s) dict_keys(['example_short_circuit_decorator']) retrieved from /home/rex/.local/lib/python3.8/site-packages/airflow/example_dags/example_short_circuit_decorator.py
[2022-09-24T20:07:14.178+0300] {logging_mixin.py:117} INFO - [2022-09-24T20:07:14.178+0300] {dag.py:2573} INFO - Sync 1 DAGs
[2022-09-24T20:07:14.296+0300] {logging_mixin.py:117} INFO - [2022-09-24T20:07:14.295+0300] {dag.py:3324} INFO - Setting next_dagrun for example_short_circuit_decorator to 2022-09-23T17:07:14.295535+00:00, run_after=2022-09-24T17:07:14.295535+00:00
[2022-09-24T20:07:14.764+0300] {processor.py:178} INFO - Processing /home/rex/.local/lib/python3.8/site-packages/airflow/example_dags/example_short_circuit_decorator.py took 1.794 seconds
[2022-09-24T21:03:41.744+0300] {processor.py:156} INFO - Started process (PID=4094) to work on /home/rex/.local/lib/python3.8/site-packages/airflow/example_dags/example_short_circuit_decorator.py
[2022-09-24T21:03:41.837+0300] {processor.py:758} INFO - Processing file /home/rex/.local/lib/python3.8/site-packages/airflow/example_dags/example_short_circuit_decorator.py for tasks to queue
[2022-09-24T21:03:41.839+0300] {logging_mixin.py:117} INFO - [2022-09-24T21:03:41.838+0300] {dagbag.py:525} INFO - Filling up the DagBag from /home/rex/.local/lib/python3.8/site-packages/airflow/example_dags/example_short_circuit_decorator.py
[2022-09-24T21:03:41.877+0300] {processor.py:768} INFO - DAG(s) dict_keys(['example_short_circuit_decorator']) retrieved from /home/rex/.local/lib/python3.8/site-packages/airflow/example_dags/example_short_circuit_decorator.py
[2022-09-24T21:03:42.014+0300] {logging_mixin.py:117} INFO - [2022-09-24T21:03:42.013+0300] {dag.py:2573} INFO - Sync 1 DAGs
[2022-09-24T21:03:42.082+0300] {logging_mixin.py:117} INFO - [2022-09-24T21:03:42.082+0300] {dag.py:3324} INFO - Setting next_dagrun for example_short_circuit_decorator to 2022-09-23T18:03:42.081953+00:00, run_after=2022-09-24T18:03:42.081953+00:00
[2022-09-24T21:03:42.523+0300] {processor.py:178} INFO - Processing /home/rex/.local/lib/python3.8/site-packages/airflow/example_dags/example_short_circuit_decorator.py took 0.784 seconds
[2022-09-24T21:05:20.045+0300] {processor.py:156} INFO - Started process (PID=4179) to work on /home/rex/.local/lib/python3.8/site-packages/airflow/example_dags/example_short_circuit_decorator.py
[2022-09-24T21:05:20.072+0300] {processor.py:758} INFO - Processing file /home/rex/.local/lib/python3.8/site-packages/airflow/example_dags/example_short_circuit_decorator.py for tasks to queue
[2022-09-24T21:05:20.074+0300] {logging_mixin.py:117} INFO - [2022-09-24T21:05:20.073+0300] {dagbag.py:525} INFO - Filling up the DagBag from /home/rex/.local/lib/python3.8/site-packages/airflow/example_dags/example_short_circuit_decorator.py
[2022-09-24T21:05:20.112+0300] {processor.py:768} INFO - DAG(s) dict_keys(['example_short_circuit_decorator']) retrieved from /home/rex/.local/lib/python3.8/site-packages/airflow/example_dags/example_short_circuit_decorator.py
[2022-09-24T21:05:20.173+0300] {logging_mixin.py:117} INFO - [2022-09-24T21:05:20.172+0300] {dag.py:2573} INFO - Sync 1 DAGs
[2022-09-24T21:05:20.208+0300] {logging_mixin.py:117} INFO - [2022-09-24T21:05:20.207+0300] {dag.py:3324} INFO - Setting next_dagrun for example_short_circuit_decorator to 2022-09-23T18:05:20.207517+00:00, run_after=2022-09-24T18:05:20.207517+00:00
[2022-09-24T21:05:20.382+0300] {processor.py:178} INFO - Processing /home/rex/.local/lib/python3.8/site-packages/airflow/example_dags/example_short_circuit_decorator.py took 0.341 seconds
[2022-09-24T21:06:37.536+0300] {processor.py:156} INFO - Started process (PID=4231) to work on /home/rex/.local/lib/python3.8/site-packages/airflow/example_dags/example_short_circuit_decorator.py
[2022-09-24T21:06:37.538+0300] {processor.py:758} INFO - Processing file /home/rex/.local/lib/python3.8/site-packages/airflow/example_dags/example_short_circuit_decorator.py for tasks to queue
[2022-09-24T21:06:37.540+0300] {logging_mixin.py:117} INFO - [2022-09-24T21:06:37.539+0300] {dagbag.py:525} INFO - Filling up the DagBag from /home/rex/.local/lib/python3.8/site-packages/airflow/example_dags/example_short_circuit_decorator.py
[2022-09-24T21:06:37.604+0300] {processor.py:768} INFO - DAG(s) dict_keys(['example_short_circuit_decorator']) retrieved from /home/rex/.local/lib/python3.8/site-packages/airflow/example_dags/example_short_circuit_decorator.py
[2022-09-24T21:06:37.678+0300] {logging_mixin.py:117} INFO - [2022-09-24T21:06:37.677+0300] {dag.py:2573} INFO - Sync 1 DAGs
[2022-09-24T21:06:37.726+0300] {logging_mixin.py:117} INFO - [2022-09-24T21:06:37.725+0300] {dag.py:3324} INFO - Setting next_dagrun for example_short_circuit_decorator to 2022-09-23T18:06:37.725337+00:00, run_after=2022-09-24T18:06:37.725337+00:00
[2022-09-24T21:06:37.970+0300] {processor.py:178} INFO - Processing /home/rex/.local/lib/python3.8/site-packages/airflow/example_dags/example_short_circuit_decorator.py took 0.443 seconds
[2022-09-24T21:27:02.027+0300] {processor.py:156} INFO - Started process (PID=4438) to work on /home/rex/.local/lib/python3.8/site-packages/airflow/example_dags/example_short_circuit_decorator.py
[2022-09-24T21:27:02.054+0300] {processor.py:758} INFO - Processing file /home/rex/.local/lib/python3.8/site-packages/airflow/example_dags/example_short_circuit_decorator.py for tasks to queue
[2022-09-24T21:27:02.055+0300] {logging_mixin.py:117} INFO - [2022-09-24T21:27:02.055+0300] {dagbag.py:525} INFO - Filling up the DagBag from /home/rex/.local/lib/python3.8/site-packages/airflow/example_dags/example_short_circuit_decorator.py
[2022-09-24T21:27:02.136+0300] {processor.py:768} INFO - DAG(s) dict_keys(['example_short_circuit_decorator']) retrieved from /home/rex/.local/lib/python3.8/site-packages/airflow/example_dags/example_short_circuit_decorator.py
[2022-09-24T21:27:02.252+0300] {logging_mixin.py:117} INFO - [2022-09-24T21:27:02.251+0300] {dag.py:2573} INFO - Sync 1 DAGs
[2022-09-24T21:27:02.370+0300] {logging_mixin.py:117} INFO - [2022-09-24T21:27:02.369+0300] {dag.py:3324} INFO - Setting next_dagrun for example_short_circuit_decorator to 2022-09-23T18:27:02.369231+00:00, run_after=2022-09-24T18:27:02.369231+00:00
[2022-09-24T21:27:02.629+0300] {processor.py:178} INFO - Processing /home/rex/.local/lib/python3.8/site-packages/airflow/example_dags/example_short_circuit_decorator.py took 0.606 seconds
