[2022-09-24T20:04:50.733+0300] {processor.py:156} INFO - Started process (PID=3602) to work on /home/rex/.local/lib/python3.8/site-packages/airflow/example_dags/example_subdag_operator.py
[2022-09-24T20:04:50.734+0300] {processor.py:758} INFO - Processing file /home/rex/.local/lib/python3.8/site-packages/airflow/example_dags/example_subdag_operator.py for tasks to queue
[2022-09-24T20:04:50.735+0300] {logging_mixin.py:117} INFO - [2022-09-24T20:04:50.735+0300] {dagbag.py:525} INFO - Filling up the DagBag from /home/rex/.local/lib/python3.8/site-packages/airflow/example_dags/example_subdag_operator.py
[2022-09-24T20:04:50.793+0300] {processor.py:768} INFO - DAG(s) dict_keys(['example_subdag_operator.section-1', 'example_subdag_operator.section-2', 'example_subdag_operator']) retrieved from /home/rex/.local/lib/python3.8/site-packages/airflow/example_dags/example_subdag_operator.py
[2022-09-24T20:04:50.970+0300] {logging_mixin.py:117} INFO - [2022-09-24T20:04:50.970+0300] {dag.py:2573} INFO - Sync 3 DAGs
[2022-09-24T20:04:50.999+0300] {logging_mixin.py:117} INFO - [2022-09-24T20:04:50.998+0300] {dag.py:3324} INFO - Setting next_dagrun for example_subdag_operator to 2022-01-01T00:00:00+00:00, run_after=2022-01-01T00:00:00+00:00
[2022-09-24T20:04:51.005+0300] {logging_mixin.py:117} INFO - [2022-09-24T20:04:51.005+0300] {dag.py:3324} INFO - Setting next_dagrun for example_subdag_operator.section-1 to None, run_after=None
[2022-09-24T20:04:51.008+0300] {logging_mixin.py:117} INFO - [2022-09-24T20:04:51.008+0300] {dag.py:3324} INFO - Setting next_dagrun for example_subdag_operator.section-2 to None, run_after=None
[2022-09-24T20:04:51.026+0300] {logging_mixin.py:117} INFO - [2022-09-24T20:04:51.026+0300] {dag.py:2573} INFO - Sync 2 DAGs
[2022-09-24T20:04:51.032+0300] {logging_mixin.py:117} INFO - [2022-09-24T20:04:51.031+0300] {dag.py:3324} INFO - Setting next_dagrun for example_subdag_operator.section-1 to None, run_after=None
[2022-09-24T20:04:51.032+0300] {logging_mixin.py:117} INFO - [2022-09-24T20:04:51.032+0300] {dag.py:3324} INFO - Setting next_dagrun for example_subdag_operator.section-2 to None, run_after=None
[2022-09-24T20:04:51.181+0300] {processor.py:178} INFO - Processing /home/rex/.local/lib/python3.8/site-packages/airflow/example_dags/example_subdag_operator.py took 0.453 seconds
[2022-09-24T20:05:50.940+0300] {processor.py:156} INFO - Started process (PID=3662) to work on /home/rex/.local/lib/python3.8/site-packages/airflow/example_dags/example_subdag_operator.py
[2022-09-24T20:05:50.941+0300] {processor.py:758} INFO - Processing file /home/rex/.local/lib/python3.8/site-packages/airflow/example_dags/example_subdag_operator.py for tasks to queue
[2022-09-24T20:05:50.942+0300] {logging_mixin.py:117} INFO - [2022-09-24T20:05:50.942+0300] {dagbag.py:525} INFO - Filling up the DagBag from /home/rex/.local/lib/python3.8/site-packages/airflow/example_dags/example_subdag_operator.py
[2022-09-24T20:05:50.997+0300] {processor.py:768} INFO - DAG(s) dict_keys(['example_subdag_operator.section-1', 'example_subdag_operator.section-2', 'example_subdag_operator']) retrieved from /home/rex/.local/lib/python3.8/site-packages/airflow/example_dags/example_subdag_operator.py
[2022-09-24T20:05:51.203+0300] {logging_mixin.py:117} INFO - [2022-09-24T20:05:51.202+0300] {dag.py:2573} INFO - Sync 3 DAGs
[2022-09-24T20:05:51.236+0300] {logging_mixin.py:117} INFO - [2022-09-24T20:05:51.235+0300] {dag.py:3324} INFO - Setting next_dagrun for example_subdag_operator to 2022-01-01T00:00:00+00:00, run_after=2022-01-01T00:00:00+00:00
[2022-09-24T20:05:51.243+0300] {logging_mixin.py:117} INFO - [2022-09-24T20:05:51.243+0300] {dag.py:3324} INFO - Setting next_dagrun for example_subdag_operator.section-1 to None, run_after=None
[2022-09-24T20:05:51.247+0300] {logging_mixin.py:117} INFO - [2022-09-24T20:05:51.247+0300] {dag.py:3324} INFO - Setting next_dagrun for example_subdag_operator.section-2 to None, run_after=None
[2022-09-24T20:05:51.268+0300] {logging_mixin.py:117} INFO - [2022-09-24T20:05:51.268+0300] {dag.py:2573} INFO - Sync 2 DAGs
[2022-09-24T20:05:51.274+0300] {logging_mixin.py:117} INFO - [2022-09-24T20:05:51.274+0300] {dag.py:3324} INFO - Setting next_dagrun for example_subdag_operator.section-1 to None, run_after=None
[2022-09-24T20:05:51.275+0300] {logging_mixin.py:117} INFO - [2022-09-24T20:05:51.275+0300] {dag.py:3324} INFO - Setting next_dagrun for example_subdag_operator.section-2 to None, run_after=None
[2022-09-24T20:05:51.452+0300] {processor.py:178} INFO - Processing /home/rex/.local/lib/python3.8/site-packages/airflow/example_dags/example_subdag_operator.py took 0.515 seconds
[2022-09-24T21:04:15.254+0300] {processor.py:156} INFO - Started process (PID=4129) to work on /home/rex/.local/lib/python3.8/site-packages/airflow/example_dags/example_subdag_operator.py
[2022-09-24T21:04:15.267+0300] {processor.py:758} INFO - Processing file /home/rex/.local/lib/python3.8/site-packages/airflow/example_dags/example_subdag_operator.py for tasks to queue
[2022-09-24T21:04:15.269+0300] {logging_mixin.py:117} INFO - [2022-09-24T21:04:15.269+0300] {dagbag.py:525} INFO - Filling up the DagBag from /home/rex/.local/lib/python3.8/site-packages/airflow/example_dags/example_subdag_operator.py
[2022-09-24T21:04:15.431+0300] {processor.py:768} INFO - DAG(s) dict_keys(['example_subdag_operator.section-1', 'example_subdag_operator.section-2', 'example_subdag_operator']) retrieved from /home/rex/.local/lib/python3.8/site-packages/airflow/example_dags/example_subdag_operator.py
[2022-09-24T21:04:16.166+0300] {logging_mixin.py:117} INFO - [2022-09-24T21:04:16.166+0300] {dag.py:2573} INFO - Sync 3 DAGs
[2022-09-24T21:04:16.201+0300] {logging_mixin.py:117} INFO - [2022-09-24T21:04:16.201+0300] {dag.py:3324} INFO - Setting next_dagrun for example_subdag_operator to 2022-01-01T00:00:00+00:00, run_after=2022-01-01T00:00:00+00:00
[2022-09-24T21:04:16.207+0300] {logging_mixin.py:117} INFO - [2022-09-24T21:04:16.207+0300] {dag.py:3324} INFO - Setting next_dagrun for example_subdag_operator.section-1 to None, run_after=None
[2022-09-24T21:04:16.211+0300] {logging_mixin.py:117} INFO - [2022-09-24T21:04:16.211+0300] {dag.py:3324} INFO - Setting next_dagrun for example_subdag_operator.section-2 to None, run_after=None
[2022-09-24T21:04:16.231+0300] {logging_mixin.py:117} INFO - [2022-09-24T21:04:16.230+0300] {dag.py:2573} INFO - Sync 2 DAGs
[2022-09-24T21:04:16.239+0300] {logging_mixin.py:117} INFO - [2022-09-24T21:04:16.239+0300] {dag.py:3324} INFO - Setting next_dagrun for example_subdag_operator.section-1 to None, run_after=None
[2022-09-24T21:04:16.240+0300] {logging_mixin.py:117} INFO - [2022-09-24T21:04:16.240+0300] {dag.py:3324} INFO - Setting next_dagrun for example_subdag_operator.section-2 to None, run_after=None
[2022-09-24T21:04:16.405+0300] {processor.py:178} INFO - Processing /home/rex/.local/lib/python3.8/site-packages/airflow/example_dags/example_subdag_operator.py took 1.155 seconds
[2022-09-24T21:06:05.222+0300] {processor.py:156} INFO - Started process (PID=4209) to work on /home/rex/.local/lib/python3.8/site-packages/airflow/example_dags/example_subdag_operator.py
[2022-09-24T21:06:05.241+0300] {processor.py:758} INFO - Processing file /home/rex/.local/lib/python3.8/site-packages/airflow/example_dags/example_subdag_operator.py for tasks to queue
[2022-09-24T21:06:05.242+0300] {logging_mixin.py:117} INFO - [2022-09-24T21:06:05.242+0300] {dagbag.py:525} INFO - Filling up the DagBag from /home/rex/.local/lib/python3.8/site-packages/airflow/example_dags/example_subdag_operator.py
[2022-09-24T21:06:05.754+0300] {processor.py:768} INFO - DAG(s) dict_keys(['example_subdag_operator.section-1', 'example_subdag_operator.section-2', 'example_subdag_operator']) retrieved from /home/rex/.local/lib/python3.8/site-packages/airflow/example_dags/example_subdag_operator.py
[2022-09-24T21:06:06.061+0300] {logging_mixin.py:117} INFO - [2022-09-24T21:06:06.061+0300] {dag.py:2573} INFO - Sync 3 DAGs
[2022-09-24T21:06:06.100+0300] {logging_mixin.py:117} INFO - [2022-09-24T21:06:06.100+0300] {dag.py:3324} INFO - Setting next_dagrun for example_subdag_operator to 2022-01-01T00:00:00+00:00, run_after=2022-01-01T00:00:00+00:00
[2022-09-24T21:06:06.107+0300] {logging_mixin.py:117} INFO - [2022-09-24T21:06:06.107+0300] {dag.py:3324} INFO - Setting next_dagrun for example_subdag_operator.section-1 to None, run_after=None
[2022-09-24T21:06:06.111+0300] {logging_mixin.py:117} INFO - [2022-09-24T21:06:06.110+0300] {dag.py:3324} INFO - Setting next_dagrun for example_subdag_operator.section-2 to None, run_after=None
[2022-09-24T21:06:06.138+0300] {logging_mixin.py:117} INFO - [2022-09-24T21:06:06.138+0300] {dag.py:2573} INFO - Sync 2 DAGs
[2022-09-24T21:06:06.144+0300] {logging_mixin.py:117} INFO - [2022-09-24T21:06:06.144+0300] {dag.py:3324} INFO - Setting next_dagrun for example_subdag_operator.section-1 to None, run_after=None
[2022-09-24T21:06:06.145+0300] {logging_mixin.py:117} INFO - [2022-09-24T21:06:06.145+0300] {dag.py:3324} INFO - Setting next_dagrun for example_subdag_operator.section-2 to None, run_after=None
[2022-09-24T21:06:06.363+0300] {processor.py:178} INFO - Processing /home/rex/.local/lib/python3.8/site-packages/airflow/example_dags/example_subdag_operator.py took 1.152 seconds
[2022-09-24T21:07:17.490+0300] {processor.py:156} INFO - Started process (PID=4257) to work on /home/rex/.local/lib/python3.8/site-packages/airflow/example_dags/example_subdag_operator.py
[2022-09-24T21:07:17.492+0300] {processor.py:758} INFO - Processing file /home/rex/.local/lib/python3.8/site-packages/airflow/example_dags/example_subdag_operator.py for tasks to queue
[2022-09-24T21:07:17.493+0300] {logging_mixin.py:117} INFO - [2022-09-24T21:07:17.493+0300] {dagbag.py:525} INFO - Filling up the DagBag from /home/rex/.local/lib/python3.8/site-packages/airflow/example_dags/example_subdag_operator.py
[2022-09-24T21:07:17.540+0300] {processor.py:768} INFO - DAG(s) dict_keys(['example_subdag_operator.section-1', 'example_subdag_operator.section-2', 'example_subdag_operator']) retrieved from /home/rex/.local/lib/python3.8/site-packages/airflow/example_dags/example_subdag_operator.py
[2022-09-24T21:07:17.769+0300] {logging_mixin.py:117} INFO - [2022-09-24T21:07:17.769+0300] {dag.py:2573} INFO - Sync 3 DAGs
[2022-09-24T21:07:17.801+0300] {logging_mixin.py:117} INFO - [2022-09-24T21:07:17.800+0300] {dag.py:3324} INFO - Setting next_dagrun for example_subdag_operator to 2022-01-01T00:00:00+00:00, run_after=2022-01-01T00:00:00+00:00
[2022-09-24T21:07:17.806+0300] {logging_mixin.py:117} INFO - [2022-09-24T21:07:17.806+0300] {dag.py:3324} INFO - Setting next_dagrun for example_subdag_operator.section-1 to None, run_after=None
[2022-09-24T21:07:17.809+0300] {logging_mixin.py:117} INFO - [2022-09-24T21:07:17.809+0300] {dag.py:3324} INFO - Setting next_dagrun for example_subdag_operator.section-2 to None, run_after=None
[2022-09-24T21:07:17.830+0300] {logging_mixin.py:117} INFO - [2022-09-24T21:07:17.830+0300] {dag.py:2573} INFO - Sync 2 DAGs
[2022-09-24T21:07:17.836+0300] {logging_mixin.py:117} INFO - [2022-09-24T21:07:17.836+0300] {dag.py:3324} INFO - Setting next_dagrun for example_subdag_operator.section-1 to None, run_after=None
[2022-09-24T21:07:17.837+0300] {logging_mixin.py:117} INFO - [2022-09-24T21:07:17.837+0300] {dag.py:3324} INFO - Setting next_dagrun for example_subdag_operator.section-2 to None, run_after=None
[2022-09-24T21:07:18.214+0300] {processor.py:178} INFO - Processing /home/rex/.local/lib/python3.8/site-packages/airflow/example_dags/example_subdag_operator.py took 0.729 seconds
