[2022-09-24T20:04:06.114+0300] {processor.py:156} INFO - Started process (PID=3572) to work on /home/rex/.local/lib/python3.8/site-packages/airflow/example_dags/example_branch_labels.py
[2022-09-24T20:04:06.115+0300] {processor.py:758} INFO - Processing file /home/rex/.local/lib/python3.8/site-packages/airflow/example_dags/example_branch_labels.py for tasks to queue
[2022-09-24T20:04:06.117+0300] {logging_mixin.py:117} INFO - [2022-09-24T20:04:06.116+0300] {dagbag.py:525} INFO - Filling up the DagBag from /home/rex/.local/lib/python3.8/site-packages/airflow/example_dags/example_branch_labels.py
[2022-09-24T20:04:06.134+0300] {processor.py:768} INFO - DAG(s) dict_keys(['example_branch_labels']) retrieved from /home/rex/.local/lib/python3.8/site-packages/airflow/example_dags/example_branch_labels.py
[2022-09-24T20:04:06.189+0300] {logging_mixin.py:117} INFO - [2022-09-24T20:04:06.189+0300] {dag.py:2573} INFO - Sync 1 DAGs
[2022-09-24T20:04:06.227+0300] {logging_mixin.py:117} INFO - [2022-09-24T20:04:06.226+0300] {dag.py:3324} INFO - Setting next_dagrun for example_branch_labels to 2022-09-23T00:00:00+00:00, run_after=2022-09-24T00:00:00+00:00
[2022-09-24T20:04:06.774+0300] {processor.py:178} INFO - Processing /home/rex/.local/lib/python3.8/site-packages/airflow/example_dags/example_branch_labels.py took 0.663 seconds
[2022-09-24T20:05:11.414+0300] {processor.py:156} INFO - Started process (PID=3631) to work on /home/rex/.local/lib/python3.8/site-packages/airflow/example_dags/example_branch_labels.py
[2022-09-24T20:05:11.415+0300] {processor.py:758} INFO - Processing file /home/rex/.local/lib/python3.8/site-packages/airflow/example_dags/example_branch_labels.py for tasks to queue
[2022-09-24T20:05:11.416+0300] {logging_mixin.py:117} INFO - [2022-09-24T20:05:11.416+0300] {dagbag.py:525} INFO - Filling up the DagBag from /home/rex/.local/lib/python3.8/site-packages/airflow/example_dags/example_branch_labels.py
[2022-09-24T20:05:11.433+0300] {processor.py:768} INFO - DAG(s) dict_keys(['example_branch_labels']) retrieved from /home/rex/.local/lib/python3.8/site-packages/airflow/example_dags/example_branch_labels.py
[2022-09-24T20:05:11.487+0300] {logging_mixin.py:117} INFO - [2022-09-24T20:05:11.487+0300] {dag.py:2573} INFO - Sync 1 DAGs
[2022-09-24T20:05:11.525+0300] {logging_mixin.py:117} INFO - [2022-09-24T20:05:11.525+0300] {dag.py:3324} INFO - Setting next_dagrun for example_branch_labels to 2022-09-23T00:00:00+00:00, run_after=2022-09-24T00:00:00+00:00
[2022-09-24T20:05:11.706+0300] {processor.py:178} INFO - Processing /home/rex/.local/lib/python3.8/site-packages/airflow/example_dags/example_branch_labels.py took 0.297 seconds
[2022-09-24T20:06:38.684+0300] {processor.py:156} INFO - Started process (PID=3701) to work on /home/rex/.local/lib/python3.8/site-packages/airflow/example_dags/example_branch_labels.py
[2022-09-24T20:06:38.880+0300] {processor.py:758} INFO - Processing file /home/rex/.local/lib/python3.8/site-packages/airflow/example_dags/example_branch_labels.py for tasks to queue
[2022-09-24T20:06:38.881+0300] {logging_mixin.py:117} INFO - [2022-09-24T20:06:38.881+0300] {dagbag.py:525} INFO - Filling up the DagBag from /home/rex/.local/lib/python3.8/site-packages/airflow/example_dags/example_branch_labels.py
[2022-09-24T20:06:38.899+0300] {processor.py:768} INFO - DAG(s) dict_keys(['example_branch_labels']) retrieved from /home/rex/.local/lib/python3.8/site-packages/airflow/example_dags/example_branch_labels.py
[2022-09-24T20:06:39.275+0300] {logging_mixin.py:117} INFO - [2022-09-24T20:06:39.275+0300] {dag.py:2573} INFO - Sync 1 DAGs
[2022-09-24T20:06:39.314+0300] {logging_mixin.py:117} INFO - [2022-09-24T20:06:39.314+0300] {dag.py:3324} INFO - Setting next_dagrun for example_branch_labels to 2022-09-23T00:00:00+00:00, run_after=2022-09-24T00:00:00+00:00
[2022-09-24T20:06:40.029+0300] {processor.py:178} INFO - Processing /home/rex/.local/lib/python3.8/site-packages/airflow/example_dags/example_branch_labels.py took 1.353 seconds
[2022-09-24T21:03:23.728+0300] {processor.py:156} INFO - Started process (PID=4084) to work on /home/rex/.local/lib/python3.8/site-packages/airflow/example_dags/example_branch_labels.py
[2022-09-24T21:03:23.761+0300] {processor.py:758} INFO - Processing file /home/rex/.local/lib/python3.8/site-packages/airflow/example_dags/example_branch_labels.py for tasks to queue
[2022-09-24T21:03:23.763+0300] {logging_mixin.py:117} INFO - [2022-09-24T21:03:23.762+0300] {dagbag.py:525} INFO - Filling up the DagBag from /home/rex/.local/lib/python3.8/site-packages/airflow/example_dags/example_branch_labels.py
[2022-09-24T21:03:23.797+0300] {processor.py:768} INFO - DAG(s) dict_keys(['example_branch_labels']) retrieved from /home/rex/.local/lib/python3.8/site-packages/airflow/example_dags/example_branch_labels.py
[2022-09-24T21:03:23.877+0300] {logging_mixin.py:117} INFO - [2022-09-24T21:03:23.876+0300] {dag.py:2573} INFO - Sync 1 DAGs
[2022-09-24T21:03:23.932+0300] {logging_mixin.py:117} INFO - [2022-09-24T21:03:23.932+0300] {dag.py:3324} INFO - Setting next_dagrun for example_branch_labels to 2022-09-23T00:00:00+00:00, run_after=2022-09-24T00:00:00+00:00
[2022-09-24T21:03:24.139+0300] {processor.py:178} INFO - Processing /home/rex/.local/lib/python3.8/site-packages/airflow/example_dags/example_branch_labels.py took 0.417 seconds
[2022-09-24T21:04:55.433+0300] {processor.py:156} INFO - Started process (PID=4167) to work on /home/rex/.local/lib/python3.8/site-packages/airflow/example_dags/example_branch_labels.py
[2022-09-24T21:04:55.467+0300] {processor.py:758} INFO - Processing file /home/rex/.local/lib/python3.8/site-packages/airflow/example_dags/example_branch_labels.py for tasks to queue
[2022-09-24T21:04:55.469+0300] {logging_mixin.py:117} INFO - [2022-09-24T21:04:55.469+0300] {dagbag.py:525} INFO - Filling up the DagBag from /home/rex/.local/lib/python3.8/site-packages/airflow/example_dags/example_branch_labels.py
[2022-09-24T21:04:55.529+0300] {processor.py:768} INFO - DAG(s) dict_keys(['example_branch_labels']) retrieved from /home/rex/.local/lib/python3.8/site-packages/airflow/example_dags/example_branch_labels.py
[2022-09-24T21:04:55.718+0300] {logging_mixin.py:117} INFO - [2022-09-24T21:04:55.717+0300] {dag.py:2573} INFO - Sync 1 DAGs
[2022-09-24T21:04:55.823+0300] {logging_mixin.py:117} INFO - [2022-09-24T21:04:55.822+0300] {dag.py:3324} INFO - Setting next_dagrun for example_branch_labels to 2022-09-23T00:00:00+00:00, run_after=2022-09-24T00:00:00+00:00
[2022-09-24T21:04:56.090+0300] {processor.py:178} INFO - Processing /home/rex/.local/lib/python3.8/site-packages/airflow/example_dags/example_branch_labels.py took 0.663 seconds
[2022-09-24T21:05:42.976+0300] {processor.py:156} INFO - Started process (PID=4195) to work on /home/rex/.local/lib/python3.8/site-packages/airflow/example_dags/example_branch_labels.py
[2022-09-24T21:05:42.977+0300] {processor.py:758} INFO - Processing file /home/rex/.local/lib/python3.8/site-packages/airflow/example_dags/example_branch_labels.py for tasks to queue
[2022-09-24T21:05:42.979+0300] {logging_mixin.py:117} INFO - [2022-09-24T21:05:42.979+0300] {dagbag.py:525} INFO - Filling up the DagBag from /home/rex/.local/lib/python3.8/site-packages/airflow/example_dags/example_branch_labels.py
[2022-09-24T21:05:42.998+0300] {processor.py:768} INFO - DAG(s) dict_keys(['example_branch_labels']) retrieved from /home/rex/.local/lib/python3.8/site-packages/airflow/example_dags/example_branch_labels.py
[2022-09-24T21:05:43.110+0300] {logging_mixin.py:117} INFO - [2022-09-24T21:05:43.109+0300] {dag.py:2573} INFO - Sync 1 DAGs
[2022-09-24T21:05:43.177+0300] {logging_mixin.py:117} INFO - [2022-09-24T21:05:43.176+0300] {dag.py:3324} INFO - Setting next_dagrun for example_branch_labels to 2022-09-23T00:00:00+00:00, run_after=2022-09-24T00:00:00+00:00
[2022-09-24T21:05:43.435+0300] {processor.py:178} INFO - Processing /home/rex/.local/lib/python3.8/site-packages/airflow/example_dags/example_branch_labels.py took 0.462 seconds
[2022-09-24T21:06:26.320+0300] {processor.py:156} INFO - Started process (PID=4223) to work on /home/rex/.local/lib/python3.8/site-packages/airflow/example_dags/example_branch_labels.py
[2022-09-24T21:06:26.322+0300] {processor.py:758} INFO - Processing file /home/rex/.local/lib/python3.8/site-packages/airflow/example_dags/example_branch_labels.py for tasks to queue
[2022-09-24T21:06:26.323+0300] {logging_mixin.py:117} INFO - [2022-09-24T21:06:26.323+0300] {dagbag.py:525} INFO - Filling up the DagBag from /home/rex/.local/lib/python3.8/site-packages/airflow/example_dags/example_branch_labels.py
[2022-09-24T21:06:26.341+0300] {processor.py:768} INFO - DAG(s) dict_keys(['example_branch_labels']) retrieved from /home/rex/.local/lib/python3.8/site-packages/airflow/example_dags/example_branch_labels.py
[2022-09-24T21:06:26.393+0300] {logging_mixin.py:117} INFO - [2022-09-24T21:06:26.393+0300] {dag.py:2573} INFO - Sync 1 DAGs
[2022-09-24T21:06:26.430+0300] {logging_mixin.py:117} INFO - [2022-09-24T21:06:26.430+0300] {dag.py:3324} INFO - Setting next_dagrun for example_branch_labels to 2022-09-23T00:00:00+00:00, run_after=2022-09-24T00:00:00+00:00
[2022-09-24T21:06:26.618+0300] {processor.py:178} INFO - Processing /home/rex/.local/lib/python3.8/site-packages/airflow/example_dags/example_branch_labels.py took 0.300 seconds
[2022-09-24T21:26:37.893+0300] {processor.py:156} INFO - Started process (PID=4427) to work on /home/rex/.local/lib/python3.8/site-packages/airflow/example_dags/example_branch_labels.py
[2022-09-24T21:26:37.922+0300] {processor.py:758} INFO - Processing file /home/rex/.local/lib/python3.8/site-packages/airflow/example_dags/example_branch_labels.py for tasks to queue
[2022-09-24T21:26:37.923+0300] {logging_mixin.py:117} INFO - [2022-09-24T21:26:37.923+0300] {dagbag.py:525} INFO - Filling up the DagBag from /home/rex/.local/lib/python3.8/site-packages/airflow/example_dags/example_branch_labels.py
[2022-09-24T21:26:37.944+0300] {processor.py:768} INFO - DAG(s) dict_keys(['example_branch_labels']) retrieved from /home/rex/.local/lib/python3.8/site-packages/airflow/example_dags/example_branch_labels.py
[2022-09-24T21:26:38.002+0300] {logging_mixin.py:117} INFO - [2022-09-24T21:26:38.002+0300] {dag.py:2573} INFO - Sync 1 DAGs
[2022-09-24T21:26:38.041+0300] {logging_mixin.py:117} INFO - [2022-09-24T21:26:38.040+0300] {dag.py:3324} INFO - Setting next_dagrun for example_branch_labels to 2022-09-23T00:00:00+00:00, run_after=2022-09-24T00:00:00+00:00
[2022-09-24T21:26:38.390+0300] {processor.py:178} INFO - Processing /home/rex/.local/lib/python3.8/site-packages/airflow/example_dags/example_branch_labels.py took 0.500 seconds
[2022-09-24T21:29:56.728+0300] {processor.py:156} INFO - Started process (PID=4500) to work on /home/rex/.local/lib/python3.8/site-packages/airflow/example_dags/example_branch_labels.py
[2022-09-24T21:29:56.732+0300] {processor.py:758} INFO - Processing file /home/rex/.local/lib/python3.8/site-packages/airflow/example_dags/example_branch_labels.py for tasks to queue
[2022-09-24T21:29:56.733+0300] {logging_mixin.py:117} INFO - [2022-09-24T21:29:56.733+0300] {dagbag.py:525} INFO - Filling up the DagBag from /home/rex/.local/lib/python3.8/site-packages/airflow/example_dags/example_branch_labels.py
[2022-09-24T21:29:56.762+0300] {processor.py:768} INFO - DAG(s) dict_keys(['example_branch_labels']) retrieved from /home/rex/.local/lib/python3.8/site-packages/airflow/example_dags/example_branch_labels.py
[2022-09-24T21:29:56.825+0300] {logging_mixin.py:117} INFO - [2022-09-24T21:29:56.824+0300] {dag.py:2573} INFO - Sync 1 DAGs
[2022-09-24T21:29:56.869+0300] {logging_mixin.py:117} INFO - [2022-09-24T21:29:56.869+0300] {dag.py:3324} INFO - Setting next_dagrun for example_branch_labels to 2022-09-23T00:00:00+00:00, run_after=2022-09-24T00:00:00+00:00
[2022-09-24T21:29:57.045+0300] {processor.py:178} INFO - Processing /home/rex/.local/lib/python3.8/site-packages/airflow/example_dags/example_branch_labels.py took 0.322 seconds
