[2022-09-24T20:04:49.056+0300] {processor.py:156} INFO - Started process (PID=3601) to work on /home/rex/.local/lib/python3.8/site-packages/airflow/example_dags/example_trigger_target_dag.py
[2022-09-24T20:04:49.058+0300] {processor.py:758} INFO - Processing file /home/rex/.local/lib/python3.8/site-packages/airflow/example_dags/example_trigger_target_dag.py for tasks to queue
[2022-09-24T20:04:49.059+0300] {logging_mixin.py:117} INFO - [2022-09-24T20:04:49.059+0300] {dagbag.py:525} INFO - Filling up the DagBag from /home/rex/.local/lib/python3.8/site-packages/airflow/example_dags/example_trigger_target_dag.py
[2022-09-24T20:04:49.084+0300] {processor.py:768} INFO - DAG(s) dict_keys(['example_trigger_target_dag']) retrieved from /home/rex/.local/lib/python3.8/site-packages/airflow/example_dags/example_trigger_target_dag.py
[2022-09-24T20:04:49.134+0300] {logging_mixin.py:117} INFO - [2022-09-24T20:04:49.134+0300] {dag.py:2573} INFO - Sync 1 DAGs
[2022-09-24T20:04:49.169+0300] {logging_mixin.py:117} INFO - [2022-09-24T20:04:49.169+0300] {dag.py:3324} INFO - Setting next_dagrun for example_trigger_target_dag to None, run_after=None
[2022-09-24T20:04:49.346+0300] {processor.py:178} INFO - Processing /home/rex/.local/lib/python3.8/site-packages/airflow/example_dags/example_trigger_target_dag.py took 0.293 seconds
[2022-09-24T20:05:49.966+0300] {processor.py:156} INFO - Started process (PID=3661) to work on /home/rex/.local/lib/python3.8/site-packages/airflow/example_dags/example_trigger_target_dag.py
[2022-09-24T20:05:49.967+0300] {processor.py:758} INFO - Processing file /home/rex/.local/lib/python3.8/site-packages/airflow/example_dags/example_trigger_target_dag.py for tasks to queue
[2022-09-24T20:05:49.968+0300] {logging_mixin.py:117} INFO - [2022-09-24T20:05:49.968+0300] {dagbag.py:525} INFO - Filling up the DagBag from /home/rex/.local/lib/python3.8/site-packages/airflow/example_dags/example_trigger_target_dag.py
[2022-09-24T20:05:49.995+0300] {processor.py:768} INFO - DAG(s) dict_keys(['example_trigger_target_dag']) retrieved from /home/rex/.local/lib/python3.8/site-packages/airflow/example_dags/example_trigger_target_dag.py
[2022-09-24T20:05:50.045+0300] {logging_mixin.py:117} INFO - [2022-09-24T20:05:50.045+0300] {dag.py:2573} INFO - Sync 1 DAGs
[2022-09-24T20:05:50.080+0300] {logging_mixin.py:117} INFO - [2022-09-24T20:05:50.080+0300] {dag.py:3324} INFO - Setting next_dagrun for example_trigger_target_dag to None, run_after=None
[2022-09-24T20:05:50.266+0300] {processor.py:178} INFO - Processing /home/rex/.local/lib/python3.8/site-packages/airflow/example_dags/example_trigger_target_dag.py took 0.304 seconds
[2022-09-24T21:04:13.322+0300] {processor.py:156} INFO - Started process (PID=4128) to work on /home/rex/.local/lib/python3.8/site-packages/airflow/example_dags/example_trigger_target_dag.py
[2022-09-24T21:04:13.368+0300] {processor.py:758} INFO - Processing file /home/rex/.local/lib/python3.8/site-packages/airflow/example_dags/example_trigger_target_dag.py for tasks to queue
[2022-09-24T21:04:13.404+0300] {logging_mixin.py:117} INFO - [2022-09-24T21:04:13.404+0300] {dagbag.py:525} INFO - Filling up the DagBag from /home/rex/.local/lib/python3.8/site-packages/airflow/example_dags/example_trigger_target_dag.py
[2022-09-24T21:04:13.555+0300] {processor.py:768} INFO - DAG(s) dict_keys(['example_trigger_target_dag']) retrieved from /home/rex/.local/lib/python3.8/site-packages/airflow/example_dags/example_trigger_target_dag.py
[2022-09-24T21:04:13.730+0300] {logging_mixin.py:117} INFO - [2022-09-24T21:04:13.730+0300] {dag.py:2573} INFO - Sync 1 DAGs
[2022-09-24T21:04:13.785+0300] {logging_mixin.py:117} INFO - [2022-09-24T21:04:13.785+0300] {dag.py:3324} INFO - Setting next_dagrun for example_trigger_target_dag to None, run_after=None
[2022-09-24T21:04:13.995+0300] {processor.py:178} INFO - Processing /home/rex/.local/lib/python3.8/site-packages/airflow/example_dags/example_trigger_target_dag.py took 0.678 seconds
[2022-09-24T21:06:02.773+0300] {processor.py:156} INFO - Started process (PID=4208) to work on /home/rex/.local/lib/python3.8/site-packages/airflow/example_dags/example_trigger_target_dag.py
[2022-09-24T21:06:02.937+0300] {processor.py:758} INFO - Processing file /home/rex/.local/lib/python3.8/site-packages/airflow/example_dags/example_trigger_target_dag.py for tasks to queue
[2022-09-24T21:06:02.938+0300] {logging_mixin.py:117} INFO - [2022-09-24T21:06:02.938+0300] {dagbag.py:525} INFO - Filling up the DagBag from /home/rex/.local/lib/python3.8/site-packages/airflow/example_dags/example_trigger_target_dag.py
[2022-09-24T21:06:03.020+0300] {processor.py:768} INFO - DAG(s) dict_keys(['example_trigger_target_dag']) retrieved from /home/rex/.local/lib/python3.8/site-packages/airflow/example_dags/example_trigger_target_dag.py
[2022-09-24T21:06:03.120+0300] {logging_mixin.py:117} INFO - [2022-09-24T21:06:03.119+0300] {dag.py:2573} INFO - Sync 1 DAGs
[2022-09-24T21:06:03.170+0300] {logging_mixin.py:117} INFO - [2022-09-24T21:06:03.169+0300] {dag.py:3324} INFO - Setting next_dagrun for example_trigger_target_dag to None, run_after=None
[2022-09-24T21:06:03.465+0300] {processor.py:178} INFO - Processing /home/rex/.local/lib/python3.8/site-packages/airflow/example_dags/example_trigger_target_dag.py took 0.699 seconds
[2022-09-24T21:07:15.957+0300] {processor.py:156} INFO - Started process (PID=4256) to work on /home/rex/.local/lib/python3.8/site-packages/airflow/example_dags/example_trigger_target_dag.py
[2022-09-24T21:07:15.959+0300] {processor.py:758} INFO - Processing file /home/rex/.local/lib/python3.8/site-packages/airflow/example_dags/example_trigger_target_dag.py for tasks to queue
[2022-09-24T21:07:15.960+0300] {logging_mixin.py:117} INFO - [2022-09-24T21:07:15.960+0300] {dagbag.py:525} INFO - Filling up the DagBag from /home/rex/.local/lib/python3.8/site-packages/airflow/example_dags/example_trigger_target_dag.py
[2022-09-24T21:07:15.988+0300] {processor.py:768} INFO - DAG(s) dict_keys(['example_trigger_target_dag']) retrieved from /home/rex/.local/lib/python3.8/site-packages/airflow/example_dags/example_trigger_target_dag.py
[2022-09-24T21:07:16.038+0300] {logging_mixin.py:117} INFO - [2022-09-24T21:07:16.038+0300] {dag.py:2573} INFO - Sync 1 DAGs
[2022-09-24T21:07:16.072+0300] {logging_mixin.py:117} INFO - [2022-09-24T21:07:16.072+0300] {dag.py:3324} INFO - Setting next_dagrun for example_trigger_target_dag to None, run_after=None
[2022-09-24T21:07:16.297+0300] {processor.py:178} INFO - Processing /home/rex/.local/lib/python3.8/site-packages/airflow/example_dags/example_trigger_target_dag.py took 0.343 seconds
