[2022-09-24T20:03:58.551+0300] {processor.py:156} INFO - Started process (PID=3568) to work on /home/rex/.local/lib/python3.8/site-packages/airflow/example_dags/example_short_circuit_operator.py
[2022-09-24T20:03:58.553+0300] {processor.py:758} INFO - Processing file /home/rex/.local/lib/python3.8/site-packages/airflow/example_dags/example_short_circuit_operator.py for tasks to queue
[2022-09-24T20:03:58.554+0300] {logging_mixin.py:117} INFO - [2022-09-24T20:03:58.554+0300] {dagbag.py:525} INFO - Filling up the DagBag from /home/rex/.local/lib/python3.8/site-packages/airflow/example_dags/example_short_circuit_operator.py
[2022-09-24T20:03:58.585+0300] {processor.py:768} INFO - DAG(s) dict_keys(['example_short_circuit_operator']) retrieved from /home/rex/.local/lib/python3.8/site-packages/airflow/example_dags/example_short_circuit_operator.py
[2022-09-24T20:03:58.753+0300] {logging_mixin.py:117} INFO - [2022-09-24T20:03:58.753+0300] {dag.py:2573} INFO - Sync 1 DAGs
[2022-09-24T20:03:58.785+0300] {logging_mixin.py:117} INFO - [2022-09-24T20:03:58.785+0300] {dag.py:3324} INFO - Setting next_dagrun for example_short_circuit_operator to 2022-09-23T17:03:58.784847+00:00, run_after=2022-09-24T17:03:58.784847+00:00
[2022-09-24T20:03:59.049+0300] {processor.py:178} INFO - Processing /home/rex/.local/lib/python3.8/site-packages/airflow/example_dags/example_short_circuit_operator.py took 0.502 seconds
[2022-09-24T20:05:03.355+0300] {processor.py:156} INFO - Started process (PID=3626) to work on /home/rex/.local/lib/python3.8/site-packages/airflow/example_dags/example_short_circuit_operator.py
[2022-09-24T20:05:03.357+0300] {processor.py:758} INFO - Processing file /home/rex/.local/lib/python3.8/site-packages/airflow/example_dags/example_short_circuit_operator.py for tasks to queue
[2022-09-24T20:05:03.359+0300] {logging_mixin.py:117} INFO - [2022-09-24T20:05:03.358+0300] {dagbag.py:525} INFO - Filling up the DagBag from /home/rex/.local/lib/python3.8/site-packages/airflow/example_dags/example_short_circuit_operator.py
[2022-09-24T20:05:03.378+0300] {processor.py:768} INFO - DAG(s) dict_keys(['example_short_circuit_operator']) retrieved from /home/rex/.local/lib/python3.8/site-packages/airflow/example_dags/example_short_circuit_operator.py
[2022-09-24T20:05:03.425+0300] {logging_mixin.py:117} INFO - [2022-09-24T20:05:03.424+0300] {dag.py:2573} INFO - Sync 1 DAGs
[2022-09-24T20:05:03.452+0300] {logging_mixin.py:117} INFO - [2022-09-24T20:05:03.452+0300] {dag.py:3324} INFO - Setting next_dagrun for example_short_circuit_operator to 2022-09-23T17:05:03.452433+00:00, run_after=2022-09-24T17:05:03.452433+00:00
[2022-09-24T20:05:04.848+0300] {processor.py:178} INFO - Processing /home/rex/.local/lib/python3.8/site-packages/airflow/example_dags/example_short_circuit_operator.py took 1.497 seconds
[2022-09-24T20:06:22.296+0300] {processor.py:156} INFO - Started process (PID=3696) to work on /home/rex/.local/lib/python3.8/site-packages/airflow/example_dags/example_short_circuit_operator.py
[2022-09-24T20:06:22.585+0300] {processor.py:758} INFO - Processing file /home/rex/.local/lib/python3.8/site-packages/airflow/example_dags/example_short_circuit_operator.py for tasks to queue
[2022-09-24T20:06:22.607+0300] {logging_mixin.py:117} INFO - [2022-09-24T20:06:22.607+0300] {dagbag.py:525} INFO - Filling up the DagBag from /home/rex/.local/lib/python3.8/site-packages/airflow/example_dags/example_short_circuit_operator.py
[2022-09-24T20:06:22.667+0300] {processor.py:768} INFO - DAG(s) dict_keys(['example_short_circuit_operator']) retrieved from /home/rex/.local/lib/python3.8/site-packages/airflow/example_dags/example_short_circuit_operator.py
[2022-09-24T20:06:23.971+0300] {logging_mixin.py:117} INFO - [2022-09-24T20:06:23.970+0300] {dag.py:2573} INFO - Sync 1 DAGs
[2022-09-24T20:06:24.019+0300] {logging_mixin.py:117} INFO - [2022-09-24T20:06:24.019+0300] {dag.py:3324} INFO - Setting next_dagrun for example_short_circuit_operator to 2022-09-23T17:06:24.018679+00:00, run_after=2022-09-24T17:06:24.018679+00:00
[2022-09-24T20:06:25.464+0300] {processor.py:178} INFO - Processing /home/rex/.local/lib/python3.8/site-packages/airflow/example_dags/example_short_circuit_operator.py took 3.175 seconds
[2022-09-24T21:03:15.988+0300] {processor.py:156} INFO - Started process (PID=4079) to work on /home/rex/.local/lib/python3.8/site-packages/airflow/example_dags/example_short_circuit_operator.py
[2022-09-24T21:03:16.016+0300] {processor.py:758} INFO - Processing file /home/rex/.local/lib/python3.8/site-packages/airflow/example_dags/example_short_circuit_operator.py for tasks to queue
[2022-09-24T21:03:16.018+0300] {logging_mixin.py:117} INFO - [2022-09-24T21:03:16.017+0300] {dagbag.py:525} INFO - Filling up the DagBag from /home/rex/.local/lib/python3.8/site-packages/airflow/example_dags/example_short_circuit_operator.py
[2022-09-24T21:03:16.041+0300] {processor.py:768} INFO - DAG(s) dict_keys(['example_short_circuit_operator']) retrieved from /home/rex/.local/lib/python3.8/site-packages/airflow/example_dags/example_short_circuit_operator.py
[2022-09-24T21:03:16.197+0300] {logging_mixin.py:117} INFO - [2022-09-24T21:03:16.197+0300] {dag.py:2573} INFO - Sync 1 DAGs
[2022-09-24T21:03:16.254+0300] {logging_mixin.py:117} INFO - [2022-09-24T21:03:16.253+0300] {dag.py:3324} INFO - Setting next_dagrun for example_short_circuit_operator to 2022-09-23T18:03:16.252697+00:00, run_after=2022-09-24T18:03:16.252697+00:00
[2022-09-24T21:03:16.482+0300] {processor.py:178} INFO - Processing /home/rex/.local/lib/python3.8/site-packages/airflow/example_dags/example_short_circuit_operator.py took 0.498 seconds
[2022-09-24T21:04:42.807+0300] {processor.py:156} INFO - Started process (PID=4162) to work on /home/rex/.local/lib/python3.8/site-packages/airflow/example_dags/example_short_circuit_operator.py
[2022-09-24T21:04:42.830+0300] {processor.py:758} INFO - Processing file /home/rex/.local/lib/python3.8/site-packages/airflow/example_dags/example_short_circuit_operator.py for tasks to queue
[2022-09-24T21:04:42.835+0300] {logging_mixin.py:117} INFO - [2022-09-24T21:04:42.835+0300] {dagbag.py:525} INFO - Filling up the DagBag from /home/rex/.local/lib/python3.8/site-packages/airflow/example_dags/example_short_circuit_operator.py
[2022-09-24T21:04:42.903+0300] {processor.py:768} INFO - DAG(s) dict_keys(['example_short_circuit_operator']) retrieved from /home/rex/.local/lib/python3.8/site-packages/airflow/example_dags/example_short_circuit_operator.py
[2022-09-24T21:04:43.278+0300] {logging_mixin.py:117} INFO - [2022-09-24T21:04:43.278+0300] {dag.py:2573} INFO - Sync 1 DAGs
[2022-09-24T21:04:43.388+0300] {logging_mixin.py:117} INFO - [2022-09-24T21:04:43.388+0300] {dag.py:3324} INFO - Setting next_dagrun for example_short_circuit_operator to 2022-09-23T18:04:43.387794+00:00, run_after=2022-09-24T18:04:43.387794+00:00
[2022-09-24T21:04:44.308+0300] {processor.py:178} INFO - Processing /home/rex/.local/lib/python3.8/site-packages/airflow/example_dags/example_short_circuit_operator.py took 1.506 seconds
[2022-09-24T21:05:38.075+0300] {processor.py:156} INFO - Started process (PID=4191) to work on /home/rex/.local/lib/python3.8/site-packages/airflow/example_dags/example_short_circuit_operator.py
[2022-09-24T21:05:38.077+0300] {processor.py:758} INFO - Processing file /home/rex/.local/lib/python3.8/site-packages/airflow/example_dags/example_short_circuit_operator.py for tasks to queue
[2022-09-24T21:05:38.078+0300] {logging_mixin.py:117} INFO - [2022-09-24T21:05:38.078+0300] {dagbag.py:525} INFO - Filling up the DagBag from /home/rex/.local/lib/python3.8/site-packages/airflow/example_dags/example_short_circuit_operator.py
[2022-09-24T21:05:38.113+0300] {processor.py:768} INFO - DAG(s) dict_keys(['example_short_circuit_operator']) retrieved from /home/rex/.local/lib/python3.8/site-packages/airflow/example_dags/example_short_circuit_operator.py
[2022-09-24T21:05:38.180+0300] {logging_mixin.py:117} INFO - [2022-09-24T21:05:38.180+0300] {dag.py:2573} INFO - Sync 1 DAGs
[2022-09-24T21:05:38.257+0300] {logging_mixin.py:117} INFO - [2022-09-24T21:05:38.257+0300] {dag.py:3324} INFO - Setting next_dagrun for example_short_circuit_operator to 2022-09-23T18:05:38.257047+00:00, run_after=2022-09-24T18:05:38.257047+00:00
[2022-09-24T21:05:38.427+0300] {processor.py:178} INFO - Processing /home/rex/.local/lib/python3.8/site-packages/airflow/example_dags/example_short_circuit_operator.py took 0.357 seconds
[2022-09-24T21:06:20.003+0300] {processor.py:156} INFO - Started process (PID=4219) to work on /home/rex/.local/lib/python3.8/site-packages/airflow/example_dags/example_short_circuit_operator.py
[2022-09-24T21:06:20.005+0300] {processor.py:758} INFO - Processing file /home/rex/.local/lib/python3.8/site-packages/airflow/example_dags/example_short_circuit_operator.py for tasks to queue
[2022-09-24T21:06:20.007+0300] {logging_mixin.py:117} INFO - [2022-09-24T21:06:20.007+0300] {dagbag.py:525} INFO - Filling up the DagBag from /home/rex/.local/lib/python3.8/site-packages/airflow/example_dags/example_short_circuit_operator.py
[2022-09-24T21:06:20.039+0300] {processor.py:768} INFO - DAG(s) dict_keys(['example_short_circuit_operator']) retrieved from /home/rex/.local/lib/python3.8/site-packages/airflow/example_dags/example_short_circuit_operator.py
[2022-09-24T21:06:20.124+0300] {logging_mixin.py:117} INFO - [2022-09-24T21:06:20.123+0300] {dag.py:2573} INFO - Sync 1 DAGs
[2022-09-24T21:06:20.169+0300] {logging_mixin.py:117} INFO - [2022-09-24T21:06:20.168+0300] {dag.py:3324} INFO - Setting next_dagrun for example_short_circuit_operator to 2022-09-23T18:06:20.167673+00:00, run_after=2022-09-24T18:06:20.167673+00:00
[2022-09-24T21:06:20.378+0300] {processor.py:178} INFO - Processing /home/rex/.local/lib/python3.8/site-packages/airflow/example_dags/example_short_circuit_operator.py took 0.380 seconds
[2022-09-24T21:06:58.684+0300] {processor.py:156} INFO - Started process (PID=4244) to work on /home/rex/.local/lib/python3.8/site-packages/airflow/example_dags/example_short_circuit_operator.py
[2022-09-24T21:06:58.686+0300] {processor.py:758} INFO - Processing file /home/rex/.local/lib/python3.8/site-packages/airflow/example_dags/example_short_circuit_operator.py for tasks to queue
[2022-09-24T21:06:58.688+0300] {logging_mixin.py:117} INFO - [2022-09-24T21:06:58.687+0300] {dagbag.py:525} INFO - Filling up the DagBag from /home/rex/.local/lib/python3.8/site-packages/airflow/example_dags/example_short_circuit_operator.py
[2022-09-24T21:06:58.722+0300] {processor.py:768} INFO - DAG(s) dict_keys(['example_short_circuit_operator']) retrieved from /home/rex/.local/lib/python3.8/site-packages/airflow/example_dags/example_short_circuit_operator.py
[2022-09-24T21:06:58.784+0300] {logging_mixin.py:117} INFO - [2022-09-24T21:06:58.784+0300] {dag.py:2573} INFO - Sync 1 DAGs
[2022-09-24T21:06:58.837+0300] {logging_mixin.py:117} INFO - [2022-09-24T21:06:58.837+0300] {dag.py:3324} INFO - Setting next_dagrun for example_short_circuit_operator to 2022-09-23T18:06:58.836973+00:00, run_after=2022-09-24T18:06:58.836973+00:00
[2022-09-24T21:06:59.185+0300] {processor.py:178} INFO - Processing /home/rex/.local/lib/python3.8/site-packages/airflow/example_dags/example_short_circuit_operator.py took 0.506 seconds
[2022-09-24T21:26:27.895+0300] {processor.py:156} INFO - Started process (PID=4422) to work on /home/rex/.local/lib/python3.8/site-packages/airflow/example_dags/example_short_circuit_operator.py
[2022-09-24T21:26:27.921+0300] {processor.py:758} INFO - Processing file /home/rex/.local/lib/python3.8/site-packages/airflow/example_dags/example_short_circuit_operator.py for tasks to queue
[2022-09-24T21:26:27.927+0300] {logging_mixin.py:117} INFO - [2022-09-24T21:26:27.926+0300] {dagbag.py:525} INFO - Filling up the DagBag from /home/rex/.local/lib/python3.8/site-packages/airflow/example_dags/example_short_circuit_operator.py
[2022-09-24T21:26:27.968+0300] {processor.py:768} INFO - DAG(s) dict_keys(['example_short_circuit_operator']) retrieved from /home/rex/.local/lib/python3.8/site-packages/airflow/example_dags/example_short_circuit_operator.py
[2022-09-24T21:26:28.079+0300] {logging_mixin.py:117} INFO - [2022-09-24T21:26:28.079+0300] {dag.py:2573} INFO - Sync 1 DAGs
[2022-09-24T21:26:28.222+0300] {logging_mixin.py:117} INFO - [2022-09-24T21:26:28.222+0300] {dag.py:3324} INFO - Setting next_dagrun for example_short_circuit_operator to 2022-09-23T18:26:28.221644+00:00, run_after=2022-09-24T18:26:28.221644+00:00
[2022-09-24T21:26:28.519+0300] {processor.py:178} INFO - Processing /home/rex/.local/lib/python3.8/site-packages/airflow/example_dags/example_short_circuit_operator.py took 0.628 seconds
[2022-09-24T21:29:50.919+0300] {processor.py:156} INFO - Started process (PID=4495) to work on /home/rex/.local/lib/python3.8/site-packages/airflow/example_dags/example_short_circuit_operator.py
[2022-09-24T21:29:50.922+0300] {processor.py:758} INFO - Processing file /home/rex/.local/lib/python3.8/site-packages/airflow/example_dags/example_short_circuit_operator.py for tasks to queue
[2022-09-24T21:29:50.924+0300] {logging_mixin.py:117} INFO - [2022-09-24T21:29:50.924+0300] {dagbag.py:525} INFO - Filling up the DagBag from /home/rex/.local/lib/python3.8/site-packages/airflow/example_dags/example_short_circuit_operator.py
[2022-09-24T21:29:50.963+0300] {processor.py:768} INFO - DAG(s) dict_keys(['example_short_circuit_operator']) retrieved from /home/rex/.local/lib/python3.8/site-packages/airflow/example_dags/example_short_circuit_operator.py
[2022-09-24T21:29:51.050+0300] {logging_mixin.py:117} INFO - [2022-09-24T21:29:51.050+0300] {dag.py:2573} INFO - Sync 1 DAGs
[2022-09-24T21:29:51.167+0300] {logging_mixin.py:117} INFO - [2022-09-24T21:29:51.167+0300] {dag.py:3324} INFO - Setting next_dagrun for example_short_circuit_operator to 2022-09-23T18:29:51.166614+00:00, run_after=2022-09-24T18:29:51.166614+00:00
[2022-09-24T21:29:51.340+0300] {processor.py:178} INFO - Processing /home/rex/.local/lib/python3.8/site-packages/airflow/example_dags/example_short_circuit_operator.py took 0.426 seconds
