[2022-09-24T20:04:35.896+0300] {processor.py:156} INFO - Started process (PID=3592) to work on /home/rex/.local/lib/python3.8/site-packages/airflow/example_dags/example_time_delta_sensor_async.py
[2022-09-24T20:04:35.898+0300] {processor.py:758} INFO - Processing file /home/rex/.local/lib/python3.8/site-packages/airflow/example_dags/example_time_delta_sensor_async.py for tasks to queue
[2022-09-24T20:04:35.899+0300] {logging_mixin.py:117} INFO - [2022-09-24T20:04:35.899+0300] {dagbag.py:525} INFO - Filling up the DagBag from /home/rex/.local/lib/python3.8/site-packages/airflow/example_dags/example_time_delta_sensor_async.py
[2022-09-24T20:04:35.933+0300] {processor.py:768} INFO - DAG(s) dict_keys(['example_time_delta_sensor_async']) retrieved from /home/rex/.local/lib/python3.8/site-packages/airflow/example_dags/example_time_delta_sensor_async.py
[2022-09-24T20:04:36.978+0300] {logging_mixin.py:117} INFO - [2022-09-24T20:04:36.978+0300] {dag.py:2573} INFO - Sync 1 DAGs
[2022-09-24T20:04:37.011+0300] {logging_mixin.py:117} INFO - [2022-09-24T20:04:37.011+0300] {dag.py:3324} INFO - Setting next_dagrun for example_time_delta_sensor_async to None, run_after=None
[2022-09-24T20:04:37.303+0300] {processor.py:178} INFO - Processing /home/rex/.local/lib/python3.8/site-packages/airflow/example_dags/example_time_delta_sensor_async.py took 1.410 seconds
[2022-09-24T20:05:39.133+0300] {processor.py:156} INFO - Started process (PID=3652) to work on /home/rex/.local/lib/python3.8/site-packages/airflow/example_dags/example_time_delta_sensor_async.py
[2022-09-24T20:05:39.135+0300] {processor.py:758} INFO - Processing file /home/rex/.local/lib/python3.8/site-packages/airflow/example_dags/example_time_delta_sensor_async.py for tasks to queue
[2022-09-24T20:05:39.136+0300] {logging_mixin.py:117} INFO - [2022-09-24T20:05:39.136+0300] {dagbag.py:525} INFO - Filling up the DagBag from /home/rex/.local/lib/python3.8/site-packages/airflow/example_dags/example_time_delta_sensor_async.py
[2022-09-24T20:05:39.162+0300] {processor.py:768} INFO - DAG(s) dict_keys(['example_time_delta_sensor_async']) retrieved from /home/rex/.local/lib/python3.8/site-packages/airflow/example_dags/example_time_delta_sensor_async.py
[2022-09-24T20:05:39.375+0300] {logging_mixin.py:117} INFO - [2022-09-24T20:05:39.375+0300] {dag.py:2573} INFO - Sync 1 DAGs
[2022-09-24T20:05:39.409+0300] {logging_mixin.py:117} INFO - [2022-09-24T20:05:39.409+0300] {dag.py:3324} INFO - Setting next_dagrun for example_time_delta_sensor_async to None, run_after=None
[2022-09-24T20:05:39.656+0300] {processor.py:178} INFO - Processing /home/rex/.local/lib/python3.8/site-packages/airflow/example_dags/example_time_delta_sensor_async.py took 0.529 seconds
[2022-09-24T21:03:56.569+0300] {processor.py:156} INFO - Started process (PID=4104) to work on /home/rex/.local/lib/python3.8/site-packages/airflow/example_dags/example_time_delta_sensor_async.py
[2022-09-24T21:03:56.593+0300] {processor.py:758} INFO - Processing file /home/rex/.local/lib/python3.8/site-packages/airflow/example_dags/example_time_delta_sensor_async.py for tasks to queue
[2022-09-24T21:03:56.595+0300] {logging_mixin.py:117} INFO - [2022-09-24T21:03:56.595+0300] {dagbag.py:525} INFO - Filling up the DagBag from /home/rex/.local/lib/python3.8/site-packages/airflow/example_dags/example_time_delta_sensor_async.py
[2022-09-24T21:03:56.673+0300] {processor.py:768} INFO - DAG(s) dict_keys(['example_time_delta_sensor_async']) retrieved from /home/rex/.local/lib/python3.8/site-packages/airflow/example_dags/example_time_delta_sensor_async.py
[2022-09-24T21:03:56.870+0300] {logging_mixin.py:117} INFO - [2022-09-24T21:03:56.870+0300] {dag.py:2573} INFO - Sync 1 DAGs
[2022-09-24T21:03:56.898+0300] {logging_mixin.py:117} INFO - [2022-09-24T21:03:56.898+0300] {dag.py:3324} INFO - Setting next_dagrun for example_time_delta_sensor_async to None, run_after=None
[2022-09-24T21:03:57.304+0300] {processor.py:178} INFO - Processing /home/rex/.local/lib/python3.8/site-packages/airflow/example_dags/example_time_delta_sensor_async.py took 0.740 seconds
[2022-09-24T21:05:48.209+0300] {processor.py:156} INFO - Started process (PID=4199) to work on /home/rex/.local/lib/python3.8/site-packages/airflow/example_dags/example_time_delta_sensor_async.py
[2022-09-24T21:05:48.237+0300] {processor.py:758} INFO - Processing file /home/rex/.local/lib/python3.8/site-packages/airflow/example_dags/example_time_delta_sensor_async.py for tasks to queue
[2022-09-24T21:05:48.239+0300] {logging_mixin.py:117} INFO - [2022-09-24T21:05:48.238+0300] {dagbag.py:525} INFO - Filling up the DagBag from /home/rex/.local/lib/python3.8/site-packages/airflow/example_dags/example_time_delta_sensor_async.py
[2022-09-24T21:05:48.268+0300] {processor.py:768} INFO - DAG(s) dict_keys(['example_time_delta_sensor_async']) retrieved from /home/rex/.local/lib/python3.8/site-packages/airflow/example_dags/example_time_delta_sensor_async.py
[2022-09-24T21:05:48.604+0300] {logging_mixin.py:117} INFO - [2022-09-24T21:05:48.603+0300] {dag.py:2573} INFO - Sync 1 DAGs
[2022-09-24T21:05:48.636+0300] {logging_mixin.py:117} INFO - [2022-09-24T21:05:48.636+0300] {dag.py:3324} INFO - Setting next_dagrun for example_time_delta_sensor_async to None, run_after=None
[2022-09-24T21:05:48.832+0300] {processor.py:178} INFO - Processing /home/rex/.local/lib/python3.8/site-packages/airflow/example_dags/example_time_delta_sensor_async.py took 0.627 seconds
[2022-09-24T21:07:03.553+0300] {processor.py:156} INFO - Started process (PID=4247) to work on /home/rex/.local/lib/python3.8/site-packages/airflow/example_dags/example_time_delta_sensor_async.py
[2022-09-24T21:07:03.555+0300] {processor.py:758} INFO - Processing file /home/rex/.local/lib/python3.8/site-packages/airflow/example_dags/example_time_delta_sensor_async.py for tasks to queue
[2022-09-24T21:07:03.557+0300] {logging_mixin.py:117} INFO - [2022-09-24T21:07:03.556+0300] {dagbag.py:525} INFO - Filling up the DagBag from /home/rex/.local/lib/python3.8/site-packages/airflow/example_dags/example_time_delta_sensor_async.py
[2022-09-24T21:07:03.587+0300] {processor.py:768} INFO - DAG(s) dict_keys(['example_time_delta_sensor_async']) retrieved from /home/rex/.local/lib/python3.8/site-packages/airflow/example_dags/example_time_delta_sensor_async.py
[2022-09-24T21:07:03.949+0300] {logging_mixin.py:117} INFO - [2022-09-24T21:07:03.949+0300] {dag.py:2573} INFO - Sync 1 DAGs
[2022-09-24T21:07:04.017+0300] {logging_mixin.py:117} INFO - [2022-09-24T21:07:04.017+0300] {dag.py:3324} INFO - Setting next_dagrun for example_time_delta_sensor_async to None, run_after=None
[2022-09-24T21:07:04.199+0300] {processor.py:178} INFO - Processing /home/rex/.local/lib/python3.8/site-packages/airflow/example_dags/example_time_delta_sensor_async.py took 0.651 seconds
[2022-09-24T21:27:18.030+0300] {processor.py:156} INFO - Started process (PID=4447) to work on /home/rex/.local/lib/python3.8/site-packages/airflow/example_dags/example_time_delta_sensor_async.py
[2022-09-24T21:27:18.051+0300] {processor.py:758} INFO - Processing file /home/rex/.local/lib/python3.8/site-packages/airflow/example_dags/example_time_delta_sensor_async.py for tasks to queue
[2022-09-24T21:27:18.052+0300] {logging_mixin.py:117} INFO - [2022-09-24T21:27:18.052+0300] {dagbag.py:525} INFO - Filling up the DagBag from /home/rex/.local/lib/python3.8/site-packages/airflow/example_dags/example_time_delta_sensor_async.py
[2022-09-24T21:27:18.072+0300] {processor.py:768} INFO - DAG(s) dict_keys(['example_time_delta_sensor_async']) retrieved from /home/rex/.local/lib/python3.8/site-packages/airflow/example_dags/example_time_delta_sensor_async.py
[2022-09-24T21:27:18.338+0300] {logging_mixin.py:117} INFO - [2022-09-24T21:27:18.338+0300] {dag.py:2573} INFO - Sync 1 DAGs
[2022-09-24T21:27:18.376+0300] {logging_mixin.py:117} INFO - [2022-09-24T21:27:18.376+0300] {dag.py:3324} INFO - Setting next_dagrun for example_time_delta_sensor_async to None, run_after=None
[2022-09-24T21:27:18.540+0300] {processor.py:178} INFO - Processing /home/rex/.local/lib/python3.8/site-packages/airflow/example_dags/example_time_delta_sensor_async.py took 0.512 seconds
