[2022-09-24T20:04:25.186+0300] {processor.py:156} INFO - Started process (PID=3584) to work on /home/rex/.local/lib/python3.8/site-packages/airflow/example_dags/example_branch_day_of_week_operator.py
[2022-09-24T20:04:25.188+0300] {processor.py:758} INFO - Processing file /home/rex/.local/lib/python3.8/site-packages/airflow/example_dags/example_branch_day_of_week_operator.py for tasks to queue
[2022-09-24T20:04:25.189+0300] {logging_mixin.py:117} INFO - [2022-09-24T20:04:25.189+0300] {dagbag.py:525} INFO - Filling up the DagBag from /home/rex/.local/lib/python3.8/site-packages/airflow/example_dags/example_branch_day_of_week_operator.py
[2022-09-24T20:04:25.316+0300] {processor.py:768} INFO - DAG(s) dict_keys(['example_weekday_branch_operator']) retrieved from /home/rex/.local/lib/python3.8/site-packages/airflow/example_dags/example_branch_day_of_week_operator.py
[2022-09-24T20:04:25.371+0300] {logging_mixin.py:117} INFO - [2022-09-24T20:04:25.370+0300] {dag.py:2573} INFO - Sync 1 DAGs
[2022-09-24T20:04:25.409+0300] {logging_mixin.py:117} INFO - [2022-09-24T20:04:25.409+0300] {dag.py:3324} INFO - Setting next_dagrun for example_weekday_branch_operator to 2022-09-23T00:00:00+00:00, run_after=2022-09-24T00:00:00+00:00
[2022-09-24T20:04:25.642+0300] {processor.py:178} INFO - Processing /home/rex/.local/lib/python3.8/site-packages/airflow/example_dags/example_branch_day_of_week_operator.py took 0.459 seconds
[2022-09-24T20:05:25.667+0300] {processor.py:156} INFO - Started process (PID=3642) to work on /home/rex/.local/lib/python3.8/site-packages/airflow/example_dags/example_branch_day_of_week_operator.py
[2022-09-24T20:05:25.669+0300] {processor.py:758} INFO - Processing file /home/rex/.local/lib/python3.8/site-packages/airflow/example_dags/example_branch_day_of_week_operator.py for tasks to queue
[2022-09-24T20:05:25.672+0300] {logging_mixin.py:117} INFO - [2022-09-24T20:05:25.671+0300] {dagbag.py:525} INFO - Filling up the DagBag from /home/rex/.local/lib/python3.8/site-packages/airflow/example_dags/example_branch_day_of_week_operator.py
[2022-09-24T20:05:25.697+0300] {processor.py:768} INFO - DAG(s) dict_keys(['example_weekday_branch_operator']) retrieved from /home/rex/.local/lib/python3.8/site-packages/airflow/example_dags/example_branch_day_of_week_operator.py
[2022-09-24T20:05:25.755+0300] {logging_mixin.py:117} INFO - [2022-09-24T20:05:25.755+0300] {dag.py:2573} INFO - Sync 1 DAGs
[2022-09-24T20:05:25.790+0300] {logging_mixin.py:117} INFO - [2022-09-24T20:05:25.789+0300] {dag.py:3324} INFO - Setting next_dagrun for example_weekday_branch_operator to 2022-09-23T00:00:00+00:00, run_after=2022-09-24T00:00:00+00:00
[2022-09-24T20:05:25.984+0300] {processor.py:178} INFO - Processing /home/rex/.local/lib/python3.8/site-packages/airflow/example_dags/example_branch_day_of_week_operator.py took 0.322 seconds
[2022-09-24T20:07:16.390+0300] {processor.py:156} INFO - Started process (PID=3714) to work on /home/rex/.local/lib/python3.8/site-packages/airflow/example_dags/example_branch_day_of_week_operator.py
[2022-09-24T20:07:16.405+0300] {processor.py:758} INFO - Processing file /home/rex/.local/lib/python3.8/site-packages/airflow/example_dags/example_branch_day_of_week_operator.py for tasks to queue
[2022-09-24T20:07:16.410+0300] {logging_mixin.py:117} INFO - [2022-09-24T20:07:16.409+0300] {dagbag.py:525} INFO - Filling up the DagBag from /home/rex/.local/lib/python3.8/site-packages/airflow/example_dags/example_branch_day_of_week_operator.py
[2022-09-24T20:07:16.480+0300] {processor.py:768} INFO - DAG(s) dict_keys(['example_weekday_branch_operator']) retrieved from /home/rex/.local/lib/python3.8/site-packages/airflow/example_dags/example_branch_day_of_week_operator.py
[2022-09-24T20:07:16.642+0300] {logging_mixin.py:117} INFO - [2022-09-24T20:07:16.642+0300] {dag.py:2573} INFO - Sync 1 DAGs
[2022-09-24T20:07:16.736+0300] {logging_mixin.py:117} INFO - [2022-09-24T20:07:16.736+0300] {dag.py:3324} INFO - Setting next_dagrun for example_weekday_branch_operator to 2022-09-23T00:00:00+00:00, run_after=2022-09-24T00:00:00+00:00
[2022-09-24T20:07:17.048+0300] {processor.py:178} INFO - Processing /home/rex/.local/lib/python3.8/site-packages/airflow/example_dags/example_branch_day_of_week_operator.py took 0.664 seconds
[2022-09-24T21:03:43.800+0300] {processor.py:156} INFO - Started process (PID=4095) to work on /home/rex/.local/lib/python3.8/site-packages/airflow/example_dags/example_branch_day_of_week_operator.py
[2022-09-24T21:03:43.852+0300] {processor.py:758} INFO - Processing file /home/rex/.local/lib/python3.8/site-packages/airflow/example_dags/example_branch_day_of_week_operator.py for tasks to queue
[2022-09-24T21:03:43.854+0300] {logging_mixin.py:117} INFO - [2022-09-24T21:03:43.853+0300] {dagbag.py:525} INFO - Filling up the DagBag from /home/rex/.local/lib/python3.8/site-packages/airflow/example_dags/example_branch_day_of_week_operator.py
[2022-09-24T21:03:43.900+0300] {processor.py:768} INFO - DAG(s) dict_keys(['example_weekday_branch_operator']) retrieved from /home/rex/.local/lib/python3.8/site-packages/airflow/example_dags/example_branch_day_of_week_operator.py
[2022-09-24T21:03:43.963+0300] {logging_mixin.py:117} INFO - [2022-09-24T21:03:43.963+0300] {dag.py:2573} INFO - Sync 1 DAGs
[2022-09-24T21:03:44.008+0300] {logging_mixin.py:117} INFO - [2022-09-24T21:03:44.008+0300] {dag.py:3324} INFO - Setting next_dagrun for example_weekday_branch_operator to 2022-09-23T00:00:00+00:00, run_after=2022-09-24T00:00:00+00:00
[2022-09-24T21:03:44.363+0300] {processor.py:178} INFO - Processing /home/rex/.local/lib/python3.8/site-packages/airflow/example_dags/example_branch_day_of_week_operator.py took 0.568 seconds
[2022-09-24T21:05:21.558+0300] {processor.py:156} INFO - Started process (PID=4180) to work on /home/rex/.local/lib/python3.8/site-packages/airflow/example_dags/example_branch_day_of_week_operator.py
[2022-09-24T21:05:21.580+0300] {processor.py:758} INFO - Processing file /home/rex/.local/lib/python3.8/site-packages/airflow/example_dags/example_branch_day_of_week_operator.py for tasks to queue
[2022-09-24T21:05:21.582+0300] {logging_mixin.py:117} INFO - [2022-09-24T21:05:21.582+0300] {dagbag.py:525} INFO - Filling up the DagBag from /home/rex/.local/lib/python3.8/site-packages/airflow/example_dags/example_branch_day_of_week_operator.py
[2022-09-24T21:05:21.616+0300] {processor.py:768} INFO - DAG(s) dict_keys(['example_weekday_branch_operator']) retrieved from /home/rex/.local/lib/python3.8/site-packages/airflow/example_dags/example_branch_day_of_week_operator.py
[2022-09-24T21:05:21.717+0300] {logging_mixin.py:117} INFO - [2022-09-24T21:05:21.716+0300] {dag.py:2573} INFO - Sync 1 DAGs
[2022-09-24T21:05:21.764+0300] {logging_mixin.py:117} INFO - [2022-09-24T21:05:21.764+0300] {dag.py:3324} INFO - Setting next_dagrun for example_weekday_branch_operator to 2022-09-23T00:00:00+00:00, run_after=2022-09-24T00:00:00+00:00
[2022-09-24T21:05:22.020+0300] {processor.py:178} INFO - Processing /home/rex/.local/lib/python3.8/site-packages/airflow/example_dags/example_branch_day_of_week_operator.py took 0.466 seconds
[2022-09-24T21:06:39.145+0300] {processor.py:156} INFO - Started process (PID=4232) to work on /home/rex/.local/lib/python3.8/site-packages/airflow/example_dags/example_branch_day_of_week_operator.py
[2022-09-24T21:06:39.147+0300] {processor.py:758} INFO - Processing file /home/rex/.local/lib/python3.8/site-packages/airflow/example_dags/example_branch_day_of_week_operator.py for tasks to queue
[2022-09-24T21:06:39.149+0300] {logging_mixin.py:117} INFO - [2022-09-24T21:06:39.148+0300] {dagbag.py:525} INFO - Filling up the DagBag from /home/rex/.local/lib/python3.8/site-packages/airflow/example_dags/example_branch_day_of_week_operator.py
[2022-09-24T21:06:39.183+0300] {processor.py:768} INFO - DAG(s) dict_keys(['example_weekday_branch_operator']) retrieved from /home/rex/.local/lib/python3.8/site-packages/airflow/example_dags/example_branch_day_of_week_operator.py
[2022-09-24T21:06:39.260+0300] {logging_mixin.py:117} INFO - [2022-09-24T21:06:39.259+0300] {dag.py:2573} INFO - Sync 1 DAGs
[2022-09-24T21:06:39.333+0300] {logging_mixin.py:117} INFO - [2022-09-24T21:06:39.333+0300] {dag.py:3324} INFO - Setting next_dagrun for example_weekday_branch_operator to 2022-09-23T00:00:00+00:00, run_after=2022-09-24T00:00:00+00:00
[2022-09-24T21:06:39.549+0300] {processor.py:178} INFO - Processing /home/rex/.local/lib/python3.8/site-packages/airflow/example_dags/example_branch_day_of_week_operator.py took 0.407 seconds
[2022-09-24T21:27:04.175+0300] {processor.py:156} INFO - Started process (PID=4439) to work on /home/rex/.local/lib/python3.8/site-packages/airflow/example_dags/example_branch_day_of_week_operator.py
[2022-09-24T21:27:04.197+0300] {processor.py:758} INFO - Processing file /home/rex/.local/lib/python3.8/site-packages/airflow/example_dags/example_branch_day_of_week_operator.py for tasks to queue
[2022-09-24T21:27:04.199+0300] {logging_mixin.py:117} INFO - [2022-09-24T21:27:04.198+0300] {dagbag.py:525} INFO - Filling up the DagBag from /home/rex/.local/lib/python3.8/site-packages/airflow/example_dags/example_branch_day_of_week_operator.py
[2022-09-24T21:27:04.234+0300] {processor.py:768} INFO - DAG(s) dict_keys(['example_weekday_branch_operator']) retrieved from /home/rex/.local/lib/python3.8/site-packages/airflow/example_dags/example_branch_day_of_week_operator.py
[2022-09-24T21:27:04.302+0300] {logging_mixin.py:117} INFO - [2022-09-24T21:27:04.302+0300] {dag.py:2573} INFO - Sync 1 DAGs
[2022-09-24T21:27:04.352+0300] {logging_mixin.py:117} INFO - [2022-09-24T21:27:04.352+0300] {dag.py:3324} INFO - Setting next_dagrun for example_weekday_branch_operator to 2022-09-23T00:00:00+00:00, run_after=2022-09-24T00:00:00+00:00
[2022-09-24T21:27:04.605+0300] {processor.py:178} INFO - Processing /home/rex/.local/lib/python3.8/site-packages/airflow/example_dags/example_branch_day_of_week_operator.py took 0.434 seconds
