[2022-09-24T20:04:00.248+0300] {processor.py:156} INFO - Started process (PID=3569) to work on /home/rex/.local/lib/python3.8/site-packages/airflow/example_dags/example_xcom.py
[2022-09-24T20:04:00.249+0300] {processor.py:758} INFO - Processing file /home/rex/.local/lib/python3.8/site-packages/airflow/example_dags/example_xcom.py for tasks to queue
[2022-09-24T20:04:00.251+0300] {logging_mixin.py:117} INFO - [2022-09-24T20:04:00.250+0300] {dagbag.py:525} INFO - Filling up the DagBag from /home/rex/.local/lib/python3.8/site-packages/airflow/example_dags/example_xcom.py
[2022-09-24T20:04:00.276+0300] {processor.py:768} INFO - DAG(s) dict_keys(['example_xcom']) retrieved from /home/rex/.local/lib/python3.8/site-packages/airflow/example_dags/example_xcom.py
[2022-09-24T20:04:00.348+0300] {logging_mixin.py:117} INFO - [2022-09-24T20:04:00.348+0300] {dag.py:2573} INFO - Sync 1 DAGs
[2022-09-24T20:04:00.385+0300] {logging_mixin.py:117} INFO - [2022-09-24T20:04:00.385+0300] {dag.py:3324} INFO - Setting next_dagrun for example_xcom to 2021-01-01T00:00:00+00:00, run_after=2021-01-01T00:00:00+00:00
[2022-09-24T20:04:00.587+0300] {processor.py:178} INFO - Processing /home/rex/.local/lib/python3.8/site-packages/airflow/example_dags/example_xcom.py took 0.342 seconds
[2022-09-24T20:05:06.092+0300] {processor.py:156} INFO - Started process (PID=3627) to work on /home/rex/.local/lib/python3.8/site-packages/airflow/example_dags/example_xcom.py
[2022-09-24T20:05:06.093+0300] {processor.py:758} INFO - Processing file /home/rex/.local/lib/python3.8/site-packages/airflow/example_dags/example_xcom.py for tasks to queue
[2022-09-24T20:05:06.094+0300] {logging_mixin.py:117} INFO - [2022-09-24T20:05:06.094+0300] {dagbag.py:525} INFO - Filling up the DagBag from /home/rex/.local/lib/python3.8/site-packages/airflow/example_dags/example_xcom.py
[2022-09-24T20:05:06.123+0300] {processor.py:768} INFO - DAG(s) dict_keys(['example_xcom']) retrieved from /home/rex/.local/lib/python3.8/site-packages/airflow/example_dags/example_xcom.py
[2022-09-24T20:05:06.174+0300] {logging_mixin.py:117} INFO - [2022-09-24T20:05:06.173+0300] {dag.py:2573} INFO - Sync 1 DAGs
[2022-09-24T20:05:06.207+0300] {logging_mixin.py:117} INFO - [2022-09-24T20:05:06.207+0300] {dag.py:3324} INFO - Setting next_dagrun for example_xcom to 2021-01-01T00:00:00+00:00, run_after=2021-01-01T00:00:00+00:00
[2022-09-24T20:05:06.899+0300] {processor.py:178} INFO - Processing /home/rex/.local/lib/python3.8/site-packages/airflow/example_dags/example_xcom.py took 0.812 seconds
[2022-09-24T20:06:29.930+0300] {processor.py:156} INFO - Started process (PID=3697) to work on /home/rex/.local/lib/python3.8/site-packages/airflow/example_dags/example_xcom.py
[2022-09-24T20:06:30.101+0300] {processor.py:758} INFO - Processing file /home/rex/.local/lib/python3.8/site-packages/airflow/example_dags/example_xcom.py for tasks to queue
[2022-09-24T20:06:30.102+0300] {logging_mixin.py:117} INFO - [2022-09-24T20:06:30.102+0300] {dagbag.py:525} INFO - Filling up the DagBag from /home/rex/.local/lib/python3.8/site-packages/airflow/example_dags/example_xcom.py
[2022-09-24T20:06:30.131+0300] {processor.py:768} INFO - DAG(s) dict_keys(['example_xcom']) retrieved from /home/rex/.local/lib/python3.8/site-packages/airflow/example_dags/example_xcom.py
[2022-09-24T20:06:30.612+0300] {logging_mixin.py:117} INFO - [2022-09-24T20:06:30.611+0300] {dag.py:2573} INFO - Sync 1 DAGs
[2022-09-24T20:06:30.668+0300] {logging_mixin.py:117} INFO - [2022-09-24T20:06:30.668+0300] {dag.py:3324} INFO - Setting next_dagrun for example_xcom to 2021-01-01T00:00:00+00:00, run_after=2021-01-01T00:00:00+00:00
[2022-09-24T20:06:33.357+0300] {processor.py:178} INFO - Processing /home/rex/.local/lib/python3.8/site-packages/airflow/example_dags/example_xcom.py took 3.432 seconds
[2022-09-24T21:03:17.669+0300] {processor.py:156} INFO - Started process (PID=4080) to work on /home/rex/.local/lib/python3.8/site-packages/airflow/example_dags/example_xcom.py
[2022-09-24T21:03:17.692+0300] {processor.py:758} INFO - Processing file /home/rex/.local/lib/python3.8/site-packages/airflow/example_dags/example_xcom.py for tasks to queue
[2022-09-24T21:03:17.701+0300] {logging_mixin.py:117} INFO - [2022-09-24T21:03:17.701+0300] {dagbag.py:525} INFO - Filling up the DagBag from /home/rex/.local/lib/python3.8/site-packages/airflow/example_dags/example_xcom.py
[2022-09-24T21:03:17.751+0300] {processor.py:768} INFO - DAG(s) dict_keys(['example_xcom']) retrieved from /home/rex/.local/lib/python3.8/site-packages/airflow/example_dags/example_xcom.py
[2022-09-24T21:03:17.938+0300] {logging_mixin.py:117} INFO - [2022-09-24T21:03:17.938+0300] {dag.py:2573} INFO - Sync 1 DAGs
[2022-09-24T21:03:17.979+0300] {logging_mixin.py:117} INFO - [2022-09-24T21:03:17.979+0300] {dag.py:3324} INFO - Setting next_dagrun for example_xcom to 2021-01-01T00:00:00+00:00, run_after=2021-01-01T00:00:00+00:00
[2022-09-24T21:03:18.270+0300] {processor.py:178} INFO - Processing /home/rex/.local/lib/python3.8/site-packages/airflow/example_dags/example_xcom.py took 0.605 seconds
[2022-09-24T21:04:46.722+0300] {processor.py:156} INFO - Started process (PID=4164) to work on /home/rex/.local/lib/python3.8/site-packages/airflow/example_dags/example_xcom.py
[2022-09-24T21:04:46.737+0300] {processor.py:758} INFO - Processing file /home/rex/.local/lib/python3.8/site-packages/airflow/example_dags/example_xcom.py for tasks to queue
[2022-09-24T21:04:46.740+0300] {logging_mixin.py:117} INFO - [2022-09-24T21:04:46.740+0300] {dagbag.py:525} INFO - Filling up the DagBag from /home/rex/.local/lib/python3.8/site-packages/airflow/example_dags/example_xcom.py
[2022-09-24T21:04:46.864+0300] {processor.py:768} INFO - DAG(s) dict_keys(['example_xcom']) retrieved from /home/rex/.local/lib/python3.8/site-packages/airflow/example_dags/example_xcom.py
[2022-09-24T21:04:47.118+0300] {logging_mixin.py:117} INFO - [2022-09-24T21:04:47.118+0300] {dag.py:2573} INFO - Sync 1 DAGs
[2022-09-24T21:04:47.248+0300] {logging_mixin.py:117} INFO - [2022-09-24T21:04:47.248+0300] {dag.py:3324} INFO - Setting next_dagrun for example_xcom to 2021-01-01T00:00:00+00:00, run_after=2021-01-01T00:00:00+00:00
[2022-09-24T21:04:48.251+0300] {processor.py:178} INFO - Processing /home/rex/.local/lib/python3.8/site-packages/airflow/example_dags/example_xcom.py took 1.537 seconds
[2022-09-24T21:05:39.602+0300] {processor.py:156} INFO - Started process (PID=4192) to work on /home/rex/.local/lib/python3.8/site-packages/airflow/example_dags/example_xcom.py
[2022-09-24T21:05:39.603+0300] {processor.py:758} INFO - Processing file /home/rex/.local/lib/python3.8/site-packages/airflow/example_dags/example_xcom.py for tasks to queue
[2022-09-24T21:05:39.605+0300] {logging_mixin.py:117} INFO - [2022-09-24T21:05:39.605+0300] {dagbag.py:525} INFO - Filling up the DagBag from /home/rex/.local/lib/python3.8/site-packages/airflow/example_dags/example_xcom.py
[2022-09-24T21:05:39.635+0300] {processor.py:768} INFO - DAG(s) dict_keys(['example_xcom']) retrieved from /home/rex/.local/lib/python3.8/site-packages/airflow/example_dags/example_xcom.py
[2022-09-24T21:05:39.734+0300] {logging_mixin.py:117} INFO - [2022-09-24T21:05:39.734+0300] {dag.py:2573} INFO - Sync 1 DAGs
[2022-09-24T21:05:39.770+0300] {logging_mixin.py:117} INFO - [2022-09-24T21:05:39.770+0300] {dag.py:3324} INFO - Setting next_dagrun for example_xcom to 2021-01-01T00:00:00+00:00, run_after=2021-01-01T00:00:00+00:00
[2022-09-24T21:05:39.967+0300] {processor.py:178} INFO - Processing /home/rex/.local/lib/python3.8/site-packages/airflow/example_dags/example_xcom.py took 0.369 seconds
[2022-09-24T21:06:21.753+0300] {processor.py:156} INFO - Started process (PID=4220) to work on /home/rex/.local/lib/python3.8/site-packages/airflow/example_dags/example_xcom.py
[2022-09-24T21:06:21.755+0300] {processor.py:758} INFO - Processing file /home/rex/.local/lib/python3.8/site-packages/airflow/example_dags/example_xcom.py for tasks to queue
[2022-09-24T21:06:21.756+0300] {logging_mixin.py:117} INFO - [2022-09-24T21:06:21.755+0300] {dagbag.py:525} INFO - Filling up the DagBag from /home/rex/.local/lib/python3.8/site-packages/airflow/example_dags/example_xcom.py
[2022-09-24T21:06:21.811+0300] {processor.py:768} INFO - DAG(s) dict_keys(['example_xcom']) retrieved from /home/rex/.local/lib/python3.8/site-packages/airflow/example_dags/example_xcom.py
[2022-09-24T21:06:21.894+0300] {logging_mixin.py:117} INFO - [2022-09-24T21:06:21.894+0300] {dag.py:2573} INFO - Sync 1 DAGs
[2022-09-24T21:06:21.929+0300] {logging_mixin.py:117} INFO - [2022-09-24T21:06:21.928+0300] {dag.py:3324} INFO - Setting next_dagrun for example_xcom to 2021-01-01T00:00:00+00:00, run_after=2021-01-01T00:00:00+00:00
[2022-09-24T21:06:22.109+0300] {processor.py:178} INFO - Processing /home/rex/.local/lib/python3.8/site-packages/airflow/example_dags/example_xcom.py took 0.360 seconds
[2022-09-24T21:26:30.185+0300] {processor.py:156} INFO - Started process (PID=4423) to work on /home/rex/.local/lib/python3.8/site-packages/airflow/example_dags/example_xcom.py
[2022-09-24T21:26:30.197+0300] {processor.py:758} INFO - Processing file /home/rex/.local/lib/python3.8/site-packages/airflow/example_dags/example_xcom.py for tasks to queue
[2022-09-24T21:26:30.199+0300] {logging_mixin.py:117} INFO - [2022-09-24T21:26:30.199+0300] {dagbag.py:525} INFO - Filling up the DagBag from /home/rex/.local/lib/python3.8/site-packages/airflow/example_dags/example_xcom.py
[2022-09-24T21:26:30.319+0300] {processor.py:768} INFO - DAG(s) dict_keys(['example_xcom']) retrieved from /home/rex/.local/lib/python3.8/site-packages/airflow/example_dags/example_xcom.py
[2022-09-24T21:26:30.501+0300] {logging_mixin.py:117} INFO - [2022-09-24T21:26:30.494+0300] {dag.py:2573} INFO - Sync 1 DAGs
[2022-09-24T21:26:30.570+0300] {logging_mixin.py:117} INFO - [2022-09-24T21:26:30.569+0300] {dag.py:3324} INFO - Setting next_dagrun for example_xcom to 2021-01-01T00:00:00+00:00, run_after=2021-01-01T00:00:00+00:00
[2022-09-24T21:26:30.818+0300] {processor.py:178} INFO - Processing /home/rex/.local/lib/python3.8/site-packages/airflow/example_dags/example_xcom.py took 0.639 seconds
[2022-09-24T21:29:52.705+0300] {processor.py:156} INFO - Started process (PID=4496) to work on /home/rex/.local/lib/python3.8/site-packages/airflow/example_dags/example_xcom.py
[2022-09-24T21:29:52.706+0300] {processor.py:758} INFO - Processing file /home/rex/.local/lib/python3.8/site-packages/airflow/example_dags/example_xcom.py for tasks to queue
[2022-09-24T21:29:52.708+0300] {logging_mixin.py:117} INFO - [2022-09-24T21:29:52.708+0300] {dagbag.py:525} INFO - Filling up the DagBag from /home/rex/.local/lib/python3.8/site-packages/airflow/example_dags/example_xcom.py
[2022-09-24T21:29:52.745+0300] {processor.py:768} INFO - DAG(s) dict_keys(['example_xcom']) retrieved from /home/rex/.local/lib/python3.8/site-packages/airflow/example_dags/example_xcom.py
[2022-09-24T21:29:52.803+0300] {logging_mixin.py:117} INFO - [2022-09-24T21:29:52.803+0300] {dag.py:2573} INFO - Sync 1 DAGs
[2022-09-24T21:29:52.838+0300] {logging_mixin.py:117} INFO - [2022-09-24T21:29:52.838+0300] {dag.py:3324} INFO - Setting next_dagrun for example_xcom to 2021-01-01T00:00:00+00:00, run_after=2021-01-01T00:00:00+00:00
[2022-09-24T21:29:53.001+0300] {processor.py:178} INFO - Processing /home/rex/.local/lib/python3.8/site-packages/airflow/example_dags/example_xcom.py took 0.300 seconds
