[2022-09-24T20:04:07.988+0300] {processor.py:156} INFO - Started process (PID=3574) to work on /home/rex/.local/lib/python3.8/site-packages/airflow/example_dags/example_branch_operator_decorator.py
[2022-09-24T20:04:07.989+0300] {processor.py:758} INFO - Processing file /home/rex/.local/lib/python3.8/site-packages/airflow/example_dags/example_branch_operator_decorator.py for tasks to queue
[2022-09-24T20:04:07.991+0300] {logging_mixin.py:117} INFO - [2022-09-24T20:04:07.991+0300] {dagbag.py:525} INFO - Filling up the DagBag from /home/rex/.local/lib/python3.8/site-packages/airflow/example_dags/example_branch_operator_decorator.py
[2022-09-24T20:04:08.020+0300] {processor.py:768} INFO - DAG(s) dict_keys(['example_branch_python_operator_decorator']) retrieved from /home/rex/.local/lib/python3.8/site-packages/airflow/example_dags/example_branch_operator_decorator.py
[2022-09-24T20:04:08.107+0300] {logging_mixin.py:117} INFO - [2022-09-24T20:04:08.107+0300] {dag.py:2573} INFO - Sync 1 DAGs
[2022-09-24T20:04:08.144+0300] {logging_mixin.py:117} INFO - [2022-09-24T20:04:08.144+0300] {dag.py:3324} INFO - Setting next_dagrun for example_branch_python_operator_decorator to 2022-09-23T00:00:00+00:00, run_after=2022-09-24T00:00:00+00:00
[2022-09-24T20:04:08.500+0300] {processor.py:178} INFO - Processing /home/rex/.local/lib/python3.8/site-packages/airflow/example_dags/example_branch_operator_decorator.py took 0.515 seconds
[2022-09-24T20:05:12.917+0300] {processor.py:156} INFO - Started process (PID=3632) to work on /home/rex/.local/lib/python3.8/site-packages/airflow/example_dags/example_branch_operator_decorator.py
[2022-09-24T20:05:12.918+0300] {processor.py:758} INFO - Processing file /home/rex/.local/lib/python3.8/site-packages/airflow/example_dags/example_branch_operator_decorator.py for tasks to queue
[2022-09-24T20:05:12.920+0300] {logging_mixin.py:117} INFO - [2022-09-24T20:05:12.919+0300] {dagbag.py:525} INFO - Filling up the DagBag from /home/rex/.local/lib/python3.8/site-packages/airflow/example_dags/example_branch_operator_decorator.py
[2022-09-24T20:05:12.952+0300] {processor.py:768} INFO - DAG(s) dict_keys(['example_branch_python_operator_decorator']) retrieved from /home/rex/.local/lib/python3.8/site-packages/airflow/example_dags/example_branch_operator_decorator.py
[2022-09-24T20:05:13.001+0300] {logging_mixin.py:117} INFO - [2022-09-24T20:05:13.000+0300] {dag.py:2573} INFO - Sync 1 DAGs
[2022-09-24T20:05:13.033+0300] {logging_mixin.py:117} INFO - [2022-09-24T20:05:13.033+0300] {dag.py:3324} INFO - Setting next_dagrun for example_branch_python_operator_decorator to 2022-09-23T00:00:00+00:00, run_after=2022-09-24T00:00:00+00:00
[2022-09-24T20:05:13.244+0300] {processor.py:178} INFO - Processing /home/rex/.local/lib/python3.8/site-packages/airflow/example_dags/example_branch_operator_decorator.py took 0.331 seconds
[2022-09-24T20:06:43.134+0300] {processor.py:156} INFO - Started process (PID=3702) to work on /home/rex/.local/lib/python3.8/site-packages/airflow/example_dags/example_branch_operator_decorator.py
[2022-09-24T20:06:43.148+0300] {processor.py:758} INFO - Processing file /home/rex/.local/lib/python3.8/site-packages/airflow/example_dags/example_branch_operator_decorator.py for tasks to queue
[2022-09-24T20:06:43.149+0300] {logging_mixin.py:117} INFO - [2022-09-24T20:06:43.149+0300] {dagbag.py:525} INFO - Filling up the DagBag from /home/rex/.local/lib/python3.8/site-packages/airflow/example_dags/example_branch_operator_decorator.py
[2022-09-24T20:06:43.192+0300] {processor.py:768} INFO - DAG(s) dict_keys(['example_branch_python_operator_decorator']) retrieved from /home/rex/.local/lib/python3.8/site-packages/airflow/example_dags/example_branch_operator_decorator.py
[2022-09-24T20:06:43.753+0300] {logging_mixin.py:117} INFO - [2022-09-24T20:06:43.753+0300] {dag.py:2573} INFO - Sync 1 DAGs
[2022-09-24T20:06:43.793+0300] {logging_mixin.py:117} INFO - [2022-09-24T20:06:43.792+0300] {dag.py:3324} INFO - Setting next_dagrun for example_branch_python_operator_decorator to 2022-09-23T00:00:00+00:00, run_after=2022-09-24T00:00:00+00:00
[2022-09-24T20:06:44.413+0300] {processor.py:178} INFO - Processing /home/rex/.local/lib/python3.8/site-packages/airflow/example_dags/example_branch_operator_decorator.py took 1.289 seconds
[2022-09-24T21:03:25.372+0300] {processor.py:156} INFO - Started process (PID=4085) to work on /home/rex/.local/lib/python3.8/site-packages/airflow/example_dags/example_branch_operator_decorator.py
[2022-09-24T21:03:25.435+0300] {processor.py:758} INFO - Processing file /home/rex/.local/lib/python3.8/site-packages/airflow/example_dags/example_branch_operator_decorator.py for tasks to queue
[2022-09-24T21:03:25.448+0300] {logging_mixin.py:117} INFO - [2022-09-24T21:03:25.448+0300] {dagbag.py:525} INFO - Filling up the DagBag from /home/rex/.local/lib/python3.8/site-packages/airflow/example_dags/example_branch_operator_decorator.py
[2022-09-24T21:03:25.595+0300] {processor.py:768} INFO - DAG(s) dict_keys(['example_branch_python_operator_decorator']) retrieved from /home/rex/.local/lib/python3.8/site-packages/airflow/example_dags/example_branch_operator_decorator.py
[2022-09-24T21:03:27.299+0300] {logging_mixin.py:117} INFO - [2022-09-24T21:03:27.298+0300] {dag.py:2573} INFO - Sync 1 DAGs
[2022-09-24T21:03:27.404+0300] {logging_mixin.py:117} INFO - [2022-09-24T21:03:27.404+0300] {dag.py:3324} INFO - Setting next_dagrun for example_branch_python_operator_decorator to 2022-09-23T00:00:00+00:00, run_after=2022-09-24T00:00:00+00:00
[2022-09-24T21:03:27.659+0300] {processor.py:178} INFO - Processing /home/rex/.local/lib/python3.8/site-packages/airflow/example_dags/example_branch_operator_decorator.py took 2.291 seconds
[2022-09-24T21:04:56.854+0300] {processor.py:156} INFO - Started process (PID=4169) to work on /home/rex/.local/lib/python3.8/site-packages/airflow/example_dags/example_branch_operator_decorator.py
[2022-09-24T21:04:56.869+0300] {processor.py:758} INFO - Processing file /home/rex/.local/lib/python3.8/site-packages/airflow/example_dags/example_branch_operator_decorator.py for tasks to queue
[2022-09-24T21:04:56.871+0300] {logging_mixin.py:117} INFO - [2022-09-24T21:04:56.871+0300] {dagbag.py:525} INFO - Filling up the DagBag from /home/rex/.local/lib/python3.8/site-packages/airflow/example_dags/example_branch_operator_decorator.py
[2022-09-24T21:04:57.041+0300] {processor.py:768} INFO - DAG(s) dict_keys(['example_branch_python_operator_decorator']) retrieved from /home/rex/.local/lib/python3.8/site-packages/airflow/example_dags/example_branch_operator_decorator.py
[2022-09-24T21:04:57.574+0300] {logging_mixin.py:117} INFO - [2022-09-24T21:04:57.574+0300] {dag.py:2573} INFO - Sync 1 DAGs
[2022-09-24T21:04:57.773+0300] {logging_mixin.py:117} INFO - [2022-09-24T21:04:57.773+0300] {dag.py:3324} INFO - Setting next_dagrun for example_branch_python_operator_decorator to 2022-09-23T00:00:00+00:00, run_after=2022-09-24T00:00:00+00:00
[2022-09-24T21:04:58.383+0300] {processor.py:178} INFO - Processing /home/rex/.local/lib/python3.8/site-packages/airflow/example_dags/example_branch_operator_decorator.py took 1.534 seconds
[2022-09-24T21:05:44.668+0300] {processor.py:156} INFO - Started process (PID=4197) to work on /home/rex/.local/lib/python3.8/site-packages/airflow/example_dags/example_branch_operator_decorator.py
[2022-09-24T21:05:44.682+0300] {processor.py:758} INFO - Processing file /home/rex/.local/lib/python3.8/site-packages/airflow/example_dags/example_branch_operator_decorator.py for tasks to queue
[2022-09-24T21:05:44.687+0300] {logging_mixin.py:117} INFO - [2022-09-24T21:05:44.686+0300] {dagbag.py:525} INFO - Filling up the DagBag from /home/rex/.local/lib/python3.8/site-packages/airflow/example_dags/example_branch_operator_decorator.py
[2022-09-24T21:05:44.744+0300] {processor.py:768} INFO - DAG(s) dict_keys(['example_branch_python_operator_decorator']) retrieved from /home/rex/.local/lib/python3.8/site-packages/airflow/example_dags/example_branch_operator_decorator.py
[2022-09-24T21:05:44.810+0300] {logging_mixin.py:117} INFO - [2022-09-24T21:05:44.809+0300] {dag.py:2573} INFO - Sync 1 DAGs
[2022-09-24T21:05:44.859+0300] {logging_mixin.py:117} INFO - [2022-09-24T21:05:44.858+0300] {dag.py:3324} INFO - Setting next_dagrun for example_branch_python_operator_decorator to 2022-09-23T00:00:00+00:00, run_after=2022-09-24T00:00:00+00:00
[2022-09-24T21:05:45.046+0300] {processor.py:178} INFO - Processing /home/rex/.local/lib/python3.8/site-packages/airflow/example_dags/example_branch_operator_decorator.py took 0.382 seconds
[2022-09-24T21:07:00.498+0300] {processor.py:156} INFO - Started process (PID=4245) to work on /home/rex/.local/lib/python3.8/site-packages/airflow/example_dags/example_branch_operator_decorator.py
[2022-09-24T21:07:00.499+0300] {processor.py:758} INFO - Processing file /home/rex/.local/lib/python3.8/site-packages/airflow/example_dags/example_branch_operator_decorator.py for tasks to queue
[2022-09-24T21:07:00.500+0300] {logging_mixin.py:117} INFO - [2022-09-24T21:07:00.500+0300] {dagbag.py:525} INFO - Filling up the DagBag from /home/rex/.local/lib/python3.8/site-packages/airflow/example_dags/example_branch_operator_decorator.py
[2022-09-24T21:07:00.546+0300] {processor.py:768} INFO - DAG(s) dict_keys(['example_branch_python_operator_decorator']) retrieved from /home/rex/.local/lib/python3.8/site-packages/airflow/example_dags/example_branch_operator_decorator.py
[2022-09-24T21:07:00.613+0300] {logging_mixin.py:117} INFO - [2022-09-24T21:07:00.613+0300] {dag.py:2573} INFO - Sync 1 DAGs
[2022-09-24T21:07:00.654+0300] {logging_mixin.py:117} INFO - [2022-09-24T21:07:00.653+0300] {dag.py:3324} INFO - Setting next_dagrun for example_branch_python_operator_decorator to 2022-09-23T00:00:00+00:00, run_after=2022-09-24T00:00:00+00:00
[2022-09-24T21:07:00.826+0300] {processor.py:178} INFO - Processing /home/rex/.local/lib/python3.8/site-packages/airflow/example_dags/example_branch_operator_decorator.py took 0.332 seconds
[2022-09-24T21:26:39.573+0300] {processor.py:156} INFO - Started process (PID=4428) to work on /home/rex/.local/lib/python3.8/site-packages/airflow/example_dags/example_branch_operator_decorator.py
[2022-09-24T21:26:39.598+0300] {processor.py:758} INFO - Processing file /home/rex/.local/lib/python3.8/site-packages/airflow/example_dags/example_branch_operator_decorator.py for tasks to queue
[2022-09-24T21:26:39.607+0300] {logging_mixin.py:117} INFO - [2022-09-24T21:26:39.607+0300] {dagbag.py:525} INFO - Filling up the DagBag from /home/rex/.local/lib/python3.8/site-packages/airflow/example_dags/example_branch_operator_decorator.py
[2022-09-24T21:26:39.673+0300] {processor.py:768} INFO - DAG(s) dict_keys(['example_branch_python_operator_decorator']) retrieved from /home/rex/.local/lib/python3.8/site-packages/airflow/example_dags/example_branch_operator_decorator.py
[2022-09-24T21:26:39.750+0300] {logging_mixin.py:117} INFO - [2022-09-24T21:26:39.750+0300] {dag.py:2573} INFO - Sync 1 DAGs
[2022-09-24T21:26:39.818+0300] {logging_mixin.py:117} INFO - [2022-09-24T21:26:39.817+0300] {dag.py:3324} INFO - Setting next_dagrun for example_branch_python_operator_decorator to 2022-09-23T00:00:00+00:00, run_after=2022-09-24T00:00:00+00:00
[2022-09-24T21:26:40.087+0300] {processor.py:178} INFO - Processing /home/rex/.local/lib/python3.8/site-packages/airflow/example_dags/example_branch_operator_decorator.py took 0.518 seconds
[2022-09-24T21:29:58.445+0300] {processor.py:156} INFO - Started process (PID=4501) to work on /home/rex/.local/lib/python3.8/site-packages/airflow/example_dags/example_branch_operator_decorator.py
[2022-09-24T21:29:58.447+0300] {processor.py:758} INFO - Processing file /home/rex/.local/lib/python3.8/site-packages/airflow/example_dags/example_branch_operator_decorator.py for tasks to queue
[2022-09-24T21:29:58.448+0300] {logging_mixin.py:117} INFO - [2022-09-24T21:29:58.448+0300] {dagbag.py:525} INFO - Filling up the DagBag from /home/rex/.local/lib/python3.8/site-packages/airflow/example_dags/example_branch_operator_decorator.py
[2022-09-24T21:29:58.489+0300] {processor.py:768} INFO - DAG(s) dict_keys(['example_branch_python_operator_decorator']) retrieved from /home/rex/.local/lib/python3.8/site-packages/airflow/example_dags/example_branch_operator_decorator.py
[2022-09-24T21:29:58.571+0300] {logging_mixin.py:117} INFO - [2022-09-24T21:29:58.571+0300] {dag.py:2573} INFO - Sync 1 DAGs
[2022-09-24T21:29:58.619+0300] {logging_mixin.py:117} INFO - [2022-09-24T21:29:58.619+0300] {dag.py:3324} INFO - Setting next_dagrun for example_branch_python_operator_decorator to 2022-09-23T00:00:00+00:00, run_after=2022-09-24T00:00:00+00:00
[2022-09-24T21:29:58.798+0300] {processor.py:178} INFO - Processing /home/rex/.local/lib/python3.8/site-packages/airflow/example_dags/example_branch_operator_decorator.py took 0.357 seconds
