[2022-09-24T20:04:01.776+0300] {processor.py:156} INFO - Started process (PID=3570) to work on /home/rex/.local/lib/python3.8/site-packages/airflow/example_dags/example_kubernetes_executor.py
[2022-09-24T20:04:01.778+0300] {processor.py:758} INFO - Processing file /home/rex/.local/lib/python3.8/site-packages/airflow/example_dags/example_kubernetes_executor.py for tasks to queue
[2022-09-24T20:04:01.779+0300] {logging_mixin.py:117} INFO - [2022-09-24T20:04:01.778+0300] {dagbag.py:525} INFO - Filling up the DagBag from /home/rex/.local/lib/python3.8/site-packages/airflow/example_dags/example_kubernetes_executor.py
[2022-09-24T20:04:01.799+0300] {logging_mixin.py:117} INFO - [2022-09-24T20:04:01.799+0300] {example_kubernetes_executor.py:41} WARNING - The example_kubernetes_executor example DAG requires the kubernetes provider. Please install it with: pip install apache-airflow[cncf.kubernetes]
[2022-09-24T20:04:01.800+0300] {processor.py:770} WARNING - No viable dags retrieved from /home/rex/.local/lib/python3.8/site-packages/airflow/example_dags/example_kubernetes_executor.py
[2022-09-24T20:04:01.830+0300] {processor.py:178} INFO - Processing /home/rex/.local/lib/python3.8/site-packages/airflow/example_dags/example_kubernetes_executor.py took 0.058 seconds
[2022-09-24T20:05:08.924+0300] {processor.py:156} INFO - Started process (PID=3629) to work on /home/rex/.local/lib/python3.8/site-packages/airflow/example_dags/example_kubernetes_executor.py
[2022-09-24T20:05:08.926+0300] {processor.py:758} INFO - Processing file /home/rex/.local/lib/python3.8/site-packages/airflow/example_dags/example_kubernetes_executor.py for tasks to queue
[2022-09-24T20:05:08.930+0300] {logging_mixin.py:117} INFO - [2022-09-24T20:05:08.930+0300] {dagbag.py:525} INFO - Filling up the DagBag from /home/rex/.local/lib/python3.8/site-packages/airflow/example_dags/example_kubernetes_executor.py
[2022-09-24T20:05:08.957+0300] {logging_mixin.py:117} INFO - [2022-09-24T20:05:08.957+0300] {example_kubernetes_executor.py:41} WARNING - The example_kubernetes_executor example DAG requires the kubernetes provider. Please install it with: pip install apache-airflow[cncf.kubernetes]
[2022-09-24T20:05:08.958+0300] {processor.py:770} WARNING - No viable dags retrieved from /home/rex/.local/lib/python3.8/site-packages/airflow/example_dags/example_kubernetes_executor.py
[2022-09-24T20:05:08.984+0300] {processor.py:178} INFO - Processing /home/rex/.local/lib/python3.8/site-packages/airflow/example_dags/example_kubernetes_executor.py took 0.065 seconds
[2022-09-24T20:06:33.718+0300] {processor.py:156} INFO - Started process (PID=3699) to work on /home/rex/.local/lib/python3.8/site-packages/airflow/example_dags/example_kubernetes_executor.py
[2022-09-24T20:06:33.826+0300] {processor.py:758} INFO - Processing file /home/rex/.local/lib/python3.8/site-packages/airflow/example_dags/example_kubernetes_executor.py for tasks to queue
[2022-09-24T20:06:33.827+0300] {logging_mixin.py:117} INFO - [2022-09-24T20:06:33.827+0300] {dagbag.py:525} INFO - Filling up the DagBag from /home/rex/.local/lib/python3.8/site-packages/airflow/example_dags/example_kubernetes_executor.py
[2022-09-24T20:06:33.850+0300] {logging_mixin.py:117} INFO - [2022-09-24T20:06:33.850+0300] {example_kubernetes_executor.py:41} WARNING - The example_kubernetes_executor example DAG requires the kubernetes provider. Please install it with: pip install apache-airflow[cncf.kubernetes]
[2022-09-24T20:06:33.851+0300] {processor.py:770} WARNING - No viable dags retrieved from /home/rex/.local/lib/python3.8/site-packages/airflow/example_dags/example_kubernetes_executor.py
[2022-09-24T20:06:33.877+0300] {processor.py:178} INFO - Processing /home/rex/.local/lib/python3.8/site-packages/airflow/example_dags/example_kubernetes_executor.py took 0.162 seconds
[2022-09-24T21:03:19.555+0300] {processor.py:156} INFO - Started process (PID=4082) to work on /home/rex/.local/lib/python3.8/site-packages/airflow/example_dags/example_kubernetes_executor.py
[2022-09-24T21:03:19.571+0300] {processor.py:758} INFO - Processing file /home/rex/.local/lib/python3.8/site-packages/airflow/example_dags/example_kubernetes_executor.py for tasks to queue
[2022-09-24T21:03:19.572+0300] {logging_mixin.py:117} INFO - [2022-09-24T21:03:19.572+0300] {dagbag.py:525} INFO - Filling up the DagBag from /home/rex/.local/lib/python3.8/site-packages/airflow/example_dags/example_kubernetes_executor.py
[2022-09-24T21:03:19.595+0300] {logging_mixin.py:117} INFO - [2022-09-24T21:03:19.594+0300] {example_kubernetes_executor.py:41} WARNING - The example_kubernetes_executor example DAG requires the kubernetes provider. Please install it with: pip install apache-airflow[cncf.kubernetes]
[2022-09-24T21:03:19.595+0300] {processor.py:770} WARNING - No viable dags retrieved from /home/rex/.local/lib/python3.8/site-packages/airflow/example_dags/example_kubernetes_executor.py
[2022-09-24T21:03:19.622+0300] {processor.py:178} INFO - Processing /home/rex/.local/lib/python3.8/site-packages/airflow/example_dags/example_kubernetes_executor.py took 0.070 seconds
[2022-09-24T21:04:50.482+0300] {processor.py:156} INFO - Started process (PID=4165) to work on /home/rex/.local/lib/python3.8/site-packages/airflow/example_dags/example_kubernetes_executor.py
[2022-09-24T21:04:50.507+0300] {processor.py:758} INFO - Processing file /home/rex/.local/lib/python3.8/site-packages/airflow/example_dags/example_kubernetes_executor.py for tasks to queue
[2022-09-24T21:04:50.509+0300] {logging_mixin.py:117} INFO - [2022-09-24T21:04:50.508+0300] {dagbag.py:525} INFO - Filling up the DagBag from /home/rex/.local/lib/python3.8/site-packages/airflow/example_dags/example_kubernetes_executor.py
[2022-09-24T21:04:50.588+0300] {logging_mixin.py:117} INFO - [2022-09-24T21:04:50.587+0300] {example_kubernetes_executor.py:41} WARNING - The example_kubernetes_executor example DAG requires the kubernetes provider. Please install it with: pip install apache-airflow[cncf.kubernetes]
[2022-09-24T21:04:50.588+0300] {processor.py:770} WARNING - No viable dags retrieved from /home/rex/.local/lib/python3.8/site-packages/airflow/example_dags/example_kubernetes_executor.py
[2022-09-24T21:04:50.768+0300] {processor.py:178} INFO - Processing /home/rex/.local/lib/python3.8/site-packages/airflow/example_dags/example_kubernetes_executor.py took 0.295 seconds
[2022-09-24T21:05:41.162+0300] {processor.py:156} INFO - Started process (PID=4193) to work on /home/rex/.local/lib/python3.8/site-packages/airflow/example_dags/example_kubernetes_executor.py
[2022-09-24T21:05:41.164+0300] {processor.py:758} INFO - Processing file /home/rex/.local/lib/python3.8/site-packages/airflow/example_dags/example_kubernetes_executor.py for tasks to queue
[2022-09-24T21:05:41.166+0300] {logging_mixin.py:117} INFO - [2022-09-24T21:05:41.166+0300] {dagbag.py:525} INFO - Filling up the DagBag from /home/rex/.local/lib/python3.8/site-packages/airflow/example_dags/example_kubernetes_executor.py
[2022-09-24T21:05:41.197+0300] {logging_mixin.py:117} INFO - [2022-09-24T21:05:41.197+0300] {example_kubernetes_executor.py:41} WARNING - The example_kubernetes_executor example DAG requires the kubernetes provider. Please install it with: pip install apache-airflow[cncf.kubernetes]
[2022-09-24T21:05:41.198+0300] {processor.py:770} WARNING - No viable dags retrieved from /home/rex/.local/lib/python3.8/site-packages/airflow/example_dags/example_kubernetes_executor.py
[2022-09-24T21:05:41.225+0300] {processor.py:178} INFO - Processing /home/rex/.local/lib/python3.8/site-packages/airflow/example_dags/example_kubernetes_executor.py took 0.070 seconds
[2022-09-24T21:06:23.678+0300] {processor.py:156} INFO - Started process (PID=4221) to work on /home/rex/.local/lib/python3.8/site-packages/airflow/example_dags/example_kubernetes_executor.py
[2022-09-24T21:06:23.680+0300] {processor.py:758} INFO - Processing file /home/rex/.local/lib/python3.8/site-packages/airflow/example_dags/example_kubernetes_executor.py for tasks to queue
[2022-09-24T21:06:23.685+0300] {logging_mixin.py:117} INFO - [2022-09-24T21:06:23.682+0300] {dagbag.py:525} INFO - Filling up the DagBag from /home/rex/.local/lib/python3.8/site-packages/airflow/example_dags/example_kubernetes_executor.py
[2022-09-24T21:06:23.773+0300] {logging_mixin.py:117} INFO - [2022-09-24T21:06:23.773+0300] {example_kubernetes_executor.py:41} WARNING - The example_kubernetes_executor example DAG requires the kubernetes provider. Please install it with: pip install apache-airflow[cncf.kubernetes]
[2022-09-24T21:06:23.774+0300] {processor.py:770} WARNING - No viable dags retrieved from /home/rex/.local/lib/python3.8/site-packages/airflow/example_dags/example_kubernetes_executor.py
[2022-09-24T21:06:23.804+0300] {processor.py:178} INFO - Processing /home/rex/.local/lib/python3.8/site-packages/airflow/example_dags/example_kubernetes_executor.py took 0.130 seconds
[2022-09-24T21:26:32.230+0300] {processor.py:156} INFO - Started process (PID=4425) to work on /home/rex/.local/lib/python3.8/site-packages/airflow/example_dags/example_kubernetes_executor.py
[2022-09-24T21:26:32.253+0300] {processor.py:758} INFO - Processing file /home/rex/.local/lib/python3.8/site-packages/airflow/example_dags/example_kubernetes_executor.py for tasks to queue
[2022-09-24T21:26:32.255+0300] {logging_mixin.py:117} INFO - [2022-09-24T21:26:32.255+0300] {dagbag.py:525} INFO - Filling up the DagBag from /home/rex/.local/lib/python3.8/site-packages/airflow/example_dags/example_kubernetes_executor.py
[2022-09-24T21:26:32.273+0300] {logging_mixin.py:117} INFO - [2022-09-24T21:26:32.273+0300] {example_kubernetes_executor.py:41} WARNING - The example_kubernetes_executor example DAG requires the kubernetes provider. Please install it with: pip install apache-airflow[cncf.kubernetes]
[2022-09-24T21:26:32.274+0300] {processor.py:770} WARNING - No viable dags retrieved from /home/rex/.local/lib/python3.8/site-packages/airflow/example_dags/example_kubernetes_executor.py
[2022-09-24T21:26:32.305+0300] {processor.py:178} INFO - Processing /home/rex/.local/lib/python3.8/site-packages/airflow/example_dags/example_kubernetes_executor.py took 0.080 seconds
[2022-09-24T21:29:53.910+0300] {processor.py:156} INFO - Started process (PID=4497) to work on /home/rex/.local/lib/python3.8/site-packages/airflow/example_dags/example_kubernetes_executor.py
[2022-09-24T21:29:53.933+0300] {processor.py:758} INFO - Processing file /home/rex/.local/lib/python3.8/site-packages/airflow/example_dags/example_kubernetes_executor.py for tasks to queue
[2022-09-24T21:29:53.940+0300] {logging_mixin.py:117} INFO - [2022-09-24T21:29:53.939+0300] {dagbag.py:525} INFO - Filling up the DagBag from /home/rex/.local/lib/python3.8/site-packages/airflow/example_dags/example_kubernetes_executor.py
[2022-09-24T21:29:53.997+0300] {logging_mixin.py:117} INFO - [2022-09-24T21:29:53.997+0300] {example_kubernetes_executor.py:41} WARNING - The example_kubernetes_executor example DAG requires the kubernetes provider. Please install it with: pip install apache-airflow[cncf.kubernetes]
[2022-09-24T21:29:54.008+0300] {processor.py:770} WARNING - No viable dags retrieved from /home/rex/.local/lib/python3.8/site-packages/airflow/example_dags/example_kubernetes_executor.py
[2022-09-24T21:29:54.041+0300] {processor.py:178} INFO - Processing /home/rex/.local/lib/python3.8/site-packages/airflow/example_dags/example_kubernetes_executor.py took 0.137 seconds
