[2022-09-24T20:04:12.224+0300] {processor.py:156} INFO - Started process (PID=3576) to work on /home/rex/.local/lib/python3.8/site-packages/airflow/example_dags/example_task_group.py
[2022-09-24T20:04:12.225+0300] {processor.py:758} INFO - Processing file /home/rex/.local/lib/python3.8/site-packages/airflow/example_dags/example_task_group.py for tasks to queue
[2022-09-24T20:04:12.227+0300] {logging_mixin.py:117} INFO - [2022-09-24T20:04:12.227+0300] {dagbag.py:525} INFO - Filling up the DagBag from /home/rex/.local/lib/python3.8/site-packages/airflow/example_dags/example_task_group.py
[2022-09-24T20:04:12.246+0300] {processor.py:768} INFO - DAG(s) dict_keys(['example_task_group']) retrieved from /home/rex/.local/lib/python3.8/site-packages/airflow/example_dags/example_task_group.py
[2022-09-24T20:04:12.315+0300] {logging_mixin.py:117} INFO - [2022-09-24T20:04:12.315+0300] {dag.py:2573} INFO - Sync 1 DAGs
[2022-09-24T20:04:12.349+0300] {logging_mixin.py:117} INFO - [2022-09-24T20:04:12.349+0300] {dag.py:3324} INFO - Setting next_dagrun for example_task_group to 2022-09-23T17:04:12.349129+00:00, run_after=2022-09-24T17:04:12.349129+00:00
[2022-09-24T20:04:12.745+0300] {processor.py:178} INFO - Processing /home/rex/.local/lib/python3.8/site-packages/airflow/example_dags/example_task_group.py took 0.525 seconds
[2022-09-24T20:05:15.414+0300] {processor.py:156} INFO - Started process (PID=3634) to work on /home/rex/.local/lib/python3.8/site-packages/airflow/example_dags/example_task_group.py
[2022-09-24T20:05:15.416+0300] {processor.py:758} INFO - Processing file /home/rex/.local/lib/python3.8/site-packages/airflow/example_dags/example_task_group.py for tasks to queue
[2022-09-24T20:05:15.417+0300] {logging_mixin.py:117} INFO - [2022-09-24T20:05:15.417+0300] {dagbag.py:525} INFO - Filling up the DagBag from /home/rex/.local/lib/python3.8/site-packages/airflow/example_dags/example_task_group.py
[2022-09-24T20:05:15.434+0300] {processor.py:768} INFO - DAG(s) dict_keys(['example_task_group']) retrieved from /home/rex/.local/lib/python3.8/site-packages/airflow/example_dags/example_task_group.py
[2022-09-24T20:05:15.488+0300] {logging_mixin.py:117} INFO - [2022-09-24T20:05:15.488+0300] {dag.py:2573} INFO - Sync 1 DAGs
[2022-09-24T20:05:15.526+0300] {logging_mixin.py:117} INFO - [2022-09-24T20:05:15.525+0300] {dag.py:3324} INFO - Setting next_dagrun for example_task_group to 2022-09-23T17:05:15.525497+00:00, run_after=2022-09-24T17:05:15.525497+00:00
[2022-09-24T20:05:15.773+0300] {processor.py:178} INFO - Processing /home/rex/.local/lib/python3.8/site-packages/airflow/example_dags/example_task_group.py took 0.363 seconds
[2022-09-24T20:06:50.350+0300] {processor.py:156} INFO - Started process (PID=3705) to work on /home/rex/.local/lib/python3.8/site-packages/airflow/example_dags/example_task_group.py
[2022-09-24T20:06:50.408+0300] {processor.py:758} INFO - Processing file /home/rex/.local/lib/python3.8/site-packages/airflow/example_dags/example_task_group.py for tasks to queue
[2022-09-24T20:06:50.409+0300] {logging_mixin.py:117} INFO - [2022-09-24T20:06:50.408+0300] {dagbag.py:525} INFO - Filling up the DagBag from /home/rex/.local/lib/python3.8/site-packages/airflow/example_dags/example_task_group.py
[2022-09-24T20:06:50.427+0300] {processor.py:768} INFO - DAG(s) dict_keys(['example_task_group']) retrieved from /home/rex/.local/lib/python3.8/site-packages/airflow/example_dags/example_task_group.py
[2022-09-24T20:06:51.940+0300] {logging_mixin.py:117} INFO - [2022-09-24T20:06:51.940+0300] {dag.py:2573} INFO - Sync 1 DAGs
[2022-09-24T20:06:51.974+0300] {logging_mixin.py:117} INFO - [2022-09-24T20:06:51.974+0300] {dag.py:3324} INFO - Setting next_dagrun for example_task_group to 2022-09-23T17:06:51.973881+00:00, run_after=2022-09-24T17:06:51.973881+00:00
[2022-09-24T20:06:52.789+0300] {processor.py:178} INFO - Processing /home/rex/.local/lib/python3.8/site-packages/airflow/example_dags/example_task_group.py took 2.449 seconds
[2022-09-24T21:03:31.093+0300] {processor.py:156} INFO - Started process (PID=4088) to work on /home/rex/.local/lib/python3.8/site-packages/airflow/example_dags/example_task_group.py
[2022-09-24T21:03:31.126+0300] {processor.py:758} INFO - Processing file /home/rex/.local/lib/python3.8/site-packages/airflow/example_dags/example_task_group.py for tasks to queue
[2022-09-24T21:03:31.127+0300] {logging_mixin.py:117} INFO - [2022-09-24T21:03:31.127+0300] {dagbag.py:525} INFO - Filling up the DagBag from /home/rex/.local/lib/python3.8/site-packages/airflow/example_dags/example_task_group.py
[2022-09-24T21:03:31.149+0300] {processor.py:768} INFO - DAG(s) dict_keys(['example_task_group']) retrieved from /home/rex/.local/lib/python3.8/site-packages/airflow/example_dags/example_task_group.py
[2022-09-24T21:03:31.350+0300] {logging_mixin.py:117} INFO - [2022-09-24T21:03:31.350+0300] {dag.py:2573} INFO - Sync 1 DAGs
[2022-09-24T21:03:31.510+0300] {logging_mixin.py:117} INFO - [2022-09-24T21:03:31.510+0300] {dag.py:3324} INFO - Setting next_dagrun for example_task_group to 2022-09-23T18:03:31.508249+00:00, run_after=2022-09-24T18:03:31.508249+00:00
[2022-09-24T21:03:31.823+0300] {processor.py:178} INFO - Processing /home/rex/.local/lib/python3.8/site-packages/airflow/example_dags/example_task_group.py took 0.735 seconds
[2022-09-24T21:05:04.305+0300] {processor.py:156} INFO - Started process (PID=4171) to work on /home/rex/.local/lib/python3.8/site-packages/airflow/example_dags/example_task_group.py
[2022-09-24T21:05:04.323+0300] {processor.py:758} INFO - Processing file /home/rex/.local/lib/python3.8/site-packages/airflow/example_dags/example_task_group.py for tasks to queue
[2022-09-24T21:05:04.327+0300] {logging_mixin.py:117} INFO - [2022-09-24T21:05:04.327+0300] {dagbag.py:525} INFO - Filling up the DagBag from /home/rex/.local/lib/python3.8/site-packages/airflow/example_dags/example_task_group.py
[2022-09-24T21:05:04.407+0300] {processor.py:768} INFO - DAG(s) dict_keys(['example_task_group']) retrieved from /home/rex/.local/lib/python3.8/site-packages/airflow/example_dags/example_task_group.py
[2022-09-24T21:05:04.896+0300] {logging_mixin.py:117} INFO - [2022-09-24T21:05:04.895+0300] {dag.py:2573} INFO - Sync 1 DAGs
[2022-09-24T21:05:05.049+0300] {logging_mixin.py:117} INFO - [2022-09-24T21:05:05.048+0300] {dag.py:3324} INFO - Setting next_dagrun for example_task_group to 2022-09-23T18:05:05.047629+00:00, run_after=2022-09-24T18:05:05.047629+00:00
[2022-09-24T21:05:05.459+0300] {processor.py:178} INFO - Processing /home/rex/.local/lib/python3.8/site-packages/airflow/example_dags/example_task_group.py took 1.170 seconds
[2022-09-24T21:06:27.530+0300] {processor.py:156} INFO - Started process (PID=4224) to work on /home/rex/.local/lib/python3.8/site-packages/airflow/example_dags/example_task_group.py
[2022-09-24T21:06:27.532+0300] {processor.py:758} INFO - Processing file /home/rex/.local/lib/python3.8/site-packages/airflow/example_dags/example_task_group.py for tasks to queue
[2022-09-24T21:06:27.534+0300] {logging_mixin.py:117} INFO - [2022-09-24T21:06:27.534+0300] {dagbag.py:525} INFO - Filling up the DagBag from /home/rex/.local/lib/python3.8/site-packages/airflow/example_dags/example_task_group.py
[2022-09-24T21:06:27.567+0300] {processor.py:768} INFO - DAG(s) dict_keys(['example_task_group']) retrieved from /home/rex/.local/lib/python3.8/site-packages/airflow/example_dags/example_task_group.py
[2022-09-24T21:06:27.627+0300] {logging_mixin.py:117} INFO - [2022-09-24T21:06:27.627+0300] {dag.py:2573} INFO - Sync 1 DAGs
[2022-09-24T21:06:27.675+0300] {logging_mixin.py:117} INFO - [2022-09-24T21:06:27.675+0300] {dag.py:3324} INFO - Setting next_dagrun for example_task_group to 2022-09-23T18:06:27.675155+00:00, run_after=2022-09-24T18:06:27.675155+00:00
[2022-09-24T21:06:27.873+0300] {processor.py:178} INFO - Processing /home/rex/.local/lib/python3.8/site-packages/airflow/example_dags/example_task_group.py took 0.349 seconds
[2022-09-24T21:26:44.468+0300] {processor.py:156} INFO - Started process (PID=4430) to work on /home/rex/.local/lib/python3.8/site-packages/airflow/example_dags/example_task_group.py
[2022-09-24T21:26:44.490+0300] {processor.py:758} INFO - Processing file /home/rex/.local/lib/python3.8/site-packages/airflow/example_dags/example_task_group.py for tasks to queue
[2022-09-24T21:26:44.507+0300] {logging_mixin.py:117} INFO - [2022-09-24T21:26:44.507+0300] {dagbag.py:525} INFO - Filling up the DagBag from /home/rex/.local/lib/python3.8/site-packages/airflow/example_dags/example_task_group.py
[2022-09-24T21:26:44.564+0300] {processor.py:768} INFO - DAG(s) dict_keys(['example_task_group']) retrieved from /home/rex/.local/lib/python3.8/site-packages/airflow/example_dags/example_task_group.py
[2022-09-24T21:26:44.664+0300] {logging_mixin.py:117} INFO - [2022-09-24T21:26:44.663+0300] {dag.py:2573} INFO - Sync 1 DAGs
[2022-09-24T21:26:44.705+0300] {logging_mixin.py:117} INFO - [2022-09-24T21:26:44.705+0300] {dag.py:3324} INFO - Setting next_dagrun for example_task_group to 2022-09-23T18:26:44.705031+00:00, run_after=2022-09-24T18:26:44.705031+00:00
[2022-09-24T21:26:45.102+0300] {processor.py:178} INFO - Processing /home/rex/.local/lib/python3.8/site-packages/airflow/example_dags/example_task_group.py took 0.642 seconds
