[2022-09-24T20:04:14.015+0300] {processor.py:156} INFO - Started process (PID=3577) to work on /home/rex/.local/lib/python3.8/site-packages/airflow/example_dags/example_datasets.py
[2022-09-24T20:04:14.017+0300] {processor.py:758} INFO - Processing file /home/rex/.local/lib/python3.8/site-packages/airflow/example_dags/example_datasets.py for tasks to queue
[2022-09-24T20:04:14.018+0300] {logging_mixin.py:117} INFO - [2022-09-24T20:04:14.018+0300] {dagbag.py:525} INFO - Filling up the DagBag from /home/rex/.local/lib/python3.8/site-packages/airflow/example_dags/example_datasets.py
[2022-09-24T20:04:14.041+0300] {processor.py:768} INFO - DAG(s) dict_keys(['dataset_consumes_1_never_scheduled', 'dataset_consumes_1_and_2', 'dataset_consumes_unknown_never_scheduled', 'dataset_produces_1', 'dataset_consumes_1', 'dataset_produces_2']) retrieved from /home/rex/.local/lib/python3.8/site-packages/airflow/example_dags/example_datasets.py
[2022-09-24T20:04:14.216+0300] {logging_mixin.py:117} INFO - [2022-09-24T20:04:14.216+0300] {dag.py:2573} INFO - Sync 6 DAGs
[2022-09-24T20:04:14.246+0300] {logging_mixin.py:117} INFO - [2022-09-24T20:04:14.246+0300] {dag.py:3324} INFO - Setting next_dagrun for dataset_consumes_1 to None, run_after=None
[2022-09-24T20:04:14.254+0300] {logging_mixin.py:117} INFO - [2022-09-24T20:04:14.254+0300] {dag.py:3324} INFO - Setting next_dagrun for dataset_consumes_1_and_2 to None, run_after=None
[2022-09-24T20:04:14.258+0300] {logging_mixin.py:117} INFO - [2022-09-24T20:04:14.258+0300] {dag.py:3324} INFO - Setting next_dagrun for dataset_consumes_1_never_scheduled to None, run_after=None
[2022-09-24T20:04:14.262+0300] {logging_mixin.py:117} INFO - [2022-09-24T20:04:14.261+0300] {dag.py:3324} INFO - Setting next_dagrun for dataset_consumes_unknown_never_scheduled to None, run_after=None
[2022-09-24T20:04:14.267+0300] {logging_mixin.py:117} INFO - [2022-09-24T20:04:14.267+0300] {dag.py:3324} INFO - Setting next_dagrun for dataset_produces_1 to 2022-09-23T00:00:00+00:00, run_after=2022-09-24T00:00:00+00:00
[2022-09-24T20:04:14.270+0300] {logging_mixin.py:117} INFO - [2022-09-24T20:04:14.270+0300] {dag.py:3324} INFO - Setting next_dagrun for dataset_produces_2 to None, run_after=None
[2022-09-24T20:04:14.972+0300] {processor.py:178} INFO - Processing /home/rex/.local/lib/python3.8/site-packages/airflow/example_dags/example_datasets.py took 0.959 seconds
[2022-09-24T20:05:16.989+0300] {processor.py:156} INFO - Started process (PID=3635) to work on /home/rex/.local/lib/python3.8/site-packages/airflow/example_dags/example_datasets.py
[2022-09-24T20:05:16.991+0300] {processor.py:758} INFO - Processing file /home/rex/.local/lib/python3.8/site-packages/airflow/example_dags/example_datasets.py for tasks to queue
[2022-09-24T20:05:16.992+0300] {logging_mixin.py:117} INFO - [2022-09-24T20:05:16.991+0300] {dagbag.py:525} INFO - Filling up the DagBag from /home/rex/.local/lib/python3.8/site-packages/airflow/example_dags/example_datasets.py
[2022-09-24T20:05:17.016+0300] {processor.py:768} INFO - DAG(s) dict_keys(['dataset_consumes_1_and_2', 'dataset_consumes_1_never_scheduled', 'dataset_produces_1', 'dataset_consumes_unknown_never_scheduled', 'dataset_consumes_1', 'dataset_produces_2']) retrieved from /home/rex/.local/lib/python3.8/site-packages/airflow/example_dags/example_datasets.py
[2022-09-24T20:05:17.112+0300] {logging_mixin.py:117} INFO - [2022-09-24T20:05:17.112+0300] {dag.py:2573} INFO - Sync 6 DAGs
[2022-09-24T20:05:17.146+0300] {logging_mixin.py:117} INFO - [2022-09-24T20:05:17.145+0300] {dag.py:3324} INFO - Setting next_dagrun for dataset_consumes_1 to None, run_after=None
[2022-09-24T20:05:17.153+0300] {logging_mixin.py:117} INFO - [2022-09-24T20:05:17.153+0300] {dag.py:3324} INFO - Setting next_dagrun for dataset_consumes_1_and_2 to None, run_after=None
[2022-09-24T20:05:17.156+0300] {logging_mixin.py:117} INFO - [2022-09-24T20:05:17.156+0300] {dag.py:3324} INFO - Setting next_dagrun for dataset_consumes_1_never_scheduled to None, run_after=None
[2022-09-24T20:05:17.160+0300] {logging_mixin.py:117} INFO - [2022-09-24T20:05:17.160+0300] {dag.py:3324} INFO - Setting next_dagrun for dataset_consumes_unknown_never_scheduled to None, run_after=None
[2022-09-24T20:05:17.166+0300] {logging_mixin.py:117} INFO - [2022-09-24T20:05:17.165+0300] {dag.py:3324} INFO - Setting next_dagrun for dataset_produces_1 to 2022-09-23T00:00:00+00:00, run_after=2022-09-24T00:00:00+00:00
[2022-09-24T20:05:17.169+0300] {logging_mixin.py:117} INFO - [2022-09-24T20:05:17.169+0300] {dag.py:3324} INFO - Setting next_dagrun for dataset_produces_2 to None, run_after=None
[2022-09-24T20:05:17.396+0300] {processor.py:178} INFO - Processing /home/rex/.local/lib/python3.8/site-packages/airflow/example_dags/example_datasets.py took 0.409 seconds
[2022-09-24T20:06:54.504+0300] {processor.py:156} INFO - Started process (PID=3706) to work on /home/rex/.local/lib/python3.8/site-packages/airflow/example_dags/example_datasets.py
[2022-09-24T20:06:54.571+0300] {processor.py:758} INFO - Processing file /home/rex/.local/lib/python3.8/site-packages/airflow/example_dags/example_datasets.py for tasks to queue
[2022-09-24T20:06:54.572+0300] {logging_mixin.py:117} INFO - [2022-09-24T20:06:54.572+0300] {dagbag.py:525} INFO - Filling up the DagBag from /home/rex/.local/lib/python3.8/site-packages/airflow/example_dags/example_datasets.py
[2022-09-24T20:06:54.597+0300] {processor.py:768} INFO - DAG(s) dict_keys(['dataset_produces_2', 'dataset_consumes_unknown_never_scheduled', 'dataset_consumes_1_never_scheduled', 'dataset_consumes_1', 'dataset_consumes_1_and_2', 'dataset_produces_1']) retrieved from /home/rex/.local/lib/python3.8/site-packages/airflow/example_dags/example_datasets.py
[2022-09-24T20:06:55.105+0300] {logging_mixin.py:117} INFO - [2022-09-24T20:06:55.103+0300] {dag.py:2573} INFO - Sync 6 DAGs
[2022-09-24T20:06:55.297+0300] {logging_mixin.py:117} INFO - [2022-09-24T20:06:55.296+0300] {dag.py:3324} INFO - Setting next_dagrun for dataset_consumes_1 to None, run_after=None
[2022-09-24T20:06:55.306+0300] {logging_mixin.py:117} INFO - [2022-09-24T20:06:55.306+0300] {dag.py:3324} INFO - Setting next_dagrun for dataset_consumes_1_and_2 to None, run_after=None
[2022-09-24T20:06:55.313+0300] {logging_mixin.py:117} INFO - [2022-09-24T20:06:55.313+0300] {dag.py:3324} INFO - Setting next_dagrun for dataset_consumes_1_never_scheduled to None, run_after=None
[2022-09-24T20:06:55.320+0300] {logging_mixin.py:117} INFO - [2022-09-24T20:06:55.319+0300] {dag.py:3324} INFO - Setting next_dagrun for dataset_consumes_unknown_never_scheduled to None, run_after=None
[2022-09-24T20:06:55.331+0300] {logging_mixin.py:117} INFO - [2022-09-24T20:06:55.330+0300] {dag.py:3324} INFO - Setting next_dagrun for dataset_produces_1 to 2022-09-23T00:00:00+00:00, run_after=2022-09-24T00:00:00+00:00
[2022-09-24T20:06:55.336+0300] {logging_mixin.py:117} INFO - [2022-09-24T20:06:55.336+0300] {dag.py:3324} INFO - Setting next_dagrun for dataset_produces_2 to None, run_after=None
[2022-09-24T20:06:55.905+0300] {logging_mixin.py:117} INFO - [2022-09-24T20:06:55.904+0300] {dag.py:2573} INFO - Sync 6 DAGs
[2022-09-24T20:06:56.188+0300] {logging_mixin.py:117} INFO - [2022-09-24T20:06:56.188+0300] {dag.py:3324} INFO - Setting next_dagrun for dataset_consumes_1 to None, run_after=None
[2022-09-24T20:06:56.193+0300] {logging_mixin.py:117} INFO - [2022-09-24T20:06:56.193+0300] {dag.py:3324} INFO - Setting next_dagrun for dataset_consumes_1_and_2 to None, run_after=None
[2022-09-24T20:06:56.225+0300] {logging_mixin.py:117} INFO - [2022-09-24T20:06:56.224+0300] {dag.py:3324} INFO - Setting next_dagrun for dataset_consumes_1_never_scheduled to None, run_after=None
[2022-09-24T20:06:56.232+0300] {logging_mixin.py:117} INFO - [2022-09-24T20:06:56.231+0300] {dag.py:3324} INFO - Setting next_dagrun for dataset_consumes_unknown_never_scheduled to None, run_after=None
[2022-09-24T20:06:56.241+0300] {logging_mixin.py:117} INFO - [2022-09-24T20:06:56.241+0300] {dag.py:3324} INFO - Setting next_dagrun for dataset_produces_1 to 2022-09-23T00:00:00+00:00, run_after=2022-09-24T00:00:00+00:00
[2022-09-24T20:06:56.244+0300] {logging_mixin.py:117} INFO - [2022-09-24T20:06:56.244+0300] {dag.py:3324} INFO - Setting next_dagrun for dataset_produces_2 to None, run_after=None
[2022-09-24T20:06:56.786+0300] {processor.py:178} INFO - Processing /home/rex/.local/lib/python3.8/site-packages/airflow/example_dags/example_datasets.py took 2.285 seconds
[2022-09-24T21:03:33.233+0300] {processor.py:156} INFO - Started process (PID=4089) to work on /home/rex/.local/lib/python3.8/site-packages/airflow/example_dags/example_datasets.py
[2022-09-24T21:03:33.334+0300] {processor.py:758} INFO - Processing file /home/rex/.local/lib/python3.8/site-packages/airflow/example_dags/example_datasets.py for tasks to queue
[2022-09-24T21:03:33.336+0300] {logging_mixin.py:117} INFO - [2022-09-24T21:03:33.335+0300] {dagbag.py:525} INFO - Filling up the DagBag from /home/rex/.local/lib/python3.8/site-packages/airflow/example_dags/example_datasets.py
[2022-09-24T21:03:33.361+0300] {processor.py:768} INFO - DAG(s) dict_keys(['dataset_consumes_1_never_scheduled', 'dataset_consumes_1_and_2', 'dataset_produces_2', 'dataset_consumes_unknown_never_scheduled', 'dataset_produces_1', 'dataset_consumes_1']) retrieved from /home/rex/.local/lib/python3.8/site-packages/airflow/example_dags/example_datasets.py
[2022-09-24T21:03:33.553+0300] {logging_mixin.py:117} INFO - [2022-09-24T21:03:33.553+0300] {dag.py:2573} INFO - Sync 6 DAGs
[2022-09-24T21:03:33.584+0300] {logging_mixin.py:117} INFO - [2022-09-24T21:03:33.584+0300] {dag.py:3324} INFO - Setting next_dagrun for dataset_consumes_1 to None, run_after=None
[2022-09-24T21:03:33.592+0300] {logging_mixin.py:117} INFO - [2022-09-24T21:03:33.592+0300] {dag.py:3324} INFO - Setting next_dagrun for dataset_consumes_1_and_2 to None, run_after=None
[2022-09-24T21:03:33.596+0300] {logging_mixin.py:117} INFO - [2022-09-24T21:03:33.595+0300] {dag.py:3324} INFO - Setting next_dagrun for dataset_consumes_1_never_scheduled to None, run_after=None
[2022-09-24T21:03:33.599+0300] {logging_mixin.py:117} INFO - [2022-09-24T21:03:33.599+0300] {dag.py:3324} INFO - Setting next_dagrun for dataset_consumes_unknown_never_scheduled to None, run_after=None
[2022-09-24T21:03:33.604+0300] {logging_mixin.py:117} INFO - [2022-09-24T21:03:33.604+0300] {dag.py:3324} INFO - Setting next_dagrun for dataset_produces_1 to 2022-09-23T00:00:00+00:00, run_after=2022-09-24T00:00:00+00:00
[2022-09-24T21:03:33.608+0300] {logging_mixin.py:117} INFO - [2022-09-24T21:03:33.607+0300] {dag.py:3324} INFO - Setting next_dagrun for dataset_produces_2 to None, run_after=None
[2022-09-24T21:03:33.966+0300] {processor.py:178} INFO - Processing /home/rex/.local/lib/python3.8/site-packages/airflow/example_dags/example_datasets.py took 0.739 seconds
[2022-09-24T21:05:08.664+0300] {processor.py:156} INFO - Started process (PID=4173) to work on /home/rex/.local/lib/python3.8/site-packages/airflow/example_dags/example_datasets.py
[2022-09-24T21:05:08.687+0300] {processor.py:758} INFO - Processing file /home/rex/.local/lib/python3.8/site-packages/airflow/example_dags/example_datasets.py for tasks to queue
[2022-09-24T21:05:08.688+0300] {logging_mixin.py:117} INFO - [2022-09-24T21:05:08.688+0300] {dagbag.py:525} INFO - Filling up the DagBag from /home/rex/.local/lib/python3.8/site-packages/airflow/example_dags/example_datasets.py
[2022-09-24T21:05:08.718+0300] {processor.py:768} INFO - DAG(s) dict_keys(['dataset_consumes_1', 'dataset_consumes_1_and_2', 'dataset_consumes_unknown_never_scheduled', 'dataset_produces_1', 'dataset_produces_2', 'dataset_consumes_1_never_scheduled']) retrieved from /home/rex/.local/lib/python3.8/site-packages/airflow/example_dags/example_datasets.py
[2022-09-24T21:05:08.864+0300] {logging_mixin.py:117} INFO - [2022-09-24T21:05:08.864+0300] {dag.py:2573} INFO - Sync 6 DAGs
[2022-09-24T21:05:08.907+0300] {logging_mixin.py:117} INFO - [2022-09-24T21:05:08.907+0300] {dag.py:3324} INFO - Setting next_dagrun for dataset_consumes_1 to None, run_after=None
[2022-09-24T21:05:08.913+0300] {logging_mixin.py:117} INFO - [2022-09-24T21:05:08.913+0300] {dag.py:3324} INFO - Setting next_dagrun for dataset_consumes_1_and_2 to None, run_after=None
[2022-09-24T21:05:08.917+0300] {logging_mixin.py:117} INFO - [2022-09-24T21:05:08.917+0300] {dag.py:3324} INFO - Setting next_dagrun for dataset_consumes_1_never_scheduled to None, run_after=None
[2022-09-24T21:05:08.920+0300] {logging_mixin.py:117} INFO - [2022-09-24T21:05:08.920+0300] {dag.py:3324} INFO - Setting next_dagrun for dataset_consumes_unknown_never_scheduled to None, run_after=None
[2022-09-24T21:05:08.926+0300] {logging_mixin.py:117} INFO - [2022-09-24T21:05:08.926+0300] {dag.py:3324} INFO - Setting next_dagrun for dataset_produces_1 to 2022-09-23T00:00:00+00:00, run_after=2022-09-24T00:00:00+00:00
[2022-09-24T21:05:08.930+0300] {logging_mixin.py:117} INFO - [2022-09-24T21:05:08.929+0300] {dag.py:3324} INFO - Setting next_dagrun for dataset_produces_2 to None, run_after=None
[2022-09-24T21:05:09.665+0300] {processor.py:178} INFO - Processing /home/rex/.local/lib/python3.8/site-packages/airflow/example_dags/example_datasets.py took 1.005 seconds
[2022-09-24T21:06:29.343+0300] {processor.py:156} INFO - Started process (PID=4225) to work on /home/rex/.local/lib/python3.8/site-packages/airflow/example_dags/example_datasets.py
[2022-09-24T21:06:29.344+0300] {processor.py:758} INFO - Processing file /home/rex/.local/lib/python3.8/site-packages/airflow/example_dags/example_datasets.py for tasks to queue
[2022-09-24T21:06:29.345+0300] {logging_mixin.py:117} INFO - [2022-09-24T21:06:29.345+0300] {dagbag.py:525} INFO - Filling up the DagBag from /home/rex/.local/lib/python3.8/site-packages/airflow/example_dags/example_datasets.py
[2022-09-24T21:06:29.371+0300] {processor.py:768} INFO - DAG(s) dict_keys(['dataset_consumes_unknown_never_scheduled', 'dataset_consumes_1_never_scheduled', 'dataset_consumes_1', 'dataset_produces_1', 'dataset_produces_2', 'dataset_consumes_1_and_2']) retrieved from /home/rex/.local/lib/python3.8/site-packages/airflow/example_dags/example_datasets.py
[2022-09-24T21:06:29.449+0300] {logging_mixin.py:117} INFO - [2022-09-24T21:06:29.449+0300] {dag.py:2573} INFO - Sync 6 DAGs
[2022-09-24T21:06:29.499+0300] {logging_mixin.py:117} INFO - [2022-09-24T21:06:29.499+0300] {dag.py:3324} INFO - Setting next_dagrun for dataset_consumes_1 to None, run_after=None
[2022-09-24T21:06:29.508+0300] {logging_mixin.py:117} INFO - [2022-09-24T21:06:29.508+0300] {dag.py:3324} INFO - Setting next_dagrun for dataset_consumes_1_and_2 to None, run_after=None
[2022-09-24T21:06:29.512+0300] {logging_mixin.py:117} INFO - [2022-09-24T21:06:29.512+0300] {dag.py:3324} INFO - Setting next_dagrun for dataset_consumes_1_never_scheduled to None, run_after=None
[2022-09-24T21:06:29.517+0300] {logging_mixin.py:117} INFO - [2022-09-24T21:06:29.517+0300] {dag.py:3324} INFO - Setting next_dagrun for dataset_consumes_unknown_never_scheduled to None, run_after=None
[2022-09-24T21:06:29.526+0300] {logging_mixin.py:117} INFO - [2022-09-24T21:06:29.526+0300] {dag.py:3324} INFO - Setting next_dagrun for dataset_produces_1 to 2022-09-23T00:00:00+00:00, run_after=2022-09-24T00:00:00+00:00
[2022-09-24T21:06:29.531+0300] {logging_mixin.py:117} INFO - [2022-09-24T21:06:29.530+0300] {dag.py:3324} INFO - Setting next_dagrun for dataset_produces_2 to None, run_after=None
[2022-09-24T21:06:29.882+0300] {processor.py:178} INFO - Processing /home/rex/.local/lib/python3.8/site-packages/airflow/example_dags/example_datasets.py took 0.543 seconds
[2022-09-24T21:26:48.422+0300] {processor.py:156} INFO - Started process (PID=4432) to work on /home/rex/.local/lib/python3.8/site-packages/airflow/example_dags/example_datasets.py
[2022-09-24T21:26:48.444+0300] {processor.py:758} INFO - Processing file /home/rex/.local/lib/python3.8/site-packages/airflow/example_dags/example_datasets.py for tasks to queue
[2022-09-24T21:26:48.452+0300] {logging_mixin.py:117} INFO - [2022-09-24T21:26:48.452+0300] {dagbag.py:525} INFO - Filling up the DagBag from /home/rex/.local/lib/python3.8/site-packages/airflow/example_dags/example_datasets.py
[2022-09-24T21:26:48.500+0300] {processor.py:768} INFO - DAG(s) dict_keys(['dataset_produces_1', 'dataset_consumes_1_never_scheduled', 'dataset_produces_2', 'dataset_consumes_unknown_never_scheduled', 'dataset_consumes_1', 'dataset_consumes_1_and_2']) retrieved from /home/rex/.local/lib/python3.8/site-packages/airflow/example_dags/example_datasets.py
[2022-09-24T21:26:48.795+0300] {logging_mixin.py:117} INFO - [2022-09-24T21:26:48.794+0300] {dag.py:2573} INFO - Sync 6 DAGs
[2022-09-24T21:26:48.824+0300] {logging_mixin.py:117} INFO - [2022-09-24T21:26:48.824+0300] {dag.py:3324} INFO - Setting next_dagrun for dataset_consumes_1 to None, run_after=None
[2022-09-24T21:26:48.831+0300] {logging_mixin.py:117} INFO - [2022-09-24T21:26:48.831+0300] {dag.py:3324} INFO - Setting next_dagrun for dataset_consumes_1_and_2 to None, run_after=None
[2022-09-24T21:26:48.834+0300] {logging_mixin.py:117} INFO - [2022-09-24T21:26:48.834+0300] {dag.py:3324} INFO - Setting next_dagrun for dataset_consumes_1_never_scheduled to None, run_after=None
[2022-09-24T21:26:48.838+0300] {logging_mixin.py:117} INFO - [2022-09-24T21:26:48.838+0300] {dag.py:3324} INFO - Setting next_dagrun for dataset_consumes_unknown_never_scheduled to None, run_after=None
[2022-09-24T21:26:48.843+0300] {logging_mixin.py:117} INFO - [2022-09-24T21:26:48.843+0300] {dag.py:3324} INFO - Setting next_dagrun for dataset_produces_1 to 2022-09-23T00:00:00+00:00, run_after=2022-09-24T00:00:00+00:00
[2022-09-24T21:26:48.847+0300] {logging_mixin.py:117} INFO - [2022-09-24T21:26:48.847+0300] {dag.py:3324} INFO - Setting next_dagrun for dataset_produces_2 to None, run_after=None
[2022-09-24T21:26:49.269+0300] {processor.py:178} INFO - Processing /home/rex/.local/lib/python3.8/site-packages/airflow/example_dags/example_datasets.py took 0.859 seconds
