[2022-09-24T20:04:47.514+0300] {processor.py:156} INFO - Started process (PID=3600) to work on /home/rex/.local/lib/python3.8/site-packages/airflow/example_dags/example_latest_only_with_trigger.py
[2022-09-24T20:04:47.516+0300] {processor.py:758} INFO - Processing file /home/rex/.local/lib/python3.8/site-packages/airflow/example_dags/example_latest_only_with_trigger.py for tasks to queue
[2022-09-24T20:04:47.517+0300] {logging_mixin.py:117} INFO - [2022-09-24T20:04:47.517+0300] {dagbag.py:525} INFO - Filling up the DagBag from /home/rex/.local/lib/python3.8/site-packages/airflow/example_dags/example_latest_only_with_trigger.py
[2022-09-24T20:04:47.542+0300] {processor.py:768} INFO - DAG(s) dict_keys(['latest_only_with_trigger']) retrieved from /home/rex/.local/lib/python3.8/site-packages/airflow/example_dags/example_latest_only_with_trigger.py
[2022-09-24T20:04:47.601+0300] {logging_mixin.py:117} INFO - [2022-09-24T20:04:47.600+0300] {dag.py:2573} INFO - Sync 1 DAGs
[2022-09-24T20:04:47.635+0300] {logging_mixin.py:117} INFO - [2022-09-24T20:04:47.634+0300] {dag.py:3324} INFO - Setting next_dagrun for latest_only_with_trigger to 2022-09-24T13:04:47.634603+00:00, run_after=2022-09-24T17:04:47.634603+00:00
[2022-09-24T20:04:47.861+0300] {processor.py:178} INFO - Processing /home/rex/.local/lib/python3.8/site-packages/airflow/example_dags/example_latest_only_with_trigger.py took 0.352 seconds
[2022-09-24T20:05:48.251+0300] {processor.py:156} INFO - Started process (PID=3660) to work on /home/rex/.local/lib/python3.8/site-packages/airflow/example_dags/example_latest_only_with_trigger.py
[2022-09-24T20:05:48.252+0300] {processor.py:758} INFO - Processing file /home/rex/.local/lib/python3.8/site-packages/airflow/example_dags/example_latest_only_with_trigger.py for tasks to queue
[2022-09-24T20:05:48.254+0300] {logging_mixin.py:117} INFO - [2022-09-24T20:05:48.254+0300] {dagbag.py:525} INFO - Filling up the DagBag from /home/rex/.local/lib/python3.8/site-packages/airflow/example_dags/example_latest_only_with_trigger.py
[2022-09-24T20:05:48.270+0300] {processor.py:768} INFO - DAG(s) dict_keys(['latest_only_with_trigger']) retrieved from /home/rex/.local/lib/python3.8/site-packages/airflow/example_dags/example_latest_only_with_trigger.py
[2022-09-24T20:05:48.322+0300] {logging_mixin.py:117} INFO - [2022-09-24T20:05:48.322+0300] {dag.py:2573} INFO - Sync 1 DAGs
[2022-09-24T20:05:48.356+0300] {logging_mixin.py:117} INFO - [2022-09-24T20:05:48.356+0300] {dag.py:3324} INFO - Setting next_dagrun for latest_only_with_trigger to 2022-09-24T13:05:48.356488+00:00, run_after=2022-09-24T17:05:48.356488+00:00
[2022-09-24T20:05:48.579+0300] {processor.py:178} INFO - Processing /home/rex/.local/lib/python3.8/site-packages/airflow/example_dags/example_latest_only_with_trigger.py took 0.331 seconds
[2022-09-24T21:04:11.254+0300] {processor.py:156} INFO - Started process (PID=4127) to work on /home/rex/.local/lib/python3.8/site-packages/airflow/example_dags/example_latest_only_with_trigger.py
[2022-09-24T21:04:11.273+0300] {processor.py:758} INFO - Processing file /home/rex/.local/lib/python3.8/site-packages/airflow/example_dags/example_latest_only_with_trigger.py for tasks to queue
[2022-09-24T21:04:11.274+0300] {logging_mixin.py:117} INFO - [2022-09-24T21:04:11.274+0300] {dagbag.py:525} INFO - Filling up the DagBag from /home/rex/.local/lib/python3.8/site-packages/airflow/example_dags/example_latest_only_with_trigger.py
[2022-09-24T21:04:11.311+0300] {processor.py:768} INFO - DAG(s) dict_keys(['latest_only_with_trigger']) retrieved from /home/rex/.local/lib/python3.8/site-packages/airflow/example_dags/example_latest_only_with_trigger.py
[2022-09-24T21:04:11.416+0300] {logging_mixin.py:117} INFO - [2022-09-24T21:04:11.412+0300] {dag.py:2573} INFO - Sync 1 DAGs
[2022-09-24T21:04:11.506+0300] {logging_mixin.py:117} INFO - [2022-09-24T21:04:11.506+0300] {dag.py:3324} INFO - Setting next_dagrun for latest_only_with_trigger to 2022-09-24T14:04:11.505852+00:00, run_after=2022-09-24T18:04:11.505852+00:00
[2022-09-24T21:04:11.813+0300] {processor.py:178} INFO - Processing /home/rex/.local/lib/python3.8/site-packages/airflow/example_dags/example_latest_only_with_trigger.py took 0.563 seconds
[2022-09-24T21:06:00.619+0300] {processor.py:156} INFO - Started process (PID=4207) to work on /home/rex/.local/lib/python3.8/site-packages/airflow/example_dags/example_latest_only_with_trigger.py
[2022-09-24T21:06:00.719+0300] {processor.py:758} INFO - Processing file /home/rex/.local/lib/python3.8/site-packages/airflow/example_dags/example_latest_only_with_trigger.py for tasks to queue
[2022-09-24T21:06:00.721+0300] {logging_mixin.py:117} INFO - [2022-09-24T21:06:00.721+0300] {dagbag.py:525} INFO - Filling up the DagBag from /home/rex/.local/lib/python3.8/site-packages/airflow/example_dags/example_latest_only_with_trigger.py
[2022-09-24T21:06:00.778+0300] {processor.py:768} INFO - DAG(s) dict_keys(['latest_only_with_trigger']) retrieved from /home/rex/.local/lib/python3.8/site-packages/airflow/example_dags/example_latest_only_with_trigger.py
[2022-09-24T21:06:00.907+0300] {logging_mixin.py:117} INFO - [2022-09-24T21:06:00.907+0300] {dag.py:2573} INFO - Sync 1 DAGs
[2022-09-24T21:06:00.993+0300] {logging_mixin.py:117} INFO - [2022-09-24T21:06:00.992+0300] {dag.py:3324} INFO - Setting next_dagrun for latest_only_with_trigger to 2022-09-24T14:06:00.992473+00:00, run_after=2022-09-24T18:06:00.992473+00:00
[2022-09-24T21:06:02.327+0300] {processor.py:178} INFO - Processing /home/rex/.local/lib/python3.8/site-packages/airflow/example_dags/example_latest_only_with_trigger.py took 1.713 seconds
[2022-09-24T21:07:14.240+0300] {processor.py:156} INFO - Started process (PID=4255) to work on /home/rex/.local/lib/python3.8/site-packages/airflow/example_dags/example_latest_only_with_trigger.py
[2022-09-24T21:07:14.242+0300] {processor.py:758} INFO - Processing file /home/rex/.local/lib/python3.8/site-packages/airflow/example_dags/example_latest_only_with_trigger.py for tasks to queue
[2022-09-24T21:07:14.243+0300] {logging_mixin.py:117} INFO - [2022-09-24T21:07:14.243+0300] {dagbag.py:525} INFO - Filling up the DagBag from /home/rex/.local/lib/python3.8/site-packages/airflow/example_dags/example_latest_only_with_trigger.py
[2022-09-24T21:07:14.263+0300] {processor.py:768} INFO - DAG(s) dict_keys(['latest_only_with_trigger']) retrieved from /home/rex/.local/lib/python3.8/site-packages/airflow/example_dags/example_latest_only_with_trigger.py
[2022-09-24T21:07:14.323+0300] {logging_mixin.py:117} INFO - [2022-09-24T21:07:14.322+0300] {dag.py:2573} INFO - Sync 1 DAGs
[2022-09-24T21:07:14.360+0300] {logging_mixin.py:117} INFO - [2022-09-24T21:07:14.359+0300] {dag.py:3324} INFO - Setting next_dagrun for latest_only_with_trigger to 2022-09-24T14:07:14.359343+00:00, run_after=2022-09-24T18:07:14.359343+00:00
[2022-09-24T21:07:14.560+0300] {processor.py:178} INFO - Processing /home/rex/.local/lib/python3.8/site-packages/airflow/example_dags/example_latest_only_with_trigger.py took 0.325 seconds
