[2022-09-24T20:04:39.833+0300] {processor.py:156} INFO - Started process (PID=3594) to work on /home/rex/.local/lib/python3.8/site-packages/airflow/example_dags/example_branch_datetime_operator.py
[2022-09-24T20:04:39.834+0300] {processor.py:758} INFO - Processing file /home/rex/.local/lib/python3.8/site-packages/airflow/example_dags/example_branch_datetime_operator.py for tasks to queue
[2022-09-24T20:04:39.836+0300] {logging_mixin.py:117} INFO - [2022-09-24T20:04:39.835+0300] {dagbag.py:525} INFO - Filling up the DagBag from /home/rex/.local/lib/python3.8/site-packages/airflow/example_dags/example_branch_datetime_operator.py
[2022-09-24T20:04:39.869+0300] {processor.py:768} INFO - DAG(s) dict_keys(['example_branch_datetime_operator', 'example_branch_datetime_operator_2', 'example_branch_datetime_operator_3']) retrieved from /home/rex/.local/lib/python3.8/site-packages/airflow/example_dags/example_branch_datetime_operator.py
[2022-09-24T20:04:39.934+0300] {logging_mixin.py:117} INFO - [2022-09-24T20:04:39.933+0300] {dag.py:2573} INFO - Sync 3 DAGs
[2022-09-24T20:04:39.970+0300] {logging_mixin.py:117} INFO - [2022-09-24T20:04:39.969+0300] {dag.py:3324} INFO - Setting next_dagrun for example_branch_datetime_operator to 2022-09-23T00:00:00+00:00, run_after=2022-09-24T00:00:00+00:00
[2022-09-24T20:04:39.978+0300] {logging_mixin.py:117} INFO - [2022-09-24T20:04:39.978+0300] {dag.py:3324} INFO - Setting next_dagrun for example_branch_datetime_operator_2 to 2022-09-23T00:00:00+00:00, run_after=2022-09-24T00:00:00+00:00
[2022-09-24T20:04:39.983+0300] {logging_mixin.py:117} INFO - [2022-09-24T20:04:39.983+0300] {dag.py:3324} INFO - Setting next_dagrun for example_branch_datetime_operator_3 to 2022-09-23T00:00:00+00:00, run_after=2022-09-24T00:00:00+00:00
[2022-09-24T20:04:40.345+0300] {processor.py:178} INFO - Processing /home/rex/.local/lib/python3.8/site-packages/airflow/example_dags/example_branch_datetime_operator.py took 0.515 seconds
[2022-09-24T20:05:41.942+0300] {processor.py:156} INFO - Started process (PID=3654) to work on /home/rex/.local/lib/python3.8/site-packages/airflow/example_dags/example_branch_datetime_operator.py
[2022-09-24T20:05:41.944+0300] {processor.py:758} INFO - Processing file /home/rex/.local/lib/python3.8/site-packages/airflow/example_dags/example_branch_datetime_operator.py for tasks to queue
[2022-09-24T20:05:41.946+0300] {logging_mixin.py:117} INFO - [2022-09-24T20:05:41.945+0300] {dagbag.py:525} INFO - Filling up the DagBag from /home/rex/.local/lib/python3.8/site-packages/airflow/example_dags/example_branch_datetime_operator.py
[2022-09-24T20:05:41.979+0300] {processor.py:768} INFO - DAG(s) dict_keys(['example_branch_datetime_operator', 'example_branch_datetime_operator_2', 'example_branch_datetime_operator_3']) retrieved from /home/rex/.local/lib/python3.8/site-packages/airflow/example_dags/example_branch_datetime_operator.py
[2022-09-24T20:05:42.049+0300] {logging_mixin.py:117} INFO - [2022-09-24T20:05:42.048+0300] {dag.py:2573} INFO - Sync 3 DAGs
[2022-09-24T20:05:42.079+0300] {logging_mixin.py:117} INFO - [2022-09-24T20:05:42.078+0300] {dag.py:3324} INFO - Setting next_dagrun for example_branch_datetime_operator to 2022-09-23T00:00:00+00:00, run_after=2022-09-24T00:00:00+00:00
[2022-09-24T20:05:42.086+0300] {logging_mixin.py:117} INFO - [2022-09-24T20:05:42.086+0300] {dag.py:3324} INFO - Setting next_dagrun for example_branch_datetime_operator_2 to 2022-09-23T00:00:00+00:00, run_after=2022-09-24T00:00:00+00:00
[2022-09-24T20:05:42.090+0300] {logging_mixin.py:117} INFO - [2022-09-24T20:05:42.090+0300] {dag.py:3324} INFO - Setting next_dagrun for example_branch_datetime_operator_3 to 2022-09-23T00:00:00+00:00, run_after=2022-09-24T00:00:00+00:00
[2022-09-24T20:05:42.266+0300] {processor.py:178} INFO - Processing /home/rex/.local/lib/python3.8/site-packages/airflow/example_dags/example_branch_datetime_operator.py took 0.328 seconds
[2022-09-24T21:04:00.777+0300] {processor.py:156} INFO - Started process (PID=4106) to work on /home/rex/.local/lib/python3.8/site-packages/airflow/example_dags/example_branch_datetime_operator.py
[2022-09-24T21:04:00.819+0300] {processor.py:758} INFO - Processing file /home/rex/.local/lib/python3.8/site-packages/airflow/example_dags/example_branch_datetime_operator.py for tasks to queue
[2022-09-24T21:04:00.821+0300] {logging_mixin.py:117} INFO - [2022-09-24T21:04:00.820+0300] {dagbag.py:525} INFO - Filling up the DagBag from /home/rex/.local/lib/python3.8/site-packages/airflow/example_dags/example_branch_datetime_operator.py
[2022-09-24T21:04:00.850+0300] {processor.py:768} INFO - DAG(s) dict_keys(['example_branch_datetime_operator_3', 'example_branch_datetime_operator', 'example_branch_datetime_operator_2']) retrieved from /home/rex/.local/lib/python3.8/site-packages/airflow/example_dags/example_branch_datetime_operator.py
[2022-09-24T21:04:00.942+0300] {logging_mixin.py:117} INFO - [2022-09-24T21:04:00.942+0300] {dag.py:2573} INFO - Sync 3 DAGs
[2022-09-24T21:04:00.988+0300] {logging_mixin.py:117} INFO - [2022-09-24T21:04:00.988+0300] {dag.py:3324} INFO - Setting next_dagrun for example_branch_datetime_operator to 2022-09-23T00:00:00+00:00, run_after=2022-09-24T00:00:00+00:00
[2022-09-24T21:04:01.001+0300] {logging_mixin.py:117} INFO - [2022-09-24T21:04:01.001+0300] {dag.py:3324} INFO - Setting next_dagrun for example_branch_datetime_operator_2 to 2022-09-23T00:00:00+00:00, run_after=2022-09-24T00:00:00+00:00
[2022-09-24T21:04:01.011+0300] {logging_mixin.py:117} INFO - [2022-09-24T21:04:01.011+0300] {dag.py:3324} INFO - Setting next_dagrun for example_branch_datetime_operator_3 to 2022-09-23T00:00:00+00:00, run_after=2022-09-24T00:00:00+00:00
[2022-09-24T21:04:01.418+0300] {processor.py:178} INFO - Processing /home/rex/.local/lib/python3.8/site-packages/airflow/example_dags/example_branch_datetime_operator.py took 0.645 seconds
[2022-09-24T21:05:51.606+0300] {processor.py:156} INFO - Started process (PID=4201) to work on /home/rex/.local/lib/python3.8/site-packages/airflow/example_dags/example_branch_datetime_operator.py
[2022-09-24T21:05:51.624+0300] {processor.py:758} INFO - Processing file /home/rex/.local/lib/python3.8/site-packages/airflow/example_dags/example_branch_datetime_operator.py for tasks to queue
[2022-09-24T21:05:51.626+0300] {logging_mixin.py:117} INFO - [2022-09-24T21:05:51.626+0300] {dagbag.py:525} INFO - Filling up the DagBag from /home/rex/.local/lib/python3.8/site-packages/airflow/example_dags/example_branch_datetime_operator.py
[2022-09-24T21:05:51.657+0300] {processor.py:768} INFO - DAG(s) dict_keys(['example_branch_datetime_operator', 'example_branch_datetime_operator_2', 'example_branch_datetime_operator_3']) retrieved from /home/rex/.local/lib/python3.8/site-packages/airflow/example_dags/example_branch_datetime_operator.py
[2022-09-24T21:05:51.763+0300] {logging_mixin.py:117} INFO - [2022-09-24T21:05:51.763+0300] {dag.py:2573} INFO - Sync 3 DAGs
[2022-09-24T21:05:51.804+0300] {logging_mixin.py:117} INFO - [2022-09-24T21:05:51.803+0300] {dag.py:3324} INFO - Setting next_dagrun for example_branch_datetime_operator to 2022-09-23T00:00:00+00:00, run_after=2022-09-24T00:00:00+00:00
[2022-09-24T21:05:51.813+0300] {logging_mixin.py:117} INFO - [2022-09-24T21:05:51.813+0300] {dag.py:3324} INFO - Setting next_dagrun for example_branch_datetime_operator_2 to 2022-09-23T00:00:00+00:00, run_after=2022-09-24T00:00:00+00:00
[2022-09-24T21:05:51.821+0300] {logging_mixin.py:117} INFO - [2022-09-24T21:05:51.820+0300] {dag.py:3324} INFO - Setting next_dagrun for example_branch_datetime_operator_3 to 2022-09-23T00:00:00+00:00, run_after=2022-09-24T00:00:00+00:00
[2022-09-24T21:05:52.040+0300] {processor.py:178} INFO - Processing /home/rex/.local/lib/python3.8/site-packages/airflow/example_dags/example_branch_datetime_operator.py took 0.438 seconds
[2022-09-24T21:07:06.553+0300] {processor.py:156} INFO - Started process (PID=4249) to work on /home/rex/.local/lib/python3.8/site-packages/airflow/example_dags/example_branch_datetime_operator.py
[2022-09-24T21:07:06.554+0300] {processor.py:758} INFO - Processing file /home/rex/.local/lib/python3.8/site-packages/airflow/example_dags/example_branch_datetime_operator.py for tasks to queue
[2022-09-24T21:07:06.556+0300] {logging_mixin.py:117} INFO - [2022-09-24T21:07:06.555+0300] {dagbag.py:525} INFO - Filling up the DagBag from /home/rex/.local/lib/python3.8/site-packages/airflow/example_dags/example_branch_datetime_operator.py
[2022-09-24T21:07:06.589+0300] {processor.py:768} INFO - DAG(s) dict_keys(['example_branch_datetime_operator_3', 'example_branch_datetime_operator_2', 'example_branch_datetime_operator']) retrieved from /home/rex/.local/lib/python3.8/site-packages/airflow/example_dags/example_branch_datetime_operator.py
[2022-09-24T21:07:06.662+0300] {logging_mixin.py:117} INFO - [2022-09-24T21:07:06.662+0300] {dag.py:2573} INFO - Sync 3 DAGs
[2022-09-24T21:07:06.728+0300] {logging_mixin.py:117} INFO - [2022-09-24T21:07:06.728+0300] {dag.py:3324} INFO - Setting next_dagrun for example_branch_datetime_operator to 2022-09-23T00:00:00+00:00, run_after=2022-09-24T00:00:00+00:00
[2022-09-24T21:07:06.745+0300] {logging_mixin.py:117} INFO - [2022-09-24T21:07:06.745+0300] {dag.py:3324} INFO - Setting next_dagrun for example_branch_datetime_operator_2 to 2022-09-23T00:00:00+00:00, run_after=2022-09-24T00:00:00+00:00
[2022-09-24T21:07:06.759+0300] {logging_mixin.py:117} INFO - [2022-09-24T21:07:06.759+0300] {dag.py:3324} INFO - Setting next_dagrun for example_branch_datetime_operator_3 to 2022-09-23T00:00:00+00:00, run_after=2022-09-24T00:00:00+00:00
[2022-09-24T21:07:07.226+0300] {processor.py:178} INFO - Processing /home/rex/.local/lib/python3.8/site-packages/airflow/example_dags/example_branch_datetime_operator.py took 0.677 seconds
[2022-09-24T21:27:21.325+0300] {processor.py:156} INFO - Started process (PID=4450) to work on /home/rex/.local/lib/python3.8/site-packages/airflow/example_dags/example_branch_datetime_operator.py
[2022-09-24T21:27:21.361+0300] {processor.py:758} INFO - Processing file /home/rex/.local/lib/python3.8/site-packages/airflow/example_dags/example_branch_datetime_operator.py for tasks to queue
[2022-09-24T21:27:21.363+0300] {logging_mixin.py:117} INFO - [2022-09-24T21:27:21.362+0300] {dagbag.py:525} INFO - Filling up the DagBag from /home/rex/.local/lib/python3.8/site-packages/airflow/example_dags/example_branch_datetime_operator.py
[2022-09-24T21:27:21.393+0300] {processor.py:768} INFO - DAG(s) dict_keys(['example_branch_datetime_operator_2', 'example_branch_datetime_operator_3', 'example_branch_datetime_operator']) retrieved from /home/rex/.local/lib/python3.8/site-packages/airflow/example_dags/example_branch_datetime_operator.py
[2022-09-24T21:27:21.470+0300] {logging_mixin.py:117} INFO - [2022-09-24T21:27:21.470+0300] {dag.py:2573} INFO - Sync 3 DAGs
[2022-09-24T21:27:21.516+0300] {logging_mixin.py:117} INFO - [2022-09-24T21:27:21.516+0300] {dag.py:3324} INFO - Setting next_dagrun for example_branch_datetime_operator to 2022-09-23T00:00:00+00:00, run_after=2022-09-24T00:00:00+00:00
[2022-09-24T21:27:21.526+0300] {logging_mixin.py:117} INFO - [2022-09-24T21:27:21.525+0300] {dag.py:3324} INFO - Setting next_dagrun for example_branch_datetime_operator_2 to 2022-09-23T00:00:00+00:00, run_after=2022-09-24T00:00:00+00:00
[2022-09-24T21:27:21.532+0300] {logging_mixin.py:117} INFO - [2022-09-24T21:27:21.532+0300] {dag.py:3324} INFO - Setting next_dagrun for example_branch_datetime_operator_3 to 2022-09-23T00:00:00+00:00, run_after=2022-09-24T00:00:00+00:00
[2022-09-24T21:27:21.874+0300] {processor.py:178} INFO - Processing /home/rex/.local/lib/python3.8/site-packages/airflow/example_dags/example_branch_datetime_operator.py took 0.554 seconds
