[2022-09-24T20:04:33.020+0300] {processor.py:156} INFO - Started process (PID=3590) to work on /home/rex/.local/lib/python3.8/site-packages/airflow/example_dags/example_branch_operator.py
[2022-09-24T20:04:33.021+0300] {processor.py:758} INFO - Processing file /home/rex/.local/lib/python3.8/site-packages/airflow/example_dags/example_branch_operator.py for tasks to queue
[2022-09-24T20:04:33.022+0300] {logging_mixin.py:117} INFO - [2022-09-24T20:04:33.022+0300] {dagbag.py:525} INFO - Filling up the DagBag from /home/rex/.local/lib/python3.8/site-packages/airflow/example_dags/example_branch_operator.py
[2022-09-24T20:04:33.045+0300] {processor.py:768} INFO - DAG(s) dict_keys(['example_branch_operator']) retrieved from /home/rex/.local/lib/python3.8/site-packages/airflow/example_dags/example_branch_operator.py
[2022-09-24T20:04:33.126+0300] {logging_mixin.py:117} INFO - [2022-09-24T20:04:33.126+0300] {dag.py:2573} INFO - Sync 1 DAGs
[2022-09-24T20:04:33.168+0300] {logging_mixin.py:117} INFO - [2022-09-24T20:04:33.167+0300] {dag.py:3324} INFO - Setting next_dagrun for example_branch_operator to 2022-09-23T00:00:00+00:00, run_after=2022-09-24T00:00:00+00:00
[2022-09-24T20:04:33.536+0300] {processor.py:178} INFO - Processing /home/rex/.local/lib/python3.8/site-packages/airflow/example_dags/example_branch_operator.py took 0.519 seconds
[2022-09-24T20:05:35.935+0300] {processor.py:156} INFO - Started process (PID=3650) to work on /home/rex/.local/lib/python3.8/site-packages/airflow/example_dags/example_branch_operator.py
[2022-09-24T20:05:35.937+0300] {processor.py:758} INFO - Processing file /home/rex/.local/lib/python3.8/site-packages/airflow/example_dags/example_branch_operator.py for tasks to queue
[2022-09-24T20:05:35.938+0300] {logging_mixin.py:117} INFO - [2022-09-24T20:05:35.938+0300] {dagbag.py:525} INFO - Filling up the DagBag from /home/rex/.local/lib/python3.8/site-packages/airflow/example_dags/example_branch_operator.py
[2022-09-24T20:05:35.959+0300] {processor.py:768} INFO - DAG(s) dict_keys(['example_branch_operator']) retrieved from /home/rex/.local/lib/python3.8/site-packages/airflow/example_dags/example_branch_operator.py
[2022-09-24T20:05:36.017+0300] {logging_mixin.py:117} INFO - [2022-09-24T20:05:36.017+0300] {dag.py:2573} INFO - Sync 1 DAGs
[2022-09-24T20:05:36.054+0300] {logging_mixin.py:117} INFO - [2022-09-24T20:05:36.053+0300] {dag.py:3324} INFO - Setting next_dagrun for example_branch_operator to 2022-09-23T00:00:00+00:00, run_after=2022-09-24T00:00:00+00:00
[2022-09-24T20:05:36.251+0300] {processor.py:178} INFO - Processing /home/rex/.local/lib/python3.8/site-packages/airflow/example_dags/example_branch_operator.py took 0.320 seconds
[2022-09-24T21:03:53.547+0300] {processor.py:156} INFO - Started process (PID=4101) to work on /home/rex/.local/lib/python3.8/site-packages/airflow/example_dags/example_branch_operator.py
[2022-09-24T21:03:53.566+0300] {processor.py:758} INFO - Processing file /home/rex/.local/lib/python3.8/site-packages/airflow/example_dags/example_branch_operator.py for tasks to queue
[2022-09-24T21:03:53.567+0300] {logging_mixin.py:117} INFO - [2022-09-24T21:03:53.567+0300] {dagbag.py:525} INFO - Filling up the DagBag from /home/rex/.local/lib/python3.8/site-packages/airflow/example_dags/example_branch_operator.py
[2022-09-24T21:03:53.596+0300] {processor.py:768} INFO - DAG(s) dict_keys(['example_branch_operator']) retrieved from /home/rex/.local/lib/python3.8/site-packages/airflow/example_dags/example_branch_operator.py
[2022-09-24T21:03:53.685+0300] {logging_mixin.py:117} INFO - [2022-09-24T21:03:53.684+0300] {dag.py:2573} INFO - Sync 1 DAGs
[2022-09-24T21:03:53.730+0300] {logging_mixin.py:117} INFO - [2022-09-24T21:03:53.730+0300] {dag.py:3324} INFO - Setting next_dagrun for example_branch_operator to 2022-09-23T00:00:00+00:00, run_after=2022-09-24T00:00:00+00:00
[2022-09-24T21:03:54.359+0300] {processor.py:178} INFO - Processing /home/rex/.local/lib/python3.8/site-packages/airflow/example_dags/example_branch_operator.py took 0.816 seconds
[2022-09-24T21:05:29.123+0300] {processor.py:156} INFO - Started process (PID=4185) to work on /home/rex/.local/lib/python3.8/site-packages/airflow/example_dags/example_branch_operator.py
[2022-09-24T21:05:29.151+0300] {processor.py:758} INFO - Processing file /home/rex/.local/lib/python3.8/site-packages/airflow/example_dags/example_branch_operator.py for tasks to queue
[2022-09-24T21:05:29.153+0300] {logging_mixin.py:117} INFO - [2022-09-24T21:05:29.152+0300] {dagbag.py:525} INFO - Filling up the DagBag from /home/rex/.local/lib/python3.8/site-packages/airflow/example_dags/example_branch_operator.py
[2022-09-24T21:05:29.186+0300] {processor.py:768} INFO - DAG(s) dict_keys(['example_branch_operator']) retrieved from /home/rex/.local/lib/python3.8/site-packages/airflow/example_dags/example_branch_operator.py
[2022-09-24T21:05:29.257+0300] {logging_mixin.py:117} INFO - [2022-09-24T21:05:29.257+0300] {dag.py:2573} INFO - Sync 1 DAGs
[2022-09-24T21:05:29.310+0300] {logging_mixin.py:117} INFO - [2022-09-24T21:05:29.309+0300] {dag.py:3324} INFO - Setting next_dagrun for example_branch_operator to 2022-09-23T00:00:00+00:00, run_after=2022-09-24T00:00:00+00:00
[2022-09-24T21:05:29.728+0300] {processor.py:178} INFO - Processing /home/rex/.local/lib/python3.8/site-packages/airflow/example_dags/example_branch_operator.py took 0.609 seconds
[2022-09-24T21:06:48.665+0300] {processor.py:156} INFO - Started process (PID=4238) to work on /home/rex/.local/lib/python3.8/site-packages/airflow/example_dags/example_branch_operator.py
[2022-09-24T21:06:48.670+0300] {processor.py:758} INFO - Processing file /home/rex/.local/lib/python3.8/site-packages/airflow/example_dags/example_branch_operator.py for tasks to queue
[2022-09-24T21:06:48.678+0300] {logging_mixin.py:117} INFO - [2022-09-24T21:06:48.672+0300] {dagbag.py:525} INFO - Filling up the DagBag from /home/rex/.local/lib/python3.8/site-packages/airflow/example_dags/example_branch_operator.py
[2022-09-24T21:06:48.740+0300] {processor.py:768} INFO - DAG(s) dict_keys(['example_branch_operator']) retrieved from /home/rex/.local/lib/python3.8/site-packages/airflow/example_dags/example_branch_operator.py
[2022-09-24T21:06:48.921+0300] {logging_mixin.py:117} INFO - [2022-09-24T21:06:48.921+0300] {dag.py:2573} INFO - Sync 1 DAGs
[2022-09-24T21:06:48.989+0300] {logging_mixin.py:117} INFO - [2022-09-24T21:06:48.989+0300] {dag.py:3324} INFO - Setting next_dagrun for example_branch_operator to 2022-09-23T00:00:00+00:00, run_after=2022-09-24T00:00:00+00:00
[2022-09-24T21:06:49.267+0300] {processor.py:178} INFO - Processing /home/rex/.local/lib/python3.8/site-packages/airflow/example_dags/example_branch_operator.py took 0.622 seconds
[2022-09-24T21:27:15.145+0300] {processor.py:156} INFO - Started process (PID=4445) to work on /home/rex/.local/lib/python3.8/site-packages/airflow/example_dags/example_branch_operator.py
[2022-09-24T21:27:15.172+0300] {processor.py:758} INFO - Processing file /home/rex/.local/lib/python3.8/site-packages/airflow/example_dags/example_branch_operator.py for tasks to queue
[2022-09-24T21:27:15.174+0300] {logging_mixin.py:117} INFO - [2022-09-24T21:27:15.174+0300] {dagbag.py:525} INFO - Filling up the DagBag from /home/rex/.local/lib/python3.8/site-packages/airflow/example_dags/example_branch_operator.py
[2022-09-24T21:27:15.211+0300] {processor.py:768} INFO - DAG(s) dict_keys(['example_branch_operator']) retrieved from /home/rex/.local/lib/python3.8/site-packages/airflow/example_dags/example_branch_operator.py
[2022-09-24T21:27:15.309+0300] {logging_mixin.py:117} INFO - [2022-09-24T21:27:15.309+0300] {dag.py:2573} INFO - Sync 1 DAGs
[2022-09-24T21:27:15.364+0300] {logging_mixin.py:117} INFO - [2022-09-24T21:27:15.364+0300] {dag.py:3324} INFO - Setting next_dagrun for example_branch_operator to 2022-09-23T00:00:00+00:00, run_after=2022-09-24T00:00:00+00:00
[2022-09-24T21:27:15.591+0300] {processor.py:178} INFO - Processing /home/rex/.local/lib/python3.8/site-packages/airflow/example_dags/example_branch_operator.py took 0.450 seconds
