[2022-09-24T20:04:02.596+0300] {processor.py:156} INFO - Started process (PID=3571) to work on /home/rex/.local/lib/python3.8/site-packages/airflow/example_dags/tutorial_taskflow_api_virtualenv.py
[2022-09-24T20:04:02.598+0300] {processor.py:758} INFO - Processing file /home/rex/.local/lib/python3.8/site-packages/airflow/example_dags/tutorial_taskflow_api_virtualenv.py for tasks to queue
[2022-09-24T20:04:02.599+0300] {logging_mixin.py:117} INFO - [2022-09-24T20:04:02.598+0300] {dagbag.py:525} INFO - Filling up the DagBag from /home/rex/.local/lib/python3.8/site-packages/airflow/example_dags/tutorial_taskflow_api_virtualenv.py
[2022-09-24T20:04:04.623+0300] {logging_mixin.py:117} INFO - [2022-09-24T20:04:04.623+0300] {tutorial_taskflow_api_virtualenv.py:29} WARNING - The tutorial_taskflow_api_virtualenv example DAG requires virtualenv, please install it.
[2022-09-24T20:04:04.624+0300] {processor.py:770} WARNING - No viable dags retrieved from /home/rex/.local/lib/python3.8/site-packages/airflow/example_dags/tutorial_taskflow_api_virtualenv.py
[2022-09-24T20:04:04.646+0300] {processor.py:178} INFO - Processing /home/rex/.local/lib/python3.8/site-packages/airflow/example_dags/tutorial_taskflow_api_virtualenv.py took 2.055 seconds
[2022-09-24T20:05:10.091+0300] {processor.py:156} INFO - Started process (PID=3630) to work on /home/rex/.local/lib/python3.8/site-packages/airflow/example_dags/tutorial_taskflow_api_virtualenv.py
[2022-09-24T20:05:10.092+0300] {processor.py:758} INFO - Processing file /home/rex/.local/lib/python3.8/site-packages/airflow/example_dags/tutorial_taskflow_api_virtualenv.py for tasks to queue
[2022-09-24T20:05:10.093+0300] {logging_mixin.py:117} INFO - [2022-09-24T20:05:10.093+0300] {dagbag.py:525} INFO - Filling up the DagBag from /home/rex/.local/lib/python3.8/site-packages/airflow/example_dags/tutorial_taskflow_api_virtualenv.py
[2022-09-24T20:05:10.162+0300] {logging_mixin.py:117} INFO - [2022-09-24T20:05:10.162+0300] {tutorial_taskflow_api_virtualenv.py:29} WARNING - The tutorial_taskflow_api_virtualenv example DAG requires virtualenv, please install it.
[2022-09-24T20:05:10.163+0300] {processor.py:770} WARNING - No viable dags retrieved from /home/rex/.local/lib/python3.8/site-packages/airflow/example_dags/tutorial_taskflow_api_virtualenv.py
[2022-09-24T20:05:10.188+0300] {processor.py:178} INFO - Processing /home/rex/.local/lib/python3.8/site-packages/airflow/example_dags/tutorial_taskflow_api_virtualenv.py took 0.101 seconds
[2022-09-24T20:06:36.962+0300] {processor.py:156} INFO - Started process (PID=3700) to work on /home/rex/.local/lib/python3.8/site-packages/airflow/example_dags/tutorial_taskflow_api_virtualenv.py
[2022-09-24T20:06:37.045+0300] {processor.py:758} INFO - Processing file /home/rex/.local/lib/python3.8/site-packages/airflow/example_dags/tutorial_taskflow_api_virtualenv.py for tasks to queue
[2022-09-24T20:06:37.046+0300] {logging_mixin.py:117} INFO - [2022-09-24T20:06:37.046+0300] {dagbag.py:525} INFO - Filling up the DagBag from /home/rex/.local/lib/python3.8/site-packages/airflow/example_dags/tutorial_taskflow_api_virtualenv.py
[2022-09-24T20:06:37.306+0300] {logging_mixin.py:117} INFO - [2022-09-24T20:06:37.306+0300] {tutorial_taskflow_api_virtualenv.py:29} WARNING - The tutorial_taskflow_api_virtualenv example DAG requires virtualenv, please install it.
[2022-09-24T20:06:37.307+0300] {processor.py:770} WARNING - No viable dags retrieved from /home/rex/.local/lib/python3.8/site-packages/airflow/example_dags/tutorial_taskflow_api_virtualenv.py
[2022-09-24T20:06:37.342+0300] {processor.py:178} INFO - Processing /home/rex/.local/lib/python3.8/site-packages/airflow/example_dags/tutorial_taskflow_api_virtualenv.py took 0.384 seconds
[2022-09-24T21:03:20.871+0300] {processor.py:156} INFO - Started process (PID=4083) to work on /home/rex/.local/lib/python3.8/site-packages/airflow/example_dags/tutorial_taskflow_api_virtualenv.py
[2022-09-24T21:03:20.887+0300] {processor.py:758} INFO - Processing file /home/rex/.local/lib/python3.8/site-packages/airflow/example_dags/tutorial_taskflow_api_virtualenv.py for tasks to queue
[2022-09-24T21:03:20.898+0300] {logging_mixin.py:117} INFO - [2022-09-24T21:03:20.898+0300] {dagbag.py:525} INFO - Filling up the DagBag from /home/rex/.local/lib/python3.8/site-packages/airflow/example_dags/tutorial_taskflow_api_virtualenv.py
[2022-09-24T21:03:21.977+0300] {logging_mixin.py:117} INFO - [2022-09-24T21:03:21.977+0300] {tutorial_taskflow_api_virtualenv.py:29} WARNING - The tutorial_taskflow_api_virtualenv example DAG requires virtualenv, please install it.
[2022-09-24T21:03:21.978+0300] {processor.py:770} WARNING - No viable dags retrieved from /home/rex/.local/lib/python3.8/site-packages/airflow/example_dags/tutorial_taskflow_api_virtualenv.py
[2022-09-24T21:03:22.011+0300] {processor.py:178} INFO - Processing /home/rex/.local/lib/python3.8/site-packages/airflow/example_dags/tutorial_taskflow_api_virtualenv.py took 1.145 seconds
[2022-09-24T21:04:52.968+0300] {processor.py:156} INFO - Started process (PID=4166) to work on /home/rex/.local/lib/python3.8/site-packages/airflow/example_dags/tutorial_taskflow_api_virtualenv.py
[2022-09-24T21:04:53.018+0300] {processor.py:758} INFO - Processing file /home/rex/.local/lib/python3.8/site-packages/airflow/example_dags/tutorial_taskflow_api_virtualenv.py for tasks to queue
[2022-09-24T21:04:53.020+0300] {logging_mixin.py:117} INFO - [2022-09-24T21:04:53.020+0300] {dagbag.py:525} INFO - Filling up the DagBag from /home/rex/.local/lib/python3.8/site-packages/airflow/example_dags/tutorial_taskflow_api_virtualenv.py
[2022-09-24T21:04:53.533+0300] {logging_mixin.py:117} INFO - [2022-09-24T21:04:53.532+0300] {tutorial_taskflow_api_virtualenv.py:29} WARNING - The tutorial_taskflow_api_virtualenv example DAG requires virtualenv, please install it.
[2022-09-24T21:04:53.534+0300] {processor.py:770} WARNING - No viable dags retrieved from /home/rex/.local/lib/python3.8/site-packages/airflow/example_dags/tutorial_taskflow_api_virtualenv.py
[2022-09-24T21:04:53.689+0300] {processor.py:178} INFO - Processing /home/rex/.local/lib/python3.8/site-packages/airflow/example_dags/tutorial_taskflow_api_virtualenv.py took 0.757 seconds
[2022-09-24T21:05:41.399+0300] {processor.py:156} INFO - Started process (PID=4194) to work on /home/rex/.local/lib/python3.8/site-packages/airflow/example_dags/tutorial_taskflow_api_virtualenv.py
[2022-09-24T21:05:41.401+0300] {processor.py:758} INFO - Processing file /home/rex/.local/lib/python3.8/site-packages/airflow/example_dags/tutorial_taskflow_api_virtualenv.py for tasks to queue
[2022-09-24T21:05:41.402+0300] {logging_mixin.py:117} INFO - [2022-09-24T21:05:41.402+0300] {dagbag.py:525} INFO - Filling up the DagBag from /home/rex/.local/lib/python3.8/site-packages/airflow/example_dags/tutorial_taskflow_api_virtualenv.py
[2022-09-24T21:05:41.518+0300] {logging_mixin.py:117} INFO - [2022-09-24T21:05:41.518+0300] {tutorial_taskflow_api_virtualenv.py:29} WARNING - The tutorial_taskflow_api_virtualenv example DAG requires virtualenv, please install it.
[2022-09-24T21:05:41.519+0300] {processor.py:770} WARNING - No viable dags retrieved from /home/rex/.local/lib/python3.8/site-packages/airflow/example_dags/tutorial_taskflow_api_virtualenv.py
[2022-09-24T21:05:41.543+0300] {processor.py:178} INFO - Processing /home/rex/.local/lib/python3.8/site-packages/airflow/example_dags/tutorial_taskflow_api_virtualenv.py took 0.148 seconds
[2022-09-24T21:06:25.008+0300] {processor.py:156} INFO - Started process (PID=4222) to work on /home/rex/.local/lib/python3.8/site-packages/airflow/example_dags/tutorial_taskflow_api_virtualenv.py
[2022-09-24T21:06:25.009+0300] {processor.py:758} INFO - Processing file /home/rex/.local/lib/python3.8/site-packages/airflow/example_dags/tutorial_taskflow_api_virtualenv.py for tasks to queue
[2022-09-24T21:06:25.011+0300] {logging_mixin.py:117} INFO - [2022-09-24T21:06:25.010+0300] {dagbag.py:525} INFO - Filling up the DagBag from /home/rex/.local/lib/python3.8/site-packages/airflow/example_dags/tutorial_taskflow_api_virtualenv.py
[2022-09-24T21:06:25.143+0300] {logging_mixin.py:117} INFO - [2022-09-24T21:06:25.143+0300] {tutorial_taskflow_api_virtualenv.py:29} WARNING - The tutorial_taskflow_api_virtualenv example DAG requires virtualenv, please install it.
[2022-09-24T21:06:25.144+0300] {processor.py:770} WARNING - No viable dags retrieved from /home/rex/.local/lib/python3.8/site-packages/airflow/example_dags/tutorial_taskflow_api_virtualenv.py
[2022-09-24T21:06:25.169+0300] {processor.py:178} INFO - Processing /home/rex/.local/lib/python3.8/site-packages/airflow/example_dags/tutorial_taskflow_api_virtualenv.py took 0.164 seconds
[2022-09-24T21:26:32.869+0300] {processor.py:156} INFO - Started process (PID=4426) to work on /home/rex/.local/lib/python3.8/site-packages/airflow/example_dags/tutorial_taskflow_api_virtualenv.py
[2022-09-24T21:26:32.908+0300] {processor.py:758} INFO - Processing file /home/rex/.local/lib/python3.8/site-packages/airflow/example_dags/tutorial_taskflow_api_virtualenv.py for tasks to queue
[2022-09-24T21:26:32.909+0300] {logging_mixin.py:117} INFO - [2022-09-24T21:26:32.909+0300] {dagbag.py:525} INFO - Filling up the DagBag from /home/rex/.local/lib/python3.8/site-packages/airflow/example_dags/tutorial_taskflow_api_virtualenv.py
[2022-09-24T21:26:33.047+0300] {logging_mixin.py:117} INFO - [2022-09-24T21:26:33.047+0300] {tutorial_taskflow_api_virtualenv.py:29} WARNING - The tutorial_taskflow_api_virtualenv example DAG requires virtualenv, please install it.
[2022-09-24T21:26:33.047+0300] {processor.py:770} WARNING - No viable dags retrieved from /home/rex/.local/lib/python3.8/site-packages/airflow/example_dags/tutorial_taskflow_api_virtualenv.py
[2022-09-24T21:26:33.072+0300] {processor.py:178} INFO - Processing /home/rex/.local/lib/python3.8/site-packages/airflow/example_dags/tutorial_taskflow_api_virtualenv.py took 0.208 seconds
[2022-09-24T21:29:54.903+0300] {processor.py:156} INFO - Started process (PID=4498) to work on /home/rex/.local/lib/python3.8/site-packages/airflow/example_dags/tutorial_taskflow_api_virtualenv.py
[2022-09-24T21:29:54.905+0300] {processor.py:758} INFO - Processing file /home/rex/.local/lib/python3.8/site-packages/airflow/example_dags/tutorial_taskflow_api_virtualenv.py for tasks to queue
[2022-09-24T21:29:54.907+0300] {logging_mixin.py:117} INFO - [2022-09-24T21:29:54.906+0300] {dagbag.py:525} INFO - Filling up the DagBag from /home/rex/.local/lib/python3.8/site-packages/airflow/example_dags/tutorial_taskflow_api_virtualenv.py
[2022-09-24T21:29:55.031+0300] {logging_mixin.py:117} INFO - [2022-09-24T21:29:55.030+0300] {tutorial_taskflow_api_virtualenv.py:29} WARNING - The tutorial_taskflow_api_virtualenv example DAG requires virtualenv, please install it.
[2022-09-24T21:29:55.032+0300] {processor.py:770} WARNING - No viable dags retrieved from /home/rex/.local/lib/python3.8/site-packages/airflow/example_dags/tutorial_taskflow_api_virtualenv.py
[2022-09-24T21:29:55.060+0300] {processor.py:178} INFO - Processing /home/rex/.local/lib/python3.8/site-packages/airflow/example_dags/tutorial_taskflow_api_virtualenv.py took 0.161 seconds
