[2022-09-24T20:04:26.887+0300] {processor.py:156} INFO - Started process (PID=3585) to work on /home/rex/.local/lib/python3.8/site-packages/airflow/example_dags/tutorial_taskflow_api.py
[2022-09-24T20:04:26.889+0300] {processor.py:758} INFO - Processing file /home/rex/.local/lib/python3.8/site-packages/airflow/example_dags/tutorial_taskflow_api.py for tasks to queue
[2022-09-24T20:04:26.890+0300] {logging_mixin.py:117} INFO - [2022-09-24T20:04:26.890+0300] {dagbag.py:525} INFO - Filling up the DagBag from /home/rex/.local/lib/python3.8/site-packages/airflow/example_dags/tutorial_taskflow_api.py
[2022-09-24T20:04:26.926+0300] {processor.py:768} INFO - DAG(s) dict_keys(['tutorial_taskflow_api']) retrieved from /home/rex/.local/lib/python3.8/site-packages/airflow/example_dags/tutorial_taskflow_api.py
[2022-09-24T20:04:26.988+0300] {logging_mixin.py:117} INFO - [2022-09-24T20:04:26.988+0300] {dag.py:2573} INFO - Sync 1 DAGs
[2022-09-24T20:04:27.024+0300] {logging_mixin.py:117} INFO - [2022-09-24T20:04:27.024+0300] {dag.py:3324} INFO - Setting next_dagrun for tutorial_taskflow_api to None, run_after=None
[2022-09-24T20:04:27.344+0300] {processor.py:178} INFO - Processing /home/rex/.local/lib/python3.8/site-packages/airflow/example_dags/tutorial_taskflow_api.py took 0.460 seconds
[2022-09-24T20:05:26.506+0300] {processor.py:156} INFO - Started process (PID=3643) to work on /home/rex/.local/lib/python3.8/site-packages/airflow/example_dags/tutorial_taskflow_api.py
[2022-09-24T20:05:26.508+0300] {processor.py:758} INFO - Processing file /home/rex/.local/lib/python3.8/site-packages/airflow/example_dags/tutorial_taskflow_api.py for tasks to queue
[2022-09-24T20:05:26.509+0300] {logging_mixin.py:117} INFO - [2022-09-24T20:05:26.508+0300] {dagbag.py:525} INFO - Filling up the DagBag from /home/rex/.local/lib/python3.8/site-packages/airflow/example_dags/tutorial_taskflow_api.py
[2022-09-24T20:05:26.533+0300] {processor.py:768} INFO - DAG(s) dict_keys(['tutorial_taskflow_api']) retrieved from /home/rex/.local/lib/python3.8/site-packages/airflow/example_dags/tutorial_taskflow_api.py
[2022-09-24T20:05:26.580+0300] {logging_mixin.py:117} INFO - [2022-09-24T20:05:26.579+0300] {dag.py:2573} INFO - Sync 1 DAGs
[2022-09-24T20:05:26.616+0300] {logging_mixin.py:117} INFO - [2022-09-24T20:05:26.615+0300] {dag.py:3324} INFO - Setting next_dagrun for tutorial_taskflow_api to None, run_after=None
[2022-09-24T20:05:26.821+0300] {processor.py:178} INFO - Processing /home/rex/.local/lib/python3.8/site-packages/airflow/example_dags/tutorial_taskflow_api.py took 0.320 seconds
[2022-09-24T20:07:18.676+0300] {processor.py:156} INFO - Started process (PID=3716) to work on /home/rex/.local/lib/python3.8/site-packages/airflow/example_dags/tutorial_taskflow_api.py
[2022-09-24T20:07:18.693+0300] {processor.py:758} INFO - Processing file /home/rex/.local/lib/python3.8/site-packages/airflow/example_dags/tutorial_taskflow_api.py for tasks to queue
[2022-09-24T20:07:18.695+0300] {logging_mixin.py:117} INFO - [2022-09-24T20:07:18.695+0300] {dagbag.py:525} INFO - Filling up the DagBag from /home/rex/.local/lib/python3.8/site-packages/airflow/example_dags/tutorial_taskflow_api.py
[2022-09-24T20:07:18.758+0300] {processor.py:768} INFO - DAG(s) dict_keys(['tutorial_taskflow_api']) retrieved from /home/rex/.local/lib/python3.8/site-packages/airflow/example_dags/tutorial_taskflow_api.py
[2022-09-24T20:07:18.924+0300] {logging_mixin.py:117} INFO - [2022-09-24T20:07:18.924+0300] {dag.py:2573} INFO - Sync 1 DAGs
[2022-09-24T20:07:19.107+0300] {logging_mixin.py:117} INFO - [2022-09-24T20:07:19.106+0300] {dag.py:3324} INFO - Setting next_dagrun for tutorial_taskflow_api to None, run_after=None
[2022-09-24T20:07:19.601+0300] {logging_mixin.py:117} INFO - [2022-09-24T20:07:19.601+0300] {dag.py:2573} INFO - Sync 1 DAGs
[2022-09-24T20:07:19.639+0300] {logging_mixin.py:117} INFO - [2022-09-24T20:07:19.639+0300] {dag.py:3324} INFO - Setting next_dagrun for tutorial_taskflow_api to None, run_after=None
[2022-09-24T20:07:19.845+0300] {processor.py:178} INFO - Processing /home/rex/.local/lib/python3.8/site-packages/airflow/example_dags/tutorial_taskflow_api.py took 1.176 seconds
[2022-09-24T21:03:45.340+0300] {processor.py:156} INFO - Started process (PID=4097) to work on /home/rex/.local/lib/python3.8/site-packages/airflow/example_dags/tutorial_taskflow_api.py
[2022-09-24T21:03:45.421+0300] {processor.py:758} INFO - Processing file /home/rex/.local/lib/python3.8/site-packages/airflow/example_dags/tutorial_taskflow_api.py for tasks to queue
[2022-09-24T21:03:45.422+0300] {logging_mixin.py:117} INFO - [2022-09-24T21:03:45.422+0300] {dagbag.py:525} INFO - Filling up the DagBag from /home/rex/.local/lib/python3.8/site-packages/airflow/example_dags/tutorial_taskflow_api.py
[2022-09-24T21:03:45.465+0300] {processor.py:768} INFO - DAG(s) dict_keys(['tutorial_taskflow_api']) retrieved from /home/rex/.local/lib/python3.8/site-packages/airflow/example_dags/tutorial_taskflow_api.py
[2022-09-24T21:03:45.538+0300] {logging_mixin.py:117} INFO - [2022-09-24T21:03:45.538+0300] {dag.py:2573} INFO - Sync 1 DAGs
[2022-09-24T21:03:45.581+0300] {logging_mixin.py:117} INFO - [2022-09-24T21:03:45.580+0300] {dag.py:3324} INFO - Setting next_dagrun for tutorial_taskflow_api to None, run_after=None
[2022-09-24T21:03:45.894+0300] {processor.py:178} INFO - Processing /home/rex/.local/lib/python3.8/site-packages/airflow/example_dags/tutorial_taskflow_api.py took 0.560 seconds
[2022-09-24T21:05:23.198+0300] {processor.py:156} INFO - Started process (PID=4181) to work on /home/rex/.local/lib/python3.8/site-packages/airflow/example_dags/tutorial_taskflow_api.py
[2022-09-24T21:05:23.207+0300] {processor.py:758} INFO - Processing file /home/rex/.local/lib/python3.8/site-packages/airflow/example_dags/tutorial_taskflow_api.py for tasks to queue
[2022-09-24T21:05:23.208+0300] {logging_mixin.py:117} INFO - [2022-09-24T21:05:23.208+0300] {dagbag.py:525} INFO - Filling up the DagBag from /home/rex/.local/lib/python3.8/site-packages/airflow/example_dags/tutorial_taskflow_api.py
[2022-09-24T21:05:23.240+0300] {processor.py:768} INFO - DAG(s) dict_keys(['tutorial_taskflow_api']) retrieved from /home/rex/.local/lib/python3.8/site-packages/airflow/example_dags/tutorial_taskflow_api.py
[2022-09-24T21:05:23.296+0300] {logging_mixin.py:117} INFO - [2022-09-24T21:05:23.296+0300] {dag.py:2573} INFO - Sync 1 DAGs
[2022-09-24T21:05:23.338+0300] {logging_mixin.py:117} INFO - [2022-09-24T21:05:23.338+0300] {dag.py:3324} INFO - Setting next_dagrun for tutorial_taskflow_api to None, run_after=None
[2022-09-24T21:05:23.515+0300] {processor.py:178} INFO - Processing /home/rex/.local/lib/python3.8/site-packages/airflow/example_dags/tutorial_taskflow_api.py took 0.321 seconds
[2022-09-24T21:06:41.082+0300] {processor.py:156} INFO - Started process (PID=4233) to work on /home/rex/.local/lib/python3.8/site-packages/airflow/example_dags/tutorial_taskflow_api.py
[2022-09-24T21:06:41.085+0300] {processor.py:758} INFO - Processing file /home/rex/.local/lib/python3.8/site-packages/airflow/example_dags/tutorial_taskflow_api.py for tasks to queue
[2022-09-24T21:06:41.087+0300] {logging_mixin.py:117} INFO - [2022-09-24T21:06:41.086+0300] {dagbag.py:525} INFO - Filling up the DagBag from /home/rex/.local/lib/python3.8/site-packages/airflow/example_dags/tutorial_taskflow_api.py
[2022-09-24T21:06:41.126+0300] {processor.py:768} INFO - DAG(s) dict_keys(['tutorial_taskflow_api']) retrieved from /home/rex/.local/lib/python3.8/site-packages/airflow/example_dags/tutorial_taskflow_api.py
[2022-09-24T21:06:41.296+0300] {logging_mixin.py:117} INFO - [2022-09-24T21:06:41.295+0300] {dag.py:2573} INFO - Sync 1 DAGs
[2022-09-24T21:06:41.359+0300] {logging_mixin.py:117} INFO - [2022-09-24T21:06:41.358+0300] {dag.py:3324} INFO - Setting next_dagrun for tutorial_taskflow_api to None, run_after=None
[2022-09-24T21:06:41.652+0300] {processor.py:178} INFO - Processing /home/rex/.local/lib/python3.8/site-packages/airflow/example_dags/tutorial_taskflow_api.py took 0.575 seconds
[2022-09-24T21:27:06.050+0300] {processor.py:156} INFO - Started process (PID=4440) to work on /home/rex/.local/lib/python3.8/site-packages/airflow/example_dags/tutorial_taskflow_api.py
[2022-09-24T21:27:06.062+0300] {processor.py:758} INFO - Processing file /home/rex/.local/lib/python3.8/site-packages/airflow/example_dags/tutorial_taskflow_api.py for tasks to queue
[2022-09-24T21:27:06.071+0300] {logging_mixin.py:117} INFO - [2022-09-24T21:27:06.070+0300] {dagbag.py:525} INFO - Filling up the DagBag from /home/rex/.local/lib/python3.8/site-packages/airflow/example_dags/tutorial_taskflow_api.py
[2022-09-24T21:27:06.147+0300] {processor.py:768} INFO - DAG(s) dict_keys(['tutorial_taskflow_api']) retrieved from /home/rex/.local/lib/python3.8/site-packages/airflow/example_dags/tutorial_taskflow_api.py
[2022-09-24T21:27:06.338+0300] {logging_mixin.py:117} INFO - [2022-09-24T21:27:06.337+0300] {dag.py:2573} INFO - Sync 1 DAGs
[2022-09-24T21:27:06.409+0300] {logging_mixin.py:117} INFO - [2022-09-24T21:27:06.409+0300] {dag.py:3324} INFO - Setting next_dagrun for tutorial_taskflow_api to None, run_after=None
[2022-09-24T21:27:06.664+0300] {processor.py:178} INFO - Processing /home/rex/.local/lib/python3.8/site-packages/airflow/example_dags/tutorial_taskflow_api.py took 0.620 seconds
